TN:
SF:src/pnut-ts.ts
FN:37,PNutInTypeScript
FN:62,setArgs
FN:68,run
FN:77,writeOut
FN:78,writeErr
FN:80,outputError
FN:623,errorColor
FN:628,prefixName
FN:636,runCommand
FNF:9
FNH:3
FNDA:211,PNutInTypeScript
FNDA:0,setArgs
FNDA:211,run
FNDA:0,writeOut
FNDA:0,writeErr
FNDA:0,outputError
FNDA:0,errorColor
FNDA:0,prefixName
FNDA:211,runCommand
DA:1,1
DA:2,1
DA:3,1
DA:4,1
DA:5,1
DA:6,1
DA:7,1
DA:8,1
DA:9,1
DA:10,1
DA:11,1
DA:12,1
DA:13,1
DA:14,1
DA:15,1
DA:16,1
DA:17,1
DA:18,1
DA:19,1
DA:20,1
DA:21,1
DA:22,1
DA:23,1
DA:24,1
DA:25,1
DA:26,1
DA:27,1
DA:28,1
DA:29,1
DA:30,1
DA:31,1
DA:32,1
DA:33,1
DA:34,1
DA:35,1
DA:36,1
DA:37,1
DA:38,211
DA:39,211
DA:40,208
DA:41,208
DA:42,208
DA:43,211
DA:44,0
DA:45,0
DA:46,211
DA:47,211
DA:48,211
DA:49,0
DA:50,0
DA:51,211
DA:52,211
DA:53,0
DA:54,211
DA:55,211
DA:56,211
DA:57,0
DA:58,211
DA:59,211
DA:60,211
DA:61,1
DA:62,1
DA:63,0
DA:64,0
DA:65,0
DA:66,0
DA:67,1
DA:68,1
DA:69,211
DA:70,211
DA:71,0
DA:72,0
DA:73,211
DA:74,211
DA:75,211
DA:76,211
DA:77,211
DA:78,211
DA:79,211
DA:80,211
DA:81,211
DA:82,211
DA:83,211
DA:84,211
DA:85,211
DA:86,211
DA:87,211
DA:88,211
DA:89,211
DA:90,211
DA:91,211
DA:92,211
DA:93,211
DA:94,211
DA:95,211
DA:96,211
DA:97,211
DA:98,211
DA:99,211
DA:100,211
DA:101,211
DA:102,211
DA:103,211
DA:104,211
DA:105,211
DA:106,211
DA:107,211
DA:108,211
DA:109,211
DA:110,211
DA:111,211
DA:112,211
DA:113,211
DA:114,211
DA:115,211
DA:116,211
DA:117,211
DA:118,211
DA:119,211
DA:120,211
DA:121,211
DA:122,211
DA:123,211
DA:124,211
DA:125,211
DA:126,211
DA:127,211
DA:128,211
DA:129,211
DA:130,211
DA:131,211
DA:132,211
DA:133,211
DA:134,211
DA:135,211
DA:136,211
DA:137,211
DA:138,211
DA:139,211
DA:140,211
DA:141,211
DA:142,211
DA:143,211
DA:144,211
DA:145,211
DA:146,211
DA:147,211
DA:148,211
DA:149,211
DA:150,211
DA:151,211
DA:152,211
DA:153,211
DA:154,211
DA:155,0
DA:156,0
DA:157,211
DA:158,211
DA:159,211
DA:160,211
DA:161,211
DA:162,211
DA:163,211
DA:164,211
DA:165,211
DA:166,211
DA:167,211
DA:168,211
DA:169,211
DA:170,211
DA:171,211
DA:172,211
DA:173,0
DA:174,0
DA:175,0
DA:176,0
DA:177,0
DA:178,0
DA:179,0
DA:180,0
DA:181,0
DA:182,0
DA:183,0
DA:184,0
DA:185,0
DA:186,0
DA:187,0
DA:188,0
DA:189,0
DA:190,0
DA:191,0
DA:192,0
DA:193,0
DA:194,0
DA:195,0
DA:196,0
DA:197,0
DA:198,0
DA:199,211
DA:200,211
DA:201,0
DA:202,0
DA:203,211
DA:204,211
DA:205,211
DA:206,211
DA:207,211
DA:208,211
DA:209,211
DA:210,211
DA:211,211
DA:212,211
DA:213,211
DA:214,211
DA:215,211
DA:216,211
DA:217,211
DA:218,211
DA:219,211
DA:220,211
DA:221,0
DA:222,0
DA:223,211
DA:224,211
DA:225,211
DA:226,211
DA:227,211
DA:228,211
DA:229,211
DA:230,211
DA:231,5
DA:232,5
DA:233,211
DA:234,5
DA:235,5
DA:236,211
DA:237,1
DA:238,1
DA:239,211
DA:240,201
DA:241,201
DA:242,211
DA:243,0
DA:244,0
DA:245,211
DA:246,211
DA:247,211
DA:248,211
DA:249,211
DA:250,211
DA:251,0
DA:252,0
DA:253,0
DA:254,211
DA:255,211
DA:256,211
DA:257,211
DA:258,211
DA:259,211
DA:260,211
DA:261,196
DA:262,196
DA:263,211
DA:264,211
DA:265,211
DA:266,211
DA:267,211
DA:268,211
DA:269,211
DA:270,211
DA:271,211
DA:272,211
DA:273,211
DA:274,211
DA:275,211
DA:276,211
DA:277,211
DA:278,211
DA:279,211
DA:280,211
DA:281,211
DA:282,211
DA:283,0
DA:284,0
DA:285,0
DA:286,0
DA:287,0
DA:288,211
DA:289,211
DA:290,211
DA:291,211
DA:292,3
DA:293,211
DA:294,208
DA:295,208
DA:296,211
DA:297,211
DA:298,211
DA:299,211
DA:300,211
DA:301,208
DA:302,208
DA:303,208
DA:304,0
DA:305,0
DA:306,208
DA:307,208
DA:308,211
DA:309,211
DA:310,3
DA:311,3
DA:312,6
DA:313,0
DA:314,0
DA:315,0
DA:316,0
DA:317,0
DA:318,0
DA:319,0
DA:320,0
DA:321,6
DA:322,3
DA:323,0
DA:324,0
DA:325,3
DA:326,211
DA:327,211
DA:328,211
DA:329,211
DA:330,211
DA:331,211
DA:332,211
DA:333,211
DA:334,208
DA:335,208
DA:336,208
DA:337,208
DA:338,208
DA:339,203
DA:340,203
DA:341,203
DA:342,208
DA:343,0
DA:344,0
DA:345,0
DA:346,208
DA:347,5
DA:348,5
DA:349,5
DA:350,208
DA:351,0
DA:352,0
DA:353,0
DA:354,208
DA:355,211
DA:356,211
DA:357,0
DA:358,0
DA:359,0
DA:360,0
DA:361,0
DA:362,0
DA:363,0
DA:364,0
DA:365,0
DA:366,0
DA:367,0
DA:368,0
DA:369,0
DA:370,0
DA:371,0
DA:372,0
DA:373,0
DA:374,0
DA:375,0
DA:376,0
DA:377,0
DA:378,0
DA:379,0
DA:380,0
DA:381,0
DA:382,0
DA:383,0
DA:384,0
DA:385,0
DA:386,0
DA:387,0
DA:388,0
DA:389,0
DA:390,0
DA:391,0
DA:392,211
DA:393,211
DA:394,1
DA:395,1
DA:396,1
DA:397,1
DA:398,1
DA:399,1
DA:400,1
DA:401,1
DA:402,1
DA:403,0
DA:404,0
DA:405,0
DA:406,1
DA:407,0
DA:408,0
DA:409,0
DA:410,1
DA:411,211
DA:412,211
DA:413,0
DA:414,0
DA:415,0
DA:416,0
DA:417,0
DA:418,211
DA:419,211
DA:420,211
DA:421,211
DA:422,211
DA:423,211
DA:424,211
DA:425,211
DA:426,211
DA:427,211
DA:428,43
DA:429,43
DA:430,43
DA:431,43
DA:432,211
DA:433,211
DA:434,211
DA:435,211
DA:436,211
DA:437,211
DA:438,211
DA:439,211
DA:440,211
DA:441,211
DA:442,211
DA:443,211
DA:444,211
DA:445,211
DA:446,211
DA:447,211
DA:448,211
DA:449,211
DA:450,211
DA:451,211
DA:452,211
DA:453,211
DA:454,211
DA:455,211
DA:456,3
DA:457,3
DA:458,3
DA:459,211
DA:460,208
DA:461,208
DA:462,208
DA:463,211
DA:464,211
DA:465,211
DA:466,211
DA:467,1
DA:468,1
DA:469,1
DA:470,1
DA:471,1
DA:472,1
DA:473,1
DA:474,1
DA:475,1
DA:476,211
DA:477,211
DA:478,2
DA:479,2
DA:480,2
DA:481,2
DA:482,2
DA:483,2
DA:484,2
DA:485,211
DA:486,211
DA:487,1
DA:488,1
DA:489,1
DA:490,1
DA:491,1
DA:492,1
DA:493,1
DA:494,211
DA:495,211
DA:496,211
DA:497,0
DA:498,0
DA:499,0
DA:500,211
DA:501,211
DA:502,208
DA:503,208
DA:504,208
DA:505,208
DA:506,208
DA:507,0
DA:508,0
DA:509,0
DA:510,0
DA:511,0
DA:512,0
DA:513,0
DA:514,0
DA:515,0
DA:516,208
DA:517,0
DA:518,0
DA:519,208
DA:520,208
DA:521,208
DA:522,208
DA:523,208
DA:524,208
DA:525,208
DA:526,208
DA:527,208
DA:528,208
DA:529,208
DA:530,208
DA:531,208
DA:532,208
DA:533,201
DA:534,201
DA:535,208
DA:536,0
DA:537,0
DA:538,208
DA:539,196
DA:540,196
DA:541,196
DA:542,208
DA:543,211
DA:544,3
DA:545,0
DA:546,0
DA:547,0
DA:548,0
DA:549,0
DA:550,0
DA:551,0
DA:552,0
DA:553,3
DA:554,211
DA:555,211
DA:556,211
DA:557,211
DA:558,211
DA:559,211
DA:560,211
DA:561,1
DA:562,1
DA:563,211
DA:564,211
DA:565,211
DA:566,211
DA:567,211
DA:568,211
DA:569,211
DA:570,211
DA:571,211
DA:572,211
DA:573,211
DA:574,211
DA:575,211
DA:576,211
DA:577,211
DA:578,0
DA:579,0
DA:580,0
DA:581,0
DA:582,0
DA:583,0
DA:584,0
DA:585,0
DA:586,0
DA:587,0
DA:588,0
DA:589,0
DA:590,0
DA:591,211
DA:592,211
DA:593,211
DA:594,208
DA:595,208
DA:596,207
DA:597,207
DA:598,207
DA:599,207
DA:600,0
DA:601,0
DA:602,0
DA:603,0
DA:604,207
DA:605,208
DA:606,211
DA:607,211
DA:608,211
DA:609,211
DA:610,0
DA:611,211
DA:612,211
DA:613,211
DA:614,211
DA:615,211
DA:616,211
DA:617,1
DA:618,1
DA:619,1
DA:620,1
DA:621,1
DA:622,1
DA:623,1
DA:624,0
DA:625,0
DA:626,0
DA:627,1
DA:628,1
DA:629,0
DA:630,0
DA:631,0
DA:632,0
DA:633,0
DA:634,0
DA:635,1
DA:636,1
DA:637,211
DA:638,211
DA:639,211
DA:640,211
DA:641,0
DA:642,0
DA:643,211
DA:644,0
DA:645,0
DA:646,211
DA:647,211
DA:648,211
DA:649,0
DA:650,0
DA:651,0
DA:652,0
DA:653,0
DA:654,0
DA:655,0
DA:656,0
DA:657,211
DA:658,211
DA:659,1
DA:660,1
DA:661,1
DA:662,1
DA:663,1
DA:664,1
DA:665,1
DA:666,1
DA:667,1
LF:667
LH:486
BRDA:37,0,0,211
BRDA:39,1,0,208
BRDA:68,2,0,211
BRDA:70,3,0,0
BRDA:154,4,0,0
BRDA:154,5,0,0
BRDA:157,6,0,3
BRDA:157,7,0,208
BRDA:172,8,0,0
BRDA:200,9,0,0
BRDA:220,10,0,0
BRDA:230,11,0,5
BRDA:233,12,0,5
BRDA:236,13,0,1
BRDA:239,14,0,201
BRDA:242,15,0,0
BRDA:250,16,0,0
BRDA:260,17,0,196
BRDA:282,18,0,0
BRDA:291,19,0,3
BRDA:293,20,0,208
BRDA:300,21,0,208
BRDA:303,22,0,0
BRDA:309,23,0,3
BRDA:311,24,0,6
BRDA:312,25,0,0
BRDA:322,26,0,0
BRDA:333,27,0,208
BRDA:338,28,0,203
BRDA:342,29,0,0
BRDA:346,30,0,5
BRDA:350,31,0,0
BRDA:356,32,0,0
BRDA:393,33,0,1
BRDA:402,34,0,0
BRDA:406,35,0,0
BRDA:412,36,0,0
BRDA:427,37,0,43
BRDA:455,38,0,3
BRDA:459,39,0,208
BRDA:466,40,0,1
BRDA:477,41,0,2
BRDA:486,42,0,1
BRDA:496,43,0,208
BRDA:496,44,0,0
BRDA:501,45,0,208
BRDA:501,46,0,208
BRDA:506,47,0,0
BRDA:516,48,0,0
BRDA:532,49,0,201
BRDA:535,50,0,0
BRDA:538,51,0,196
BRDA:543,52,0,3
BRDA:544,53,0,0
BRDA:560,54,0,1
BRDA:577,55,0,0
BRDA:593,56,0,208
BRDA:593,57,0,208
BRDA:595,58,0,207
BRDA:599,59,0,0
BRDA:609,60,0,0
BRDA:89,61,0,211
BRDA:636,62,0,211
BRDA:637,63,0,211
BRDA:648,64,0,0
BRDA:639,65,0,211
BRDA:640,66,0,0
BRDA:643,67,0,0
BRF:68
BRH:39
end_of_record
TN:
SF:src/classes/blockStack.ts
FN:18,BlockNestLevel
FN:26,get type
FN:30,setType
FN:34,setValue
FN:42,value
FN:52,logMessage
FN:65,BlockStack
FN:69,reset
FN:74,get topIndex
FN:78,get isEmpty
FN:82,get topNestLevel
FN:87,add
FN:94,remove
FN:102,overrideType
FN:110,write
FN:118,read
FN:128,readAtLevel
FN:139,typeAtLevel
FN:150,enableLogging
FN:155,nestLevelAt
FN:165,logMessage
FNF:21
FNH:19
FNDA:5190,BlockNestLevel
FNDA:38287,get type
FNDA:538,setType
FNDA:36883,setValue
FNDA:27346,value
FNDA:0,logMessage
FNDA:207,BlockStack
FNDA:580,reset
FNDA:18034,get topIndex
FNDA:0,get isEmpty
FNDA:57651,get topNestLevel
FNDA:5190,add
FNDA:5190,remove
FNDA:538,overrideType
FNDA:36883,write
FNDA:20230,read
FNDA:7116,readAtLevel
FNDA:38287,typeAtLevel
FNDA:207,enableLogging
FNDA:45403,nestLevelAt
FNDA:10960,logMessage
DA:1,1
DA:2,1
DA:3,1
DA:4,1
DA:5,1
DA:6,1
DA:7,1
DA:8,1
DA:9,1
DA:10,1
DA:11,1
DA:12,1
DA:13,1
DA:14,1
DA:15,1
DA:16,1
DA:17,1
DA:18,1
DA:19,5190
DA:20,5190
DA:21,5190
DA:22,5190
DA:23,5190
DA:24,5190
DA:25,1
DA:26,1
DA:27,38287
DA:28,38287
DA:29,1
DA:30,1
DA:31,538
DA:32,538
DA:33,1
DA:34,1
DA:35,36883
DA:36,36883
DA:37,36883
DA:38,0
DA:39,0
DA:40,36883
DA:41,1
DA:42,1
DA:43,27346
DA:44,27346
DA:45,27346
DA:46,27346
DA:47,0
DA:48,0
DA:49,27346
DA:50,27346
DA:51,1
DA:52,1
DA:53,0
DA:54,0
DA:55,0
DA:56,0
DA:57,1
DA:58,1
DA:59,1
DA:60,1
DA:61,1
DA:62,1
DA:63,1
DA:64,1
DA:65,1
DA:66,207
DA:67,207
DA:68,1
DA:69,1
DA:70,580
DA:71,580
DA:72,580
DA:73,1
DA:74,1
DA:75,18034
DA:76,18034
DA:77,1
DA:78,1
DA:79,0
DA:80,0
DA:81,1
DA:82,1
DA:83,57651
DA:84,57651
DA:85,57651
DA:86,1
DA:87,1
DA:88,5190
DA:89,5190
DA:90,5190
DA:91,5190
DA:92,5190
DA:93,1
DA:94,1
DA:95,5190
DA:96,5190
DA:97,5190
DA:98,5190
DA:99,5190
DA:100,5190
DA:101,1
DA:102,1
DA:103,538
DA:104,538
DA:105,538
DA:106,0
DA:107,0
DA:108,538
DA:109,1
DA:110,1
DA:111,36883
DA:112,36883
DA:113,36883
DA:114,0
DA:115,0
DA:116,36883
DA:117,1
DA:118,1
DA:119,20230
DA:120,20230
DA:121,20230
DA:122,20230
DA:123,0
DA:124,0
DA:125,20230
DA:126,20230
DA:127,1
DA:128,1
DA:129,7116
DA:130,7116
DA:131,7116
DA:132,7116
DA:133,7116
DA:134,7116
DA:135,7116
DA:136,7116
DA:137,7116
DA:138,1
DA:139,1
DA:140,38287
DA:141,38287
DA:142,38287
DA:143,38287
DA:144,38287
DA:145,38287
DA:146,38287
DA:147,38287
DA:148,38287
DA:149,1
DA:150,1
DA:151,207
DA:152,207
DA:153,207
DA:154,1
DA:155,1
DA:156,45403
DA:157,45403
DA:158,45403
DA:159,45403
DA:160,0
DA:161,0
DA:162,45403
DA:163,45403
DA:164,1
DA:165,1
DA:166,10960
DA:167,0
DA:168,0
DA:169,10960
DA:170,1
LF:170
LH:150
BRDA:18,0,0,5190
BRDA:26,1,0,38287
BRDA:30,2,0,538
BRDA:34,3,0,36883
BRDA:37,4,0,0
BRDA:42,5,0,27346
BRDA:46,6,0,0
BRDA:65,7,0,207
BRDA:69,8,0,580
BRDA:74,9,0,18034
BRDA:75,10,0,0
BRDA:82,11,0,57651
BRDA:87,12,0,5190
BRDA:94,13,0,5190
BRDA:102,14,0,538
BRDA:105,15,0,0
BRDA:110,16,0,36883
BRDA:113,17,0,0
BRDA:118,18,0,20230
BRDA:122,19,0,0
BRDA:128,20,0,7116
BRDA:139,21,0,38287
BRDA:150,22,0,207
BRDA:155,23,0,45403
BRDA:159,24,0,0
BRDA:165,25,0,10960
BRDA:166,26,0,0
BRF:27
BRH:19
end_of_record
TN:
SF:src/classes/childObjectsImage.ts
FN:33,ChildObjectsImage
FN:40,ensureCapacity
FN:58,refreshLogging
FN:63,ensureFits
FN:75,get rawUint8Array
FN:79,get id
FN:83,clear
FN:88,getContentHash
FN:113,compareChildImages
FN:135,get objectFileCount
FN:139,get objectFileRanges
FN:143,isChildPresent
FN:166,findDuplicateChild
FN:197,checksum
FN:207,recordLengthOffsetForFile
FN:219,recordLengthOffsetForFilename
FN:235,getOffsetAndLengthForFile
FN:248,getOffsetAndLengthForFilename
FN:261,setOffset
FN:271,get offset
FN:275,readSymbolName
FN:287,nextLong
FN:298,nextWord
FN:307,peekWord
FN:316,nextByte
FN:324,nextBytes
FN:332,writeByte
FN:338,dumpBytes
FN:350,logMessage
FN:356,logMessageOutline
FNF:30
FNH:26
FNDA:629,ChildObjectsImage
FNDA:432,ensureCapacity
FNDA:828,refreshLogging
FNDA:344,ensureFits
FNDA:483,get rawUint8Array
FNDA:18,get id
FNDA:49,clear
FNDA:327,getContentHash
FNDA:39,compareChildImages
FNDA:953,get objectFileCount
FNDA:240,get objectFileRanges
FNDA:0,isChildPresent
FNDA:288,findDuplicateChild
FNDA:88,checksum
FNDA:338,recordLengthOffsetForFile
FNDA:6,recordLengthOffsetForFilename
FNDA:347,getOffsetAndLengthForFile
FNDA:12,getOffsetAndLengthForFilename
FNDA:731,setOffset
FNDA:624,get offset
FNDA:224,readSymbolName
FNDA:685,nextLong
FNDA:0,nextWord
FNDA:6,peekWord
FNDA:6454,nextByte
FNDA:6,nextBytes
FNDA:0,writeByte
FNDA:0,dumpBytes
FNDA:8885,logMessage
FNDA:288,logMessageOutline
DA:1,1
DA:2,1
DA:3,1
DA:4,1
DA:5,1
DA:6,1
DA:7,1
DA:8,1
DA:9,1
DA:10,1
DA:11,1
DA:12,1
DA:13,1
DA:14,1
DA:15,1
DA:16,1
DA:17,1
DA:18,1
DA:19,1
DA:20,1
DA:21,1
DA:22,1
DA:23,1
DA:24,1
DA:25,1
DA:26,1
DA:27,1
DA:28,1
DA:29,1
DA:30,1
DA:31,1
DA:32,1
DA:33,1
DA:34,629
DA:35,629
DA:36,629
DA:37,629
DA:38,629
DA:39,1
DA:40,1
DA:41,432
DA:42,0
DA:43,0
DA:44,0
DA:45,0
DA:46,0
DA:47,0
DA:48,0
DA:49,0
DA:50,0
DA:51,0
DA:52,432
DA:53,0
DA:54,0
DA:55,0
DA:56,432
DA:57,1
DA:58,1
DA:59,828
DA:60,828
DA:61,828
DA:62,1
DA:63,1
DA:64,344
DA:65,344
DA:66,344
DA:67,0
DA:68,0
DA:69,0
DA:70,0
DA:71,0
DA:72,0
DA:73,344
DA:74,1
DA:75,1
DA:76,483
DA:77,483
DA:78,1
DA:79,1
DA:80,18
DA:81,18
DA:82,1
DA:83,1
DA:84,49
DA:85,49
DA:86,49
DA:87,1
DA:88,1
DA:89,327
DA:90,327
DA:91,327
DA:92,327
DA:93,327
DA:94,327
DA:95,327
DA:96,327
DA:97,327
DA:98,10015
DA:99,10015
DA:100,327
DA:101,327
DA:102,327
DA:103,327
DA:104,327
DA:105,243
DA:106,7776
DA:107,7776
DA:108,243
DA:109,327
DA:110,327
DA:111,327
DA:112,1
DA:113,1
DA:114,39
DA:115,39
DA:116,0
DA:117,0
DA:118,39
DA:119,39
DA:120,39
DA:121,39
DA:122,39
DA:123,0
DA:124,0
DA:125,0
DA:126,0
DA:127,0
DA:128,0
DA:129,0
DA:130,39
DA:131,39
DA:132,39
DA:133,39
DA:134,1
DA:135,1
DA:136,953
DA:137,953
DA:138,1
DA:139,1
DA:140,240
DA:141,240
DA:142,1
DA:143,1
DA:144,0
DA:145,0
DA:146,0
DA:147,0
DA:148,0
DA:149,0
DA:150,0
DA:151,0
DA:152,0
DA:153,0
DA:154,0
DA:155,0
DA:156,0
DA:157,0
DA:158,0
DA:159,0
DA:160,0
DA:161,0
DA:162,0
DA:163,0
DA:164,0
DA:165,1
DA:166,1
DA:167,288
DA:168,288
DA:169,288
DA:170,288
DA:171,288
DA:172,39
DA:173,39
DA:174,42
DA:175,42
DA:176,39
DA:177,39
DA:178,39
DA:179,39
DA:180,39
DA:181,39
DA:182,39
DA:183,38
DA:184,38
DA:185,38
DA:186,39
DA:187,39
DA:188,42
DA:189,1
DA:190,250
DA:191,250
DA:192,250
DA:193,250
DA:194,250
DA:195,250
DA:196,1
DA:197,1
DA:198,88
DA:199,88
DA:200,88
DA:201,8123
DA:202,8123
DA:203,88
DA:204,88
DA:205,88
DA:206,1
DA:207,1
DA:208,338
DA:209,338
DA:210,338
DA:211,338
DA:212,338
DA:213,338
DA:214,338
DA:215,0
DA:216,0
DA:217,338
DA:218,1
DA:219,1
DA:220,6
DA:221,6
DA:222,6
DA:223,6
DA:224,6
DA:225,10
DA:226,10
DA:227,0
DA:228,0
DA:229,10
DA:230,6
DA:231,6
DA:232,6
DA:233,6
DA:234,1
DA:235,1
DA:236,347
DA:237,347
DA:238,347
DA:239,347
DA:240,347
DA:241,347
DA:242,0
DA:243,0
DA:244,0
DA:245,347
DA:246,347
DA:247,1
DA:248,1
DA:249,12
DA:250,12
DA:251,12
DA:252,52
DA:253,52
DA:254,12
DA:255,12
DA:256,12
DA:257,52
DA:258,12
DA:259,12
DA:260,1
DA:261,1
DA:262,731
DA:263,731
DA:264,731
DA:265,731
DA:266,731
DA:267,0
DA:268,0
DA:269,731
DA:270,1
DA:271,1
DA:272,624
DA:273,624
DA:274,1
DA:275,1
DA:276,224
DA:277,224
DA:278,224
DA:279,224
DA:280,1384
DA:281,1384
DA:282,1384
DA:283,224
DA:284,224
DA:285,224
DA:286,1
DA:287,1
DA:288,685
DA:289,685
DA:290,685
DA:291,685
DA:292,685
DA:293,685
DA:294,685
DA:295,685
DA:296,685
DA:297,1
DA:298,1
DA:299,0
DA:300,0
DA:301,0
DA:302,0
DA:303,0
DA:304,0
DA:305,0
DA:306,1
DA:307,1
DA:308,6
DA:309,6
DA:310,6
DA:311,6
DA:312,6
DA:313,6
DA:314,6
DA:315,1
DA:316,1
DA:317,6454
DA:318,6454
DA:319,6454
DA:320,6454
DA:321,6454
DA:322,6454
DA:323,1
DA:324,1
DA:325,6
DA:326,6
DA:327,6
DA:328,6
DA:329,6
DA:330,6
DA:331,1
DA:332,1
DA:333,0
DA:334,0
DA:335,0
DA:336,0
DA:337,1
DA:338,1
DA:339,0
DA:340,0
DA:341,0
DA:342,0
DA:343,0
DA:344,0
DA:345,0
DA:346,0
DA:347,0
DA:348,0
DA:349,1
DA:350,1
DA:351,8885
DA:352,0
DA:353,0
DA:354,8885
DA:355,1
DA:356,1
DA:357,288
DA:358,0
DA:359,0
DA:360,288
DA:361,1
LF:361
LH:278
BRDA:33,0,0,629
BRDA:40,1,0,432
BRDA:41,2,0,0
BRDA:41,3,0,0
BRDA:52,4,0,0
BRDA:58,5,0,828
BRDA:63,6,0,344
BRDA:66,7,0,0
BRDA:75,8,0,483
BRDA:79,9,0,18
BRDA:83,10,0,49
BRDA:88,11,0,327
BRDA:97,12,0,10015
BRDA:104,13,0,243
BRDA:105,14,0,7776
BRDA:113,15,0,39
BRDA:115,16,0,0
BRDA:122,17,0,0
BRDA:132,18,0,1986
BRDA:135,19,0,953
BRDA:139,20,0,240
BRDA:166,21,0,288
BRDA:171,22,0,39
BRDA:173,23,0,42
BRDA:175,24,0,39
BRDA:182,25,0,38
BRDA:189,26,0,1
BRDA:190,27,0,250
BRDA:197,28,0,88
BRDA:200,29,0,8123
BRDA:207,30,0,338
BRDA:214,31,0,0
BRDA:219,32,0,6
BRDA:224,33,0,10
BRDA:226,34,0,0
BRDA:235,35,0,347
BRDA:241,36,0,0
BRDA:248,37,0,12
BRDA:251,38,0,52
BRDA:253,39,0,12
BRDA:261,40,0,731
BRDA:266,41,0,0
BRDA:271,42,0,624
BRDA:275,43,0,224
BRDA:279,44,0,1384
BRDA:287,45,0,685
BRDA:307,46,0,6
BRDA:316,47,0,6454
BRDA:324,48,0,6
BRDA:350,49,0,8885
BRDA:351,50,0,0
BRDA:356,51,0,288
BRDA:357,52,0,0
BRF:53
BRH:41
end_of_record
TN:
SF:src/classes/compiler.ts
FN:56,Compiler
FN:76,resetMemoryStats
FN:88,getEarlyDeduplicationSavings
FN:92,Compile
FN:161,compileRecursively
FN:355,uniqueObjectName
FN:369,logMessage
FN:375,logMessageOutline
FN:381,validateIndexMapping
FN:412,logDuplicationStats
FN:445,buildObjInstanceInfo
FNF:11
FNH:9
FNDA:207,Compiler
FNDA:207,resetMemoryStats
FNDA:0,getEarlyDeduplicationSavings
FNDA:207,Compile
FNDA:295,compileRecursively
FNDA:0,uniqueObjectName
FNDA:500,logMessage
FNDA:3162,logMessageOutline
FNDA:200,validateIndexMapping
FNDA:200,logDuplicationStats
FNDA:200,buildObjInstanceInfo
DA:1,1
DA:2,1
DA:3,1
DA:4,1
DA:5,1
DA:6,1
DA:7,1
DA:8,1
DA:9,1
DA:10,1
DA:11,1
DA:12,1
DA:13,1
DA:14,1
DA:15,1
DA:16,1
DA:17,1
DA:18,1
DA:19,1
DA:20,1
DA:21,1
DA:22,1
DA:23,1
DA:24,1
DA:25,1
DA:26,1
DA:27,1
DA:28,1
DA:29,1
DA:30,1
DA:31,1
DA:32,1
DA:33,1
DA:34,1
DA:35,1
DA:36,1
DA:37,1
DA:38,1
DA:39,1
DA:40,1
DA:41,1
DA:42,1
DA:43,1
DA:44,1
DA:45,1
DA:46,1
DA:47,1
DA:48,1
DA:49,1
DA:50,1
DA:51,1
DA:52,1
DA:53,1
DA:54,1
DA:55,1
DA:56,1
DA:57,207
DA:58,207
DA:59,207
DA:60,207
DA:61,207
DA:62,207
DA:63,207
DA:64,207
DA:65,207
DA:66,207
DA:67,207
DA:68,207
DA:69,207
DA:70,207
DA:71,207
DA:72,207
DA:73,207
DA:74,207
DA:75,1
DA:76,1
DA:77,207
DA:78,207
DA:79,207
DA:80,207
DA:81,207
DA:82,207
DA:83,207
DA:84,207
DA:85,207
DA:86,207
DA:87,1
DA:88,1
DA:89,0
DA:90,0
DA:91,1
DA:92,1
DA:93,207
DA:94,207
DA:95,207
DA:96,207
DA:97,207
DA:98,207
DA:99,0
DA:100,0
DA:101,0
DA:102,207
DA:103,207
DA:104,207
DA:105,0
DA:106,0
DA:107,0
DA:108,207
DA:109,207
DA:110,207
DA:111,207
DA:112,207
DA:113,207
DA:114,207
DA:115,207
DA:116,207
DA:117,207
DA:118,207
DA:119,207
DA:120,200
DA:121,200
DA:122,200
DA:123,200
DA:124,200
DA:125,200
DA:126,200
DA:127,200
DA:128,200
DA:129,200
DA:130,200
DA:131,200
DA:132,200
DA:133,200
DA:134,200
DA:135,207
DA:136,207
DA:137,207
DA:138,7
DA:139,7
DA:140,7
DA:141,7
DA:142,7
DA:143,7
DA:144,7
DA:145,7
DA:146,7
DA:147,7
DA:148,7
DA:149,7
DA:150,7
DA:151,7
DA:152,7
DA:153,0
DA:154,0
DA:155,0
DA:156,7
DA:157,207
DA:158,207
DA:159,1
DA:160,1
DA:161,1
DA:162,295
DA:163,295
DA:164,295
DA:165,0
DA:166,0
DA:167,295
DA:168,295
DA:169,295
DA:170,295
DA:171,295
DA:172,295
DA:173,295
DA:174,295
DA:175,295
DA:176,295
DA:177,295
DA:178,293
DA:179,293
DA:180,293
DA:181,293
DA:182,293
DA:183,293
DA:184,293
DA:185,293
DA:186,293
DA:187,293
DA:188,0
DA:189,0
DA:190,293
DA:191,49
DA:192,49
DA:193,49
DA:194,88
DA:195,88
DA:196,88
DA:197,88
DA:198,88
DA:199,47
DA:200,47
DA:201,47
DA:202,47
DA:203,88
DA:204,88
DA:205,88
DA:206,88
DA:207,88
DA:208,88
DA:209,88
DA:210,49
DA:211,293
DA:212,293
DA:213,293
DA:214,293
DA:215,293
DA:216,293
DA:217,293
DA:218,293
DA:219,293
DA:220,49
DA:221,49
DA:222,49
DA:223,49
DA:224,88
DA:225,88
DA:226,88
DA:227,88
DA:228,0
DA:229,0
DA:230,88
DA:231,88
DA:232,88
DA:233,88
DA:234,88
DA:235,88
DA:236,88
DA:237,88
DA:238,88
DA:239,88
DA:240,88
DA:241,88
DA:242,88
DA:243,88
DA:244,88
DA:245,88
DA:246,88
DA:247,88
DA:248,88
DA:249,0
DA:250,0
DA:251,0
DA:252,0
DA:253,0
DA:254,0
DA:255,0
DA:256,88
DA:257,49
DA:258,293
DA:259,293
DA:260,293
DA:261,293
DA:262,2
DA:263,2
DA:264,2
DA:265,2
DA:266,6
DA:267,6
DA:268,6
DA:269,6
DA:270,6
DA:271,6
DA:272,6
DA:273,6
DA:274,6
DA:275,6
DA:276,6
DA:277,6
DA:278,6
DA:279,6
DA:280,6
DA:281,6
DA:282,6
DA:283,2
DA:284,293
DA:285,293
DA:286,293
DA:287,293
DA:288,293
DA:289,293
DA:290,293
DA:291,293
DA:292,288
DA:293,288
DA:294,288
DA:295,288
DA:296,288
DA:297,288
DA:298,288
DA:299,288
DA:300,288
DA:301,288
DA:302,288
DA:303,288
DA:304,288
DA:305,288
DA:306,288
DA:307,38
DA:308,38
DA:309,38
DA:310,38
DA:311,38
DA:312,38
DA:313,38
DA:314,38
DA:315,38
DA:316,38
DA:317,288
DA:318,250
DA:319,250
DA:320,250
DA:321,250
DA:322,250
DA:323,250
DA:324,0
DA:325,0
DA:326,250
DA:327,250
DA:328,250
DA:329,250
DA:330,250
DA:331,250
DA:332,250
DA:333,250
DA:334,250
DA:335,250
DA:336,250
DA:337,250
DA:338,250
DA:339,250
DA:340,250
DA:341,250
DA:342,288
DA:343,288
DA:344,288
DA:345,288
DA:346,288
DA:347,288
DA:348,288
DA:349,293
DA:350,295
DA:351,288
DA:352,288
DA:353,288
DA:354,1
DA:355,1
DA:356,0
DA:357,0
DA:358,0
DA:359,0
DA:360,0
DA:361,0
DA:362,0
DA:363,0
DA:364,0
DA:365,0
DA:366,0
DA:367,0
DA:368,1
DA:369,1
DA:370,500
DA:371,0
DA:372,0
DA:373,500
DA:374,1
DA:375,1
DA:376,3162
DA:377,0
DA:378,0
DA:379,3162
DA:380,1
DA:381,1
DA:382,200
DA:383,200
DA:384,200
DA:385,200
DA:386,200
DA:387,288
DA:388,0
DA:389,0
DA:390,0
DA:391,0
DA:392,288
DA:393,200
DA:394,200
DA:395,200
DA:396,200
DA:397,288
DA:398,0
DA:399,0
DA:400,288
DA:401,200
DA:402,200
DA:403,200
DA:404,0
DA:405,0
DA:406,0
DA:407,0
DA:408,200
DA:409,200
DA:410,200
DA:411,1
DA:412,1
DA:413,200
DA:414,200
DA:415,0
DA:416,0
DA:417,0
DA:418,0
DA:419,0
DA:420,0
DA:421,0
DA:422,0
DA:423,0
DA:424,0
DA:425,0
DA:426,0
DA:427,0
DA:428,0
DA:429,0
DA:430,0
DA:431,0
DA:432,0
DA:433,0
DA:434,0
DA:435,0
DA:436,0
DA:437,0
DA:438,0
DA:439,200
DA:440,1
DA:441,1
DA:442,1
DA:443,1
DA:444,1
DA:445,1
DA:446,200
DA:447,200
DA:448,200
DA:449,200
DA:450,200
DA:451,200
DA:452,200
DA:453,200
DA:454,200
DA:455,200
DA:456,200
DA:457,200
DA:458,200
DA:459,200
DA:460,200
DA:461,200
DA:462,200
DA:463,200
DA:464,200
DA:465,200
DA:466,201
DA:467,201
DA:468,201
DA:469,201
DA:470,201
DA:471,46
DA:472,46
DA:473,46
DA:474,201
DA:475,201
DA:476,201
DA:477,201
DA:478,104
DA:479,104
DA:480,104
DA:481,104
DA:482,104
DA:483,104
DA:484,166
DA:485,166
DA:486,166
DA:487,80
DA:488,80
DA:489,80
DA:490,166
DA:491,104
DA:492,104
DA:493,104
DA:494,104
DA:495,104
DA:496,104
DA:497,104
DA:498,104
DA:499,46
DA:500,201
DA:501,201
DA:502,201
DA:503,1
LF:503
LH:427
BRDA:56,0,0,207
BRDA:76,1,0,207
BRDA:92,2,0,207
BRDA:98,3,0,0
BRDA:104,4,0,0
BRDA:119,5,0,200
BRDA:137,6,0,7
BRDA:141,7,0,6
BRDA:141,8,0,1
BRDA:152,9,0,0
BRDA:161,10,0,295
BRDA:164,11,0,0
BRDA:177,12,0,293
BRDA:187,13,0,50
BRDA:187,14,0,0
BRDA:190,15,0,49
BRDA:193,16,0,88
BRDA:198,17,0,47
BRDA:219,18,0,49
BRDA:223,19,0,88
BRDA:227,20,0,0
BRDA:248,21,0,0
BRDA:261,22,0,2
BRDA:265,23,0,6
BRDA:269,24,0,0
BRDA:291,25,0,288
BRDA:306,26,0,38
BRDA:315,27,0,18
BRDA:317,28,0,250
BRDA:323,29,0,0
BRDA:351,30,0,288
BRDA:369,31,0,500
BRDA:370,32,0,0
BRDA:375,33,0,3162
BRDA:376,34,0,0
BRDA:381,35,0,200
BRDA:386,36,0,288
BRDA:387,37,0,0
BRDA:396,38,0,288
BRDA:397,39,0,0
BRDA:403,40,0,0
BRDA:395,41,0,88
BRDA:412,42,0,200
BRDA:414,43,0,15
BRDA:414,44,0,0
BRDA:445,45,0,200
BRDA:465,46,0,201
BRDA:467,47,0,0
BRDA:470,48,0,155
BRDA:471,49,0,46
BRDA:474,50,0,0
BRDA:477,51,0,104
BRDA:483,52,0,166
BRDA:484,53,0,0
BRDA:486,54,0,80
BRDA:494,55,0,72
BRDA:494,56,0,32
BRDA:499,57,0,46
BRDA:474,58,0,788
BRF:59
BRH:41
end_of_record
TN:
SF:src/classes/debugData.ts
FN:20,DebugRecord
FN:25,get length
FN:29,append
FN:37,byteAt
FN:45,get rawUint8Array
FN:49,clear
FN:65,DebugData
FN:74,setLogging
FN:78,get rawUint8Array
FN:82,get offset
FN:87,get offsetHex
FN:92,get length
FN:96,get collapseDebugData
FN:121,recordExists
FN:126,recordIsMatch
FN:141,setRecord
FN:160,setOffsetTo
FN:166,read
FN:175,updateMax
FN:181,readWord
FN:191,replaceWord
FN:204,reset
FN:210,dumpBytes
FN:234,logMessage
FNF:24
FNH:15
FNDA:207,DebugRecord
FNDA:42265,get length
FNDA:9489,append
FNDA:19315,byteAt
FNDA:0,get rawUint8Array
FNDA:719,clear
FNDA:207,DebugData
FNDA:0,setLogging
FNDA:0,get rawUint8Array
FNDA:0,get offset
FNDA:0,get offsetHex
FNDA:84,get length
FNDA:42,get collapseDebugData
FNDA:1879,recordExists
FNDA:1690,recordIsMatch
FNDA:189,setRecord
FNDA:189,setOffsetTo
FNDA:0,read
FNDA:0,updateMax
FNDA:4262,readWord
FNDA:585,replaceWord
FNDA:0,reset
FNDA:0,dumpBytes
FNDA:2653,logMessage
DA:1,1
DA:2,1
DA:3,1
DA:4,1
DA:5,1
DA:6,1
DA:7,1
DA:8,1
DA:9,1
DA:10,1
DA:11,1
DA:12,1
DA:13,1
DA:14,1
DA:15,1
DA:16,1
DA:17,1
DA:18,1
DA:19,1
DA:20,1
DA:21,207
DA:22,207
DA:23,207
DA:24,1
DA:25,1
DA:26,42265
DA:27,42265
DA:28,1
DA:29,1
DA:30,9489
DA:31,0
DA:32,0
DA:33,0
DA:34,9489
DA:35,9489
DA:36,1
DA:37,1
DA:38,19315
DA:39,19315
DA:40,19315
DA:41,19315
DA:42,19315
DA:43,19315
DA:44,1
DA:45,1
DA:46,0
DA:47,0
DA:48,1
DA:49,1
DA:50,719
DA:51,719
DA:52,1
DA:53,1
DA:54,1
DA:55,1
DA:56,1
DA:57,1
DA:58,1
DA:59,1
DA:60,1
DA:61,1
DA:62,1
DA:63,1
DA:64,1
DA:65,1
DA:66,207
DA:67,207
DA:68,207
DA:69,207
DA:70,207
DA:71,207
DA:72,207
DA:73,1
DA:74,1
DA:75,0
DA:76,0
DA:77,1
DA:78,1
DA:79,0
DA:80,0
DA:81,1
DA:82,1
DA:83,0
DA:84,0
DA:85,0
DA:86,1
DA:87,1
DA:88,0
DA:89,0
DA:90,0
DA:91,1
DA:92,1
DA:93,84
DA:94,84
DA:95,1
DA:96,1
DA:97,42
DA:98,42
DA:99,42
DA:100,42
DA:101,42
DA:102,273
DA:103,273
DA:104,42
DA:105,42
DA:106,231
DA:107,231
DA:108,42
DA:109,42
DA:110,42
DA:111,42
DA:112,42
DA:113,231
DA:114,231
DA:115,231
DA:116,231
DA:117,42
DA:118,42
DA:119,42
DA:120,1
DA:121,1
DA:122,1879
DA:123,1879
DA:124,1879
DA:125,1
DA:126,1
DA:127,1690
DA:128,1690
DA:129,1690
DA:130,1690
DA:131,13797
DA:132,13797
DA:133,1533
DA:134,1533
DA:135,1533
DA:136,13797
DA:137,1690
DA:138,1690
DA:139,1690
DA:140,1
DA:141,1
DA:142,189
DA:143,189
DA:144,189
DA:145,189
DA:146,0
DA:147,0
DA:148,0
DA:149,189
DA:150,189
DA:151,5518
DA:152,5518
DA:153,189
DA:154,189
DA:155,189
DA:156,189
DA:157,189
DA:158,189
DA:159,1
DA:160,1
DA:161,189
DA:162,189
DA:163,189
DA:164,189
DA:165,1
DA:166,1
DA:167,0
DA:168,0
DA:169,0
DA:170,0
DA:171,0
DA:172,0
DA:173,0
DA:174,1
DA:175,1
DA:176,0
DA:177,0
DA:178,0
DA:179,0
DA:180,1
DA:181,1
DA:182,4262
DA:183,4262
DA:184,4262
DA:185,4262
DA:186,4262
DA:187,4262
DA:188,4262
DA:189,4262
DA:190,1
DA:191,1
DA:192,585
DA:193,585
DA:194,585
DA:195,585
DA:196,585
DA:197,585
DA:198,585
DA:199,585
DA:200,585
DA:201,585
DA:202,585
DA:203,1
DA:204,1
DA:205,0
DA:206,0
DA:207,0
DA:208,0
DA:209,1
DA:210,1
DA:211,0
DA:212,0
DA:213,0
DA:214,0
DA:215,0
DA:216,0
DA:217,0
DA:218,0
DA:219,0
DA:220,0
DA:221,0
DA:222,0
DA:223,0
DA:224,0
DA:225,0
DA:226,0
DA:227,0
DA:228,0
DA:229,0
DA:230,0
DA:231,0
DA:232,0
DA:233,1
DA:234,1
DA:235,2653
DA:236,0
DA:237,0
DA:238,2653
DA:239,1
LF:239
LH:182
BRDA:20,0,0,207
BRDA:25,1,0,42265
BRDA:29,2,0,9489
BRDA:30,3,0,0
BRDA:37,4,0,19315
BRDA:49,5,0,719
BRDA:65,6,0,207
BRDA:92,7,0,84
BRDA:96,8,0,42
BRDA:101,9,0,273
BRDA:103,10,0,42
BRDA:106,11,0,231
BRDA:112,12,0,231
BRDA:121,13,0,1879
BRDA:126,14,0,1690
BRDA:130,15,0,13797
BRDA:132,16,0,1533
BRDA:141,17,0,189
BRDA:145,18,0,0
BRDA:150,19,0,5518
BRDA:160,20,0,189
BRDA:181,21,0,4262
BRDA:191,22,0,585
BRDA:234,23,0,2653
BRDA:235,24,0,0
BRF:25
BRH:22
end_of_record
TN:
SF:src/classes/distillerList.ts
FN:41,DistillerRecord
FN:50,get objectId
FN:53,get objectOffset
FN:56,get subObjectCount
FN:59,get methodCount
FN:62,get objectSize
FN:65,get subObjectIds
FN:70,set objectOffset
FN:74,set subObjectIds
FN:79,updateSubObjectId
FN:85,toString
FN:109,DistillerList
FN:114,enableLogging
FN:119,get recordCount
FN:123,addrecord
FN:128,record
FN:137,dumpRecords
FN:152,clear
FN:157,getRecordCount
FN:162,getRecordAt
FN:167,removeRecordAt
FN:176,replaceRecordAt
FN:185,findRecordIndexByObjectId
FN:196,findRecordByObjectId
FN:202,replaceSubObjectId
FN:217,records
FN:224,forEach
FN:228,logMessage
FNF:28
FNH:20
FNDA:461,DistillerRecord
FNDA:1388,get objectId
FNDA:3543,get objectOffset
FNDA:2811,get subObjectCount
FNDA:461,get methodCount
FNDA:3331,get objectSize
FNDA:8461,get subObjectIds
FNDA:314,set objectOffset
FNDA:0,set subObjectIds
FNDA:775,updateSubObjectId
FNDA:461,toString
FNDA:207,DistillerList
FNDA:0,enableLogging
FNDA:3942,get recordCount
FNDA:461,addrecord
FNDA:0,record
FNDA:0,dumpRecords
FNDA:240,clear
FNDA:0,getRecordCount
FNDA:2891,getRecordAt
FNDA:147,removeRecordAt
FNDA:0,replaceRecordAt
FNDA:221,findRecordIndexByObjectId
FNDA:0,findRecordByObjectId
FNDA:147,replaceSubObjectId
FNDA:480,records
FNDA:0,forEach
FNDA:461,logMessage
DA:1,1
DA:2,1
DA:3,1
DA:4,1
DA:5,1
DA:6,1
DA:7,1
DA:8,1
DA:9,1
DA:10,1
DA:11,1
DA:12,1
DA:13,1
DA:14,1
DA:15,1
DA:16,1
DA:17,1
DA:18,1
DA:19,1
DA:20,1
DA:21,1
DA:22,1
DA:23,1
DA:24,1
DA:25,1
DA:26,1
DA:27,1
DA:28,1
DA:29,1
DA:30,1
DA:31,1
DA:32,1
DA:33,1
DA:34,1
DA:35,1
DA:36,1
DA:37,1
DA:38,1
DA:39,1
DA:40,1
DA:41,1
DA:42,461
DA:43,461
DA:44,461
DA:45,461
DA:46,461
DA:47,461
DA:48,461
DA:49,1
DA:50,1
DA:51,1388
DA:52,1388
DA:53,1
DA:54,3543
DA:55,3543
DA:56,1
DA:57,2811
DA:58,2811
DA:59,1
DA:60,461
DA:61,461
DA:62,1
DA:63,3331
DA:64,3331
DA:65,1
DA:66,8461
DA:67,8461
DA:68,1
DA:69,1
DA:70,1
DA:71,314
DA:72,314
DA:73,1
DA:74,1
DA:75,0
DA:76,0
DA:77,1
DA:78,1
DA:79,1
DA:80,775
DA:81,775
DA:82,775
DA:83,775
DA:84,1
DA:85,1
DA:86,461
DA:87,461
DA:88,461
DA:89,1
DA:90,1
DA:91,1
DA:92,1
DA:93,1
DA:94,1
DA:95,1
DA:96,1
DA:97,1
DA:98,1
DA:99,1
DA:100,1
DA:101,1
DA:102,1
DA:103,1
DA:104,1
DA:105,1
DA:106,1
DA:107,1
DA:108,1
DA:109,1
DA:110,207
DA:111,207
DA:112,207
DA:113,1
DA:114,1
DA:115,0
DA:116,0
DA:117,0
DA:118,1
DA:119,1
DA:120,3942
DA:121,3942
DA:122,1
DA:123,1
DA:124,461
DA:125,461
DA:126,461
DA:127,1
DA:128,1
DA:129,0
DA:130,0
DA:131,0
DA:132,0
DA:133,0
DA:134,0
DA:135,0
DA:136,1
DA:137,1
DA:138,0
DA:139,0
DA:140,0
DA:141,0
DA:142,0
DA:143,0
DA:144,0
DA:145,0
DA:146,0
DA:147,0
DA:148,0
DA:149,0
DA:150,1
DA:151,1
DA:152,1
DA:153,240
DA:154,240
DA:155,1
DA:156,1
DA:157,1
DA:158,0
DA:159,0
DA:160,1
DA:161,1
DA:162,1
DA:163,2891
DA:164,2891
DA:165,1
DA:166,1
DA:167,1
DA:168,147
DA:169,147
DA:170,147
DA:171,147
DA:172,0
DA:173,0
DA:174,1
DA:175,1
DA:176,1
DA:177,0
DA:178,0
DA:179,0
DA:180,0
DA:181,0
DA:182,0
DA:183,1
DA:184,1
DA:185,1
DA:186,221
DA:187,221
DA:188,633
DA:189,221
DA:190,221
DA:191,633
DA:192,0
DA:193,0
DA:194,1
DA:195,1
DA:196,1
DA:197,0
DA:198,0
DA:199,0
DA:200,1
DA:201,1
DA:202,1
DA:203,147
DA:204,147
DA:205,147
DA:206,147
DA:207,1862
DA:208,2400
DA:209,2400
DA:210,775
DA:211,775
DA:212,2400
DA:213,1862
DA:214,147
DA:215,1
DA:216,1
DA:217,1
DA:218,480
DA:219,775
DA:220,775
DA:221,480
DA:222,1
DA:223,1
DA:224,1
DA:225,0
DA:226,0
DA:227,1
DA:228,1
DA:229,461
DA:230,0
DA:231,0
DA:232,461
DA:233,1
LF:233
LH:190
BRDA:41,0,0,461
BRDA:50,1,0,1388
BRDA:53,2,0,3543
BRDA:56,3,0,2811
BRDA:59,4,0,461
BRDA:62,5,0,3331
BRDA:65,6,0,8461
BRDA:70,7,0,314
BRDA:79,8,0,775
BRDA:85,9,0,461
BRDA:109,10,0,207
BRDA:119,11,0,3942
BRDA:123,12,0,461
BRDA:152,13,0,240
BRDA:162,14,0,2891
BRDA:163,15,0,0
BRDA:167,16,0,147
BRDA:172,17,0,0
BRDA:185,18,0,221
BRDA:187,19,0,633
BRDA:188,20,0,221
BRDA:192,21,0,0
BRDA:202,22,0,147
BRDA:206,23,0,1862
BRDA:207,24,0,2400
BRDA:209,25,0,1772
BRDA:209,26,0,775
BRDA:217,27,0,480
BRDA:218,28,0,775
BRDA:228,29,0,461
BRDA:229,30,0,0
BRF:31
BRH:27
end_of_record
TN:
SF:src/classes/externalFiles.ts
FN:19,ExternalFiles
FN:23,get clockSetterLength
FN:30,get clockSetter
FN:34,get flashLoaderLength
FN:41,get flashLoader
FN:45,get spinDebuggerLength
FN:52,get spinDebugger
FN:56,get spinInterpreterLength
FN:63,get spinInterpreter
FN:67,loadFiles
FN:114,loadImage
FN:125,logMessage
FNF:12
FNH:11
FNDA:207,ExternalFiles
FNDA:35,get clockSetterLength
FNDA:35,get clockSetter
FNDA:0,get flashLoaderLength
FNDA:1,get flashLoader
FNDA:42,get spinDebuggerLength
FNDA:42,get spinDebugger
FNDA:304,get spinInterpreterLength
FNDA:152,get spinInterpreter
FNDA:189,loadFiles
FNDA:756,loadImage
FNDA:756,logMessage
DA:1,1
DA:2,1
DA:3,1
DA:4,1
DA:5,1
DA:6,1
DA:7,1
DA:8,1
DA:9,1
DA:10,1
DA:11,1
DA:12,1
DA:13,1
DA:14,1
DA:15,1
DA:16,1
DA:17,1
DA:18,1
DA:19,1
DA:20,207
DA:21,207
DA:22,1
DA:23,1
DA:24,35
DA:25,35
DA:26,35
DA:27,35
DA:28,35
DA:29,1
DA:30,1
DA:31,35
DA:32,35
DA:33,1
DA:34,1
DA:35,0
DA:36,0
DA:37,0
DA:38,0
DA:39,0
DA:40,1
DA:41,1
DA:42,1
DA:43,1
DA:44,1
DA:45,1
DA:46,42
DA:47,2
DA:48,2
DA:49,42
DA:50,42
DA:51,1
DA:52,1
DA:53,42
DA:54,42
DA:55,1
DA:56,1
DA:57,304
DA:58,152
DA:59,152
DA:60,304
DA:61,304
DA:62,1
DA:63,1
DA:64,152
DA:65,152
DA:66,1
DA:67,1
DA:68,189
DA:69,189
DA:70,189
DA:71,189
DA:72,189
DA:73,189
DA:74,189
DA:75,189
DA:76,189
DA:77,189
DA:78,189
DA:79,189
DA:80,189
DA:81,189
DA:82,189
DA:83,189
DA:84,189
DA:85,189
DA:86,189
DA:87,189
DA:88,189
DA:89,189
DA:90,189
DA:91,189
DA:92,189
DA:93,189
DA:94,189
DA:95,189
DA:96,189
DA:97,189
DA:98,189
DA:99,189
DA:100,189
DA:101,189
DA:102,189
DA:103,189
DA:104,189
DA:105,189
DA:106,189
DA:107,189
DA:108,189
DA:109,189
DA:110,189
DA:111,189
DA:112,189
DA:113,1
DA:114,1
DA:115,756
DA:116,756
DA:117,756
DA:118,756
DA:119,756
DA:120,756
DA:121,756
DA:122,756
DA:123,756
DA:124,1
DA:125,1
DA:126,756
DA:127,0
DA:128,0
DA:129,756
DA:130,1
LF:130
LH:123
BRDA:19,0,0,207
BRDA:23,1,0,35
BRDA:30,2,0,35
BRDA:41,3,0,1
BRDA:45,4,0,42
BRDA:46,5,0,2
BRDA:52,6,0,42
BRDA:56,7,0,304
BRDA:57,8,0,152
BRDA:63,9,0,152
BRDA:67,10,0,189
BRDA:114,11,0,756
BRDA:125,12,0,756
BRDA:126,13,0,0
BRF:14
BRH:13
end_of_record
TN:
SF:src/classes/logger.ts
FN:9,Logger
FN:13,setProgramName
FN:17,enabledVerbose
FN:22,errorMsg
FN:27,compilerErrorMsg
FN:38,verboseMsg
FN:48,infoMsg
FN:52,warningMsg
FN:57,progressMsg
FN:61,errorColor
FN:66,warningColor
FN:77,logMessage
FN:86,logErrorMessage
FNF:13
FNH:9
FNDA:211,Logger
FNDA:211,setProgramName
FNDA:5,enabledVerbose
FNDA:0,errorMsg
FNDA:7,compilerErrorMsg
FNDA:2501,verboseMsg
FNDA:211,infoMsg
FNDA:0,warningMsg
FNDA:1068,progressMsg
FNDA:0,errorColor
FNDA:0,warningColor
FNDA:1347,logMessage
FNDA:7,logErrorMessage
DA:1,1
DA:2,1
DA:3,1
DA:4,1
DA:5,1
DA:6,1
DA:7,1
DA:8,1
DA:9,211
DA:10,211
DA:11,211
DA:12,211
DA:13,211
DA:14,211
DA:15,211
DA:16,211
DA:17,211
DA:18,5
DA:19,5
DA:20,5
DA:21,211
DA:22,211
DA:23,0
DA:24,0
DA:25,0
DA:26,211
DA:27,211
DA:28,7
DA:29,0
DA:30,0
DA:31,7
DA:32,7
DA:33,0
DA:34,0
DA:35,7
DA:36,7
DA:37,211
DA:38,211
DA:39,2501
DA:40,61
DA:41,10
DA:42,61
DA:43,51
DA:44,51
DA:45,61
DA:46,2501
DA:47,211
DA:48,211
DA:49,211
DA:50,211
DA:51,211
DA:52,211
DA:53,0
DA:54,0
DA:55,0
DA:56,211
DA:57,211
DA:58,1068
DA:59,1068
DA:60,211
DA:61,211
DA:62,0
DA:63,0
DA:64,0
DA:65,211
DA:66,211
DA:67,0
DA:68,0
DA:69,0
DA:70,211
DA:71,211
DA:72,211
DA:73,211
DA:74,211
DA:75,211
DA:76,211
DA:77,211
DA:78,1347
DA:79,1347
DA:80,211
DA:81,211
DA:82,211
DA:83,211
DA:84,211
DA:85,211
DA:86,211
DA:87,7
DA:88,0
DA:89,0
DA:90,7
DA:91,7
DA:92,211
LF:92
LH:74
BRDA:9,0,0,211
BRDA:13,1,0,211
BRDA:17,2,0,5
BRDA:27,3,0,7
BRDA:28,4,0,0
BRDA:31,5,0,0
BRDA:32,6,0,0
BRDA:38,7,0,2501
BRDA:39,8,0,61
BRDA:40,9,0,10
BRDA:42,10,0,51
BRDA:48,11,0,211
BRDA:57,12,0,1068
BRDA:77,13,0,1347
BRDA:86,14,0,7
BRDA:87,15,0,0
BRF:16
BRH:12
end_of_record
TN:
SF:src/classes/mapGenerator.ts
FN:32,MapGenerator
FN:40,generate
FN:72,emitHeader
FN:90,emitProgramSummary
FN:120,emitObjectHierarchy
FN:140,emitHierarchyNode
FN:177,emitMemoryLayout
FN:249,emitObjectDetails
FN:414,emitAddressIndex
FN:490,emitSymbolIndex
FN:594,getVarBaseForInstance
FN:663,getVarSymbolSize
FN:676,getObjectNameByIndex
FN:684,isDatSymbolType
FN:694,extractDatOffset
FN:699,getDatTypeString
FN:716,cleanSymbolName
FN:725,isVarSymbolType
FN:738,extractVarOffset
FN:743,getVarTypeString
FN:766,extractMethodEntry
FN:771,hexAddr
FN:775,writeLine
FN:781,logMessage
FNF:24
FNH:2
FNDA:200,MapGenerator
FNDA:200,generate
FNDA:0,emitHeader
FNDA:0,emitProgramSummary
FNDA:0,emitObjectHierarchy
FNDA:0,emitHierarchyNode
FNDA:0,emitMemoryLayout
FNDA:0,emitObjectDetails
FNDA:0,emitAddressIndex
FNDA:0,emitSymbolIndex
FNDA:0,getVarBaseForInstance
FNDA:0,getVarSymbolSize
FNDA:0,getObjectNameByIndex
FNDA:0,isDatSymbolType
FNDA:0,extractDatOffset
FNDA:0,getDatTypeString
FNDA:0,cleanSymbolName
FNDA:0,isVarSymbolType
FNDA:0,extractVarOffset
FNDA:0,getVarTypeString
FNDA:0,extractMethodEntry
FNDA:0,hexAddr
FNDA:0,writeLine
FNDA:0,logMessage
DA:1,1
DA:2,1
DA:3,1
DA:4,1
DA:5,1
DA:6,1
DA:7,1
DA:8,1
DA:9,1
DA:10,1
DA:11,1
DA:12,1
DA:13,1
DA:14,1
DA:15,1
DA:16,1
DA:17,1
DA:18,1
DA:19,1
DA:20,1
DA:21,1
DA:22,1
DA:23,1
DA:24,1
DA:25,1
DA:26,1
DA:27,1
DA:28,1
DA:29,1
DA:30,1
DA:31,1
DA:32,1
DA:33,200
DA:34,200
DA:35,200
DA:36,1
DA:37,1
DA:38,1
DA:39,1
DA:40,1
DA:41,200
DA:42,200
DA:43,200
DA:44,0
DA:45,0
DA:46,0
DA:47,0
DA:48,0
DA:49,0
DA:50,0
DA:51,0
DA:52,0
DA:53,0
DA:54,0
DA:55,0
DA:56,0
DA:57,0
DA:58,0
DA:59,0
DA:60,0
DA:61,0
DA:62,0
DA:63,0
DA:64,0
DA:65,0
DA:66,0
DA:67,1
DA:68,1
DA:69,1
DA:70,1
DA:71,1
DA:72,1
DA:73,0
DA:74,0
DA:75,0
DA:76,0
DA:77,0
DA:78,0
DA:79,0
DA:80,0
DA:81,0
DA:82,0
DA:83,0
DA:84,0
DA:85,1
DA:86,1
DA:87,1
DA:88,1
DA:89,1
DA:90,1
DA:91,0
DA:92,0
DA:93,0
DA:94,0
DA:95,0
DA:96,0
DA:97,0
DA:98,0
DA:99,0
DA:100,0
DA:101,0
DA:102,0
DA:103,0
DA:104,0
DA:105,0
DA:106,0
DA:107,0
DA:108,0
DA:109,0
DA:110,0
DA:111,0
DA:112,0
DA:113,0
DA:114,0
DA:115,1
DA:116,1
DA:117,1
DA:118,1
DA:119,1
DA:120,1
DA:121,0
DA:122,0
DA:123,0
DA:124,0
DA:125,0
DA:126,0
DA:127,0
DA:128,0
DA:129,0
DA:130,0
DA:131,0
DA:132,0
DA:133,0
DA:134,0
DA:135,0
DA:136,0
DA:137,0
DA:138,0
DA:139,1
DA:140,1
DA:141,0
DA:142,0
DA:143,0
DA:144,0
DA:145,0
DA:146,0
DA:147,0
DA:148,0
DA:149,0
DA:150,0
DA:151,0
DA:152,0
DA:153,0
DA:154,0
DA:155,0
DA:156,0
DA:157,0
DA:158,0
DA:159,0
DA:160,0
DA:161,0
DA:162,0
DA:163,0
DA:164,0
DA:165,0
DA:166,0
DA:167,0
DA:168,0
DA:169,0
DA:170,0
DA:171,0
DA:172,1
DA:173,1
DA:174,1
DA:175,1
DA:176,1
DA:177,1
DA:178,0
DA:179,0
DA:180,0
DA:181,0
DA:182,0
DA:183,0
DA:184,0
DA:185,0
DA:186,0
DA:187,0
DA:188,0
DA:189,0
DA:190,0
DA:191,0
DA:192,0
DA:193,0
DA:194,0
DA:195,0
DA:196,0
DA:197,0
DA:198,0
DA:199,0
DA:200,0
DA:201,0
DA:202,0
DA:203,0
DA:204,0
DA:205,0
DA:206,0
DA:207,0
DA:208,0
DA:209,0
DA:210,0
DA:211,0
DA:212,0
DA:213,0
DA:214,0
DA:215,0
DA:216,0
DA:217,0
DA:218,0
DA:219,0
DA:220,0
DA:221,0
DA:222,0
DA:223,0
DA:224,0
DA:225,0
DA:226,0
DA:227,0
DA:228,0
DA:229,0
DA:230,0
DA:231,0
DA:232,0
DA:233,0
DA:234,0
DA:235,0
DA:236,0
DA:237,0
DA:238,0
DA:239,0
DA:240,0
DA:241,0
DA:242,0
DA:243,0
DA:244,1
DA:245,1
DA:246,1
DA:247,1
DA:248,1
DA:249,1
DA:250,0
DA:251,0
DA:252,0
DA:253,0
DA:254,0
DA:255,0
DA:256,0
DA:257,0
DA:258,0
DA:259,0
DA:260,0
DA:261,0
DA:262,0
DA:263,0
DA:264,0
DA:265,0
DA:266,0
DA:267,0
DA:268,0
DA:269,0
DA:270,0
DA:271,0
DA:272,0
DA:273,0
DA:274,0
DA:275,0
DA:276,0
DA:277,0
DA:278,0
DA:279,0
DA:280,0
DA:281,0
DA:282,0
DA:283,0
DA:284,0
DA:285,0
DA:286,0
DA:287,0
DA:288,0
DA:289,0
DA:290,0
DA:291,0
DA:292,0
DA:293,0
DA:294,0
DA:295,0
DA:296,0
DA:297,0
DA:298,0
DA:299,0
DA:300,0
DA:301,0
DA:302,0
DA:303,0
DA:304,0
DA:305,0
DA:306,0
DA:307,0
DA:308,0
DA:309,0
DA:310,0
DA:311,0
DA:312,0
DA:313,0
DA:314,0
DA:315,0
DA:316,0
DA:317,0
DA:318,0
DA:319,0
DA:320,0
DA:321,0
DA:322,0
DA:323,0
DA:324,0
DA:325,0
DA:326,0
DA:327,0
DA:328,0
DA:329,0
DA:330,0
DA:331,0
DA:332,0
DA:333,0
DA:334,0
DA:335,0
DA:336,0
DA:337,0
DA:338,0
DA:339,0
DA:340,0
DA:341,0
DA:342,0
DA:343,0
DA:344,0
DA:345,0
DA:346,0
DA:347,0
DA:348,0
DA:349,0
DA:350,0
DA:351,0
DA:352,0
DA:353,0
DA:354,0
DA:355,0
DA:356,0
DA:357,0
DA:358,0
DA:359,0
DA:360,0
DA:361,0
DA:362,0
DA:363,0
DA:364,0
DA:365,0
DA:366,0
DA:367,0
DA:368,0
DA:369,0
DA:370,0
DA:371,0
DA:372,0
DA:373,0
DA:374,0
DA:375,0
DA:376,0
DA:377,0
DA:378,0
DA:379,0
DA:380,0
DA:381,0
DA:382,0
DA:383,0
DA:384,0
DA:385,0
DA:386,0
DA:387,0
DA:388,0
DA:389,0
DA:390,0
DA:391,0
DA:392,0
DA:393,0
DA:394,0
DA:395,0
DA:396,0
DA:397,0
DA:398,0
DA:399,0
DA:400,0
DA:401,0
DA:402,0
DA:403,0
DA:404,0
DA:405,0
DA:406,0
DA:407,0
DA:408,0
DA:409,1
DA:410,1
DA:411,1
DA:412,1
DA:413,1
DA:414,1
DA:415,0
DA:416,0
DA:417,0
DA:418,0
DA:419,0
DA:420,0
DA:421,0
DA:422,0
DA:423,0
DA:424,0
DA:425,0
DA:426,0
DA:427,0
DA:428,0
DA:429,0
DA:430,0
DA:431,0
DA:432,0
DA:433,0
DA:434,0
DA:435,0
DA:436,0
DA:437,0
DA:438,0
DA:439,0
DA:440,0
DA:441,0
DA:442,0
DA:443,0
DA:444,0
DA:445,0
DA:446,0
DA:447,0
DA:448,0
DA:449,0
DA:450,0
DA:451,0
DA:452,0
DA:453,0
DA:454,0
DA:455,0
DA:456,0
DA:457,0
DA:458,0
DA:459,0
DA:460,0
DA:461,0
DA:462,0
DA:463,0
DA:464,0
DA:465,0
DA:466,0
DA:467,0
DA:468,0
DA:469,0
DA:470,0
DA:471,0
DA:472,0
DA:473,0
DA:474,0
DA:475,0
DA:476,0
DA:477,0
DA:478,0
DA:479,0
DA:480,0
DA:481,0
DA:482,0
DA:483,0
DA:484,0
DA:485,1
DA:486,1
DA:487,1
DA:488,1
DA:489,1
DA:490,1
DA:491,0
DA:492,0
DA:493,0
DA:494,0
DA:495,0
DA:496,0
DA:497,0
DA:498,0
DA:499,0
DA:500,0
DA:501,0
DA:502,0
DA:503,0
DA:504,0
DA:505,0
DA:506,0
DA:507,0
DA:508,0
DA:509,0
DA:510,0
DA:511,0
DA:512,0
DA:513,0
DA:514,0
DA:515,0
DA:516,0
DA:517,0
DA:518,0
DA:519,0
DA:520,0
DA:521,0
DA:522,0
DA:523,0
DA:524,0
DA:525,0
DA:526,0
DA:527,0
DA:528,0
DA:529,0
DA:530,0
DA:531,0
DA:532,0
DA:533,0
DA:534,0
DA:535,0
DA:536,0
DA:537,0
DA:538,0
DA:539,0
DA:540,0
DA:541,0
DA:542,0
DA:543,0
DA:544,0
DA:545,0
DA:546,0
DA:547,0
DA:548,0
DA:549,0
DA:550,0
DA:551,0
DA:552,0
DA:553,0
DA:554,0
DA:555,0
DA:556,0
DA:557,0
DA:558,0
DA:559,0
DA:560,0
DA:561,0
DA:562,0
DA:563,0
DA:564,0
DA:565,0
DA:566,0
DA:567,0
DA:568,0
DA:569,0
DA:570,0
DA:571,0
DA:572,0
DA:573,0
DA:574,0
DA:575,0
DA:576,0
DA:577,0
DA:578,0
DA:579,0
DA:580,0
DA:581,0
DA:582,0
DA:583,0
DA:584,0
DA:585,0
DA:586,0
DA:587,0
DA:588,0
DA:589,1
DA:590,1
DA:591,1
DA:592,1
DA:593,1
DA:594,1
DA:595,0
DA:596,0
DA:597,0
DA:598,0
DA:599,0
DA:600,0
DA:601,0
DA:602,0
DA:603,0
DA:604,0
DA:605,0
DA:606,0
DA:607,0
DA:608,0
DA:609,0
DA:610,0
DA:611,0
DA:612,0
DA:613,0
DA:614,0
DA:615,0
DA:616,0
DA:617,0
DA:618,0
DA:619,0
DA:620,0
DA:621,0
DA:622,0
DA:623,0
DA:624,0
DA:625,0
DA:626,0
DA:627,0
DA:628,0
DA:629,0
DA:630,0
DA:631,0
DA:632,0
DA:633,0
DA:634,0
DA:635,0
DA:636,0
DA:637,0
DA:638,0
DA:639,0
DA:640,0
DA:641,0
DA:642,0
DA:643,0
DA:644,0
DA:645,0
DA:646,0
DA:647,0
DA:648,0
DA:649,0
DA:650,0
DA:651,0
DA:652,0
DA:653,0
DA:654,0
DA:655,0
DA:656,0
DA:657,0
DA:658,0
DA:659,0
DA:660,0
DA:661,0
DA:662,1
DA:663,1
DA:664,0
DA:665,0
DA:666,0
DA:667,0
DA:668,0
DA:669,0
DA:670,0
DA:671,0
DA:672,0
DA:673,0
DA:674,0
DA:675,1
DA:676,1
DA:677,0
DA:678,0
DA:679,0
DA:680,0
DA:681,0
DA:682,0
DA:683,1
DA:684,1
DA:685,0
DA:686,0
DA:687,0
DA:688,0
DA:689,0
DA:690,0
DA:691,0
DA:692,0
DA:693,1
DA:694,1
DA:695,0
DA:696,0
DA:697,0
DA:698,1
DA:699,1
DA:700,0
DA:701,0
DA:702,0
DA:703,0
DA:704,0
DA:705,0
DA:706,0
DA:707,0
DA:708,0
DA:709,0
DA:710,0
DA:711,0
DA:712,0
DA:713,0
DA:714,0
DA:715,1
DA:716,1
DA:717,0
DA:718,0
DA:719,0
DA:720,0
DA:721,0
DA:722,0
DA:723,0
DA:724,1
DA:725,1
DA:726,0
DA:727,0
DA:728,0
DA:729,0
DA:730,0
DA:731,0
DA:732,0
DA:733,0
DA:734,0
DA:735,0
DA:736,0
DA:737,1
DA:738,1
DA:739,0
DA:740,0
DA:741,0
DA:742,1
DA:743,1
DA:744,0
DA:745,0
DA:746,0
DA:747,0
DA:748,0
DA:749,0
DA:750,0
DA:751,0
DA:752,0
DA:753,0
DA:754,0
DA:755,0
DA:756,0
DA:757,0
DA:758,0
DA:759,0
DA:760,0
DA:761,0
DA:762,0
DA:763,0
DA:764,0
DA:765,1
DA:766,1
DA:767,0
DA:768,0
DA:769,0
DA:770,1
DA:771,1
DA:772,0
DA:773,0
DA:774,1
DA:775,1
DA:776,0
DA:777,0
DA:778,0
DA:779,0
DA:780,1
DA:781,1
DA:782,0
DA:783,0
DA:784,0
DA:785,0
DA:786,1
LF:786
LH:120
BRDA:32,0,0,200
BRDA:40,1,0,200
BRDA:44,2,0,0
BRF:3
BRH:2
end_of_record
TN:
SF:src/classes/numberStack.ts
FN:18,NumberStack
FN:22,enableLogging
FN:27,setUnresolved
FN:31,get isUnresolved
FN:35,get isResolved
FN:39,push
FN:44,pop
FN:56,reset
FN:61,float32ToHexString
FN:67,logMessage
FNF:10
FNH:10
FNDA:207,NumberStack
FNDA:207,enableLogging
FNDA:1271,setUnresolved
FNDA:58039,get isUnresolved
FNDA:98395,get isResolved
FNDA:231510,push
FNDA:231452,pop
FNDA:167260,reset
FNDA:462962,float32ToHexString
FNDA:462962,logMessage
DA:1,1
DA:2,1
DA:3,1
DA:4,1
DA:5,1
DA:6,1
DA:7,1
DA:8,1
DA:9,1
DA:10,1
DA:11,1
DA:12,1
DA:13,1
DA:14,1
DA:15,1
DA:16,1
DA:17,1
DA:18,1
DA:19,207
DA:20,207
DA:21,1
DA:22,1
DA:23,207
DA:24,207
DA:25,207
DA:26,1
DA:27,1
DA:28,1271
DA:29,1271
DA:30,1
DA:31,1
DA:32,58039
DA:33,58039
DA:34,1
DA:35,1
DA:36,98395
DA:37,98395
DA:38,1
DA:39,1
DA:40,231510
DA:41,231510
DA:42,231510
DA:43,1
DA:44,1
DA:45,231452
DA:46,231452
DA:47,231452
DA:48,231452
DA:49,231452
DA:50,231452
DA:51,0
DA:52,0
DA:53,231452
DA:54,231452
DA:55,1
DA:56,1
DA:57,167260
DA:58,167260
DA:59,167260
DA:60,1
DA:61,1
DA:62,462962
DA:63,462962
DA:64,462962
DA:65,462962
DA:66,1
DA:67,1
DA:68,462962
DA:69,0
DA:70,0
DA:71,462962
DA:72,1
LF:72
LH:68
BRDA:18,0,0,207
BRDA:22,1,0,207
BRDA:27,2,0,1271
BRDA:31,3,0,58039
BRDA:35,4,0,98395
BRDA:39,5,0,231510
BRDA:44,6,0,231452
BRDA:50,7,0,0
BRDA:56,8,0,167260
BRDA:61,9,0,462962
BRDA:67,10,0,462962
BRDA:68,11,0,0
BRF:12
BRH:10
end_of_record
TN:
SF:src/classes/objInstanceInfo.ts
FN:34,ObjInstanceInfo
FN:41,get instanceName
FN:45,get sourceFileName
FN:49,get sourceFileBaseName
FN:54,get parentIndex
FN:58,get objectIndex
FN:62,get overrides
FN:66,get hasOverrides
FN:73,addOverride
FN:80,addOverridesFromSymbols
FN:95,formatOverrides
FN:113,ObjInstanceStore
FN:119,addInstance
FN:126,getInstance
FN:133,getAllInstances
FN:140,getChildInstances
FN:147,get count
FN:154,clear
FNF:18
FNH:6
FNDA:304,ObjInstanceInfo
FNDA:0,get instanceName
FNDA:0,get sourceFileName
FNDA:0,get sourceFileBaseName
FNDA:0,get parentIndex
FNDA:304,get objectIndex
FNDA:0,get overrides
FNDA:0,get hasOverrides
FNDA:0,addOverride
FNDA:0,addOverridesFromSymbols
FNDA:0,formatOverrides
FNDA:211,ObjInstanceStore
FNDA:304,addInstance
FNDA:0,getInstance
FNDA:0,getAllInstances
FNDA:0,getChildInstances
FNDA:200,get count
FNDA:200,clear
DA:1,1
DA:2,1
DA:3,1
DA:4,1
DA:5,1
DA:6,1
DA:7,1
DA:8,1
DA:9,1
DA:10,1
DA:11,1
DA:12,1
DA:13,1
DA:14,1
DA:15,1
DA:16,1
DA:17,1
DA:18,1
DA:19,1
DA:20,1
DA:21,1
DA:22,1
DA:23,1
DA:24,1
DA:25,1
DA:26,1
DA:27,1
DA:28,1
DA:29,1
DA:30,1
DA:31,1
DA:32,1
DA:33,1
DA:34,1
DA:35,304
DA:36,304
DA:37,304
DA:38,304
DA:39,304
DA:40,1
DA:41,1
DA:42,0
DA:43,0
DA:44,1
DA:45,1
DA:46,0
DA:47,0
DA:48,1
DA:49,1
DA:50,0
DA:51,0
DA:52,0
DA:53,1
DA:54,1
DA:55,0
DA:56,0
DA:57,1
DA:58,1
DA:59,304
DA:60,304
DA:61,1
DA:62,1
DA:63,0
DA:64,0
DA:65,1
DA:66,1
DA:67,0
DA:68,0
DA:69,1
DA:70,1
DA:71,1
DA:72,1
DA:73,1
DA:74,0
DA:75,0
DA:76,1
DA:77,1
DA:78,1
DA:79,1
DA:80,1
DA:81,0
DA:82,0
DA:83,0
DA:84,0
DA:85,0
DA:86,0
DA:87,0
DA:88,0
DA:89,0
DA:90,1
DA:91,1
DA:92,1
DA:93,1
DA:94,1
DA:95,1
DA:96,0
DA:97,0
DA:98,0
DA:99,0
DA:100,0
DA:101,0
DA:102,0
DA:103,0
DA:104,0
DA:105,0
DA:106,1
DA:107,1
DA:108,1
DA:109,1
DA:110,1
DA:111,1
DA:112,1
DA:113,211
DA:114,211
DA:115,211
DA:116,211
DA:117,211
DA:118,211
DA:119,211
DA:120,304
DA:121,304
DA:122,211
DA:123,211
DA:124,211
DA:125,211
DA:126,211
DA:127,0
DA:128,0
DA:129,211
DA:130,211
DA:131,211
DA:132,211
DA:133,211
DA:134,0
DA:135,0
DA:136,211
DA:137,211
DA:138,211
DA:139,211
DA:140,211
DA:141,0
DA:142,0
DA:143,211
DA:144,211
DA:145,211
DA:146,211
DA:147,211
DA:148,200
DA:149,200
DA:150,211
DA:151,211
DA:152,211
DA:153,211
DA:154,211
DA:155,200
DA:156,200
DA:157,211
LF:157
LH:117
BRDA:34,0,0,304
BRDA:58,1,0,304
BRDA:113,2,0,211
BRDA:119,3,0,304
BRDA:147,4,0,200
BRDA:154,5,0,200
BRF:6
BRH:6
end_of_record
TN:
SF:src/classes/objectDistiller.ts
FN:26,ObjectDistiller
FN:33,get recordCount
FN:40,get records
FN:49,distillObjects
FN:71,buildObjectTree
FN:123,scrubObjectOffsets
FN:139,eliminateRedundantObjects
FN:187,areRecordsEquivalent
FN:222,rebuildOptimizedImage
FN:256,reconnectReferences
FN:284,logMessage
FN:290,logMessageOutline
FNF:12
FNH:11
FNDA:207,ObjectDistiller
FNDA:0,get recordCount
FNDA:200,get records
FNDA:240,distillObjects
FNDA:461,buildObjectTree
FNDA:240,scrubObjectOffsets
FNDA:387,eliminateRedundantObjects
FNDA:1203,areRecordsEquivalent
FNDA:240,rebuildOptimizedImage
FNDA:461,reconnectReferences
FNDA:1715,logMessage
FNDA:461,logMessageOutline
DA:1,1
DA:2,1
DA:3,1
DA:4,1
DA:5,1
DA:6,1
DA:7,1
DA:8,1
DA:9,1
DA:10,1
DA:11,1
DA:12,1
DA:13,1
DA:14,1
DA:15,1
DA:16,1
DA:17,1
DA:18,1
DA:19,1
DA:20,1
DA:21,1
DA:22,1
DA:23,1
DA:24,1
DA:25,1
DA:26,1
DA:27,207
DA:28,207
DA:29,207
DA:30,207
DA:31,207
DA:32,1
DA:33,1
DA:34,0
DA:35,0
DA:36,1
DA:37,1
DA:38,1
DA:39,1
DA:40,1
DA:41,200
DA:42,200
DA:43,1
DA:44,1
DA:45,1
DA:46,1
DA:47,1
DA:48,1
DA:49,1
DA:50,240
DA:51,240
DA:52,240
DA:53,240
DA:54,240
DA:55,240
DA:56,240
DA:57,240
DA:58,387
DA:59,240
DA:60,240
DA:61,240
DA:62,240
DA:63,240
DA:64,240
DA:65,240
DA:66,1
DA:67,1
DA:68,1
DA:69,1
DA:70,1
DA:71,1
DA:72,461
DA:73,461
DA:74,461
DA:75,461
DA:76,461
DA:77,461
DA:78,461
DA:79,682
DA:80,682
DA:81,221
DA:82,682
DA:83,461
DA:84,461
DA:85,682
DA:86,461
DA:87,461
DA:88,461
DA:89,461
DA:90,461
DA:91,1358
DA:92,1358
DA:93,897
DA:94,1358
DA:95,461
DA:96,461
DA:97,1358
DA:98,461
DA:99,461
DA:100,461
DA:101,461
DA:102,221
DA:103,221
DA:104,461
DA:105,461
DA:106,461
DA:107,461
DA:108,461
DA:109,461
DA:110,461
DA:111,461
DA:112,221
DA:113,221
DA:114,221
DA:115,461
DA:116,461
DA:117,461
DA:118,1
DA:119,1
DA:120,1
DA:121,1
DA:122,1
DA:123,1
DA:124,240
DA:125,240
DA:126,240
DA:127,461
DA:128,221
DA:129,221
DA:130,221
DA:131,461
DA:132,240
DA:133,1
DA:134,1
DA:135,1
DA:136,1
DA:137,1
DA:138,1
DA:139,1
DA:140,387
DA:141,387
DA:142,387
DA:143,387
DA:144,805
DA:145,805
DA:146,805
DA:147,805
DA:148,805
DA:149,1193
DA:150,287
DA:151,287
DA:152,287
DA:153,1193
DA:154,805
DA:155,805
DA:156,287
DA:157,287
DA:158,518
DA:159,518
DA:160,805
DA:161,1203
DA:162,1203
DA:163,1203
DA:164,147
DA:165,147
DA:166,147
DA:167,147
DA:168,147
DA:169,147
DA:170,147
DA:171,147
DA:172,147
DA:173,147
DA:174,147
DA:175,147
DA:176,147
DA:177,147
DA:178,1203
DA:179,371
DA:180,240
DA:181,240
DA:182,240
DA:183,1
DA:184,1
DA:185,1
DA:186,1
DA:187,1
DA:188,1203
DA:189,1203
DA:190,928
DA:191,928
DA:192,275
DA:193,275
DA:194,1203
DA:195,0
DA:196,0
DA:197,275
DA:198,275
DA:199,1203
DA:200,286
DA:201,125
DA:202,125
DA:203,286
DA:204,150
DA:205,150
DA:206,150
DA:207,1203
DA:208,942
DA:209,942
DA:210,942
DA:211,3
DA:212,3
DA:213,942
DA:214,147
DA:215,147
DA:216,147
DA:217,1
DA:218,1
DA:219,1
DA:220,1
DA:221,1
DA:222,1
DA:223,240
DA:224,240
DA:225,240
DA:226,240
DA:227,240
DA:228,240
DA:229,240
DA:230,240
DA:231,240
DA:232,314
DA:233,314
DA:234,314
DA:235,314
DA:236,314
DA:237,314
DA:238,314
DA:239,314
DA:240,94330
DA:241,94330
DA:242,94330
DA:243,314
DA:244,240
DA:245,240
DA:246,240
DA:247,240
DA:248,240
DA:249,240
DA:250,240
DA:251,1
DA:252,1
DA:253,1
DA:254,1
DA:255,1
DA:256,1
DA:257,461
DA:258,461
DA:259,0
DA:260,0
DA:261,461
DA:262,461
DA:263,461
DA:264,461
DA:265,221
DA:266,221
DA:267,221
DA:268,221
DA:269,221
DA:270,0
DA:271,0
DA:272,221
DA:273,221
DA:274,221
DA:275,221
DA:276,221
DA:277,221
DA:278,221
DA:279,221
DA:280,221
DA:281,221
DA:282,461
DA:283,1
DA:284,1
DA:285,1715
DA:286,0
DA:287,0
DA:288,1715
DA:289,1
DA:290,1
DA:291,461
DA:292,0
DA:293,0
DA:294,461
DA:295,1
LF:295
LH:283
BRDA:26,0,0,207
BRDA:40,1,0,200
BRDA:49,2,0,240
BRDA:57,3,0,387
BRDA:71,4,0,461
BRDA:78,5,0,682
BRDA:80,6,0,221
BRDA:82,7,0,461
BRDA:90,8,0,1358
BRDA:92,9,0,897
BRDA:94,10,0,461
BRDA:101,11,0,221
BRDA:111,12,0,221
BRDA:123,13,0,240
BRDA:126,14,0,461
BRDA:127,15,0,221
BRDA:139,16,0,387
BRDA:143,17,0,805
BRDA:148,18,0,1193
BRDA:149,19,0,287
BRDA:155,20,0,287
BRDA:158,21,0,518
BRDA:160,22,0,1203
BRDA:163,23,0,147
BRDA:179,24,0,371
BRDA:180,25,0,240
BRDA:187,26,0,1203
BRDA:189,27,0,928
BRDA:192,28,0,275
BRDA:194,29,0,0
BRDA:197,30,0,275
BRDA:199,31,0,286
BRDA:200,32,0,125
BRDA:204,33,0,150
BRDA:207,34,0,942
BRDA:210,35,0,3
BRDA:214,36,0,147
BRDA:222,37,0,240
BRDA:231,38,0,314
BRDA:239,39,0,94330
BRDA:256,40,0,461
BRDA:258,41,0,0
BRDA:264,42,0,221
BRDA:269,43,0,0
BRDA:284,44,0,1715
BRDA:285,45,0,0
BRDA:290,46,0,461
BRDA:291,47,0,0
BRF:48
BRH:43
end_of_record
TN:
SF:src/classes/objectImage.ts
FN:26,ObjectImage
FN:35,copyFrom
FN:51,ensureFits
FN:63,ensureCapacity
FN:79,refreshLogging
FN:85,setLogging
FN:89,get isLoggingEnabled
FN:93,get rawUint8Array
FN:97,get offset
FN:102,get offsetHex
FN:107,get length
FN:111,calculateChecksum
FN:123,setOffsetTo
FN:141,appendLong
FN:147,appendWord
FN:156,appendByte
FN:164,append
FN:174,read
FN:184,updateMax
FN:190,readWord
FN:201,readLong
FN:211,readLongNext
FN:223,replaceByte
FN:235,replaceWord
FN:249,replaceLong
FN:261,reset
FN:267,dumpBytes
FN:291,logMessage
FN:297,logMessageOutline
FNF:29
FNH:25
FNDA:651,ObjectImage
FNDA:200,copyFrom
FNDA:12,ensureFits
FNDA:5367898,ensureCapacity
FNDA:621,refreshLogging
FNDA:0,setLogging
FNDA:0,get isLoggingEnabled
FNDA:1449,get rawUint8Array
FNDA:154584,get offset
FNDA:579,get offsetHex
FNDA:444,get length
FNDA:240,calculateChecksum
FNDA:41127,setOffsetTo
FNDA:97315,appendLong
FNDA:196544,appendWord
FNDA:1930428,appendByte
FNDA:1930428,append
FNDA:1784801,read
FNDA:1930428,updateMax
FNDA:211916,readWord
FNDA:105823,readLong
FNDA:276,readLongNext
FNDA:1387843,replaceByte
FNDA:7772,replaceWord
FNDA:3723,replaceLong
FNDA:586,reset
FNDA:0,dumpBytes
FNDA:3070690,logMessage
FNDA:0,logMessageOutline
DA:1,1
DA:2,1
DA:3,1
DA:4,1
DA:5,1
DA:6,1
DA:7,1
DA:8,1
DA:9,1
DA:10,1
DA:11,1
DA:12,1
DA:13,1
DA:14,1
DA:15,1
DA:16,1
DA:17,1
DA:18,1
DA:19,1
DA:20,1
DA:21,1
DA:22,1
DA:23,1
DA:24,1
DA:25,1
DA:26,1
DA:27,651
DA:28,651
DA:29,651
DA:30,651
DA:31,651
DA:32,651
DA:33,1
DA:34,1
DA:35,1
DA:36,200
DA:37,200
DA:38,200
DA:39,200
DA:40,200
DA:41,200
DA:42,200
DA:43,200
DA:44,200
DA:45,200
DA:46,200
DA:47,200
DA:48,200
DA:49,200
DA:50,1
DA:51,1
DA:52,12
DA:53,12
DA:54,12
DA:55,0
DA:56,0
DA:57,0
DA:58,0
DA:59,0
DA:60,0
DA:61,12
DA:62,1
DA:63,1
DA:64,5367898
DA:65,0
DA:66,0
DA:67,0
DA:68,0
DA:69,0
DA:70,0
DA:71,0
DA:72,0
DA:73,5367898
DA:74,0
DA:75,0
DA:76,0
DA:77,5367898
DA:78,1
DA:79,1
DA:80,621
DA:81,621
DA:82,621
DA:83,621
DA:84,1
DA:85,1
DA:86,0
DA:87,0
DA:88,1
DA:89,1
DA:90,0
DA:91,0
DA:92,1
DA:93,1
DA:94,1449
DA:95,1449
DA:96,1
DA:97,1
DA:98,154584
DA:99,154584
DA:100,154584
DA:101,1
DA:102,1
DA:103,579
DA:104,579
DA:105,579
DA:106,1
DA:107,1
DA:108,444
DA:109,444
DA:110,1
DA:111,1
DA:112,240
DA:113,240
DA:114,420479
DA:115,420479
DA:116,240
DA:117,240
DA:118,240
DA:119,240
DA:120,240
DA:121,240
DA:122,1
DA:123,1
DA:124,41127
DA:125,41127
DA:126,41127
DA:127,41127
DA:128,41127
DA:129,41127
DA:130,41127
DA:131,1
DA:132,1
DA:133,1
DA:134,1
DA:135,1
DA:136,1
DA:137,1
DA:138,1
DA:139,1
DA:140,1
DA:141,1
DA:142,97315
DA:143,97315
DA:144,97315
DA:145,97315
DA:146,1
DA:147,1
DA:148,196544
DA:149,1914
DA:150,1914
DA:151,1914
DA:152,196544
DA:153,196544
DA:154,196544
DA:155,1
DA:156,1
DA:157,1930428
DA:158,1537340
DA:159,1537340
DA:160,1537340
DA:161,1930428
DA:162,1930428
DA:163,1
DA:164,1
DA:165,1930428
DA:166,1930428
DA:167,0
DA:168,0
DA:169,1930428
DA:170,1930428
DA:171,1930428
DA:172,1930428
DA:173,1
DA:174,1
DA:175,1784801
DA:176,1784801
DA:177,1784801
DA:178,1784801
DA:179,1784801
DA:180,1784801
DA:181,1784801
DA:182,1784801
DA:183,1
DA:184,1
DA:185,1930428
DA:186,1543721
DA:187,1543721
DA:188,1930428
DA:189,1
DA:190,1
DA:191,211916
DA:192,211916
DA:193,211916
DA:194,211916
DA:195,211916
DA:196,211916
DA:197,211916
DA:198,211916
DA:199,211916
DA:200,1
DA:201,1
DA:202,105823
DA:203,105823
DA:204,105823
DA:205,105823
DA:206,105823
DA:207,105823
DA:208,105823
DA:209,105823
DA:210,1
DA:211,1
DA:212,276
DA:213,276
DA:214,276
DA:215,276
DA:216,276
DA:217,276
DA:218,276
DA:219,276
DA:220,276
DA:221,276
DA:222,1
DA:223,1
DA:224,1387843
DA:225,1387843
DA:226,1387843
DA:227,1387843
DA:228,1387843
DA:229,1387843
DA:230,1387843
DA:231,0
DA:232,0
DA:233,1387843
DA:234,1
DA:235,1
DA:236,7772
DA:237,7772
DA:238,326
DA:239,326
DA:240,7772
DA:241,7772
DA:242,7772
DA:243,7772
DA:244,7772
DA:245,7772
DA:246,7772
DA:247,7772
DA:248,1
DA:249,1
DA:250,3723
DA:251,3723
DA:252,3723
DA:253,3723
DA:254,3723
DA:255,3723
DA:256,3723
DA:257,3723
DA:258,3723
DA:259,3723
DA:260,1
DA:261,1
DA:262,586
DA:263,586
DA:264,586
DA:265,586
DA:266,1
DA:267,1
DA:268,0
DA:269,0
DA:270,0
DA:271,0
DA:272,0
DA:273,0
DA:274,0
DA:275,0
DA:276,0
DA:277,0
DA:278,0
DA:279,0
DA:280,0
DA:281,0
DA:282,0
DA:283,0
DA:284,0
DA:285,0
DA:286,0
DA:287,0
DA:288,0
DA:289,0
DA:290,1
DA:291,1
DA:292,3070690
DA:293,0
DA:294,0
DA:295,3070690
DA:296,1
DA:297,1
DA:298,0
DA:299,0
DA:300,0
DA:301,0
DA:302,1
LF:302
LH:249
BRDA:26,0,0,651
BRDA:35,1,0,200
BRDA:51,2,0,12
BRDA:54,3,0,0
BRDA:63,4,0,5367898
BRDA:64,5,0,0
BRDA:64,6,0,0
BRDA:73,7,0,0
BRDA:79,8,0,621
BRDA:93,9,0,1449
BRDA:97,10,0,154584
BRDA:102,11,0,579
BRDA:107,12,0,444
BRDA:111,13,0,240
BRDA:113,14,0,420479
BRDA:123,15,0,41127
BRDA:141,16,0,97315
BRDA:147,17,0,196544
BRDA:148,18,0,1914
BRDA:156,19,0,1930428
BRDA:157,20,0,1537340
BRDA:164,21,0,1930428
BRDA:166,22,0,0
BRDA:174,23,0,1784801
BRDA:184,24,0,1930428
BRDA:185,25,0,1543721
BRDA:190,26,0,211916
BRDA:201,27,0,105823
BRDA:211,28,0,276
BRDA:223,29,0,1387843
BRDA:230,30,0,0
BRDA:235,31,0,7772
BRDA:237,32,0,326
BRDA:249,33,0,3723
BRDA:261,34,0,586
BRDA:291,35,0,3070690
BRDA:292,36,0,0
BRF:37
BRH:30
end_of_record
TN:
SF:src/classes/objectStructureRecord.ts
FN:29,ObjectStructureRecord
FN:36,get length
FN:40,get memoryLength
FN:44,nextLong
FN:51,nextWord
FN:58,nextByte
FN:83,peekWord
FN:90,skipToName
FN:104,recordWithinStructureRecord
FN:121,readString
FN:133,readLong
FN:140,readWord
FN:147,readByte
FN:158,logMessage
FN:164,dumpBytes
FNF:15
FNH:13
FNDA:8391,ObjectStructureRecord
FNDA:0,get length
FNDA:4510,get memoryLength
FNDA:9613,nextLong
FNDA:25074,nextWord
FNDA:62559,nextByte
FNDA:753,peekWord
FNDA:5041,skipToName
FNDA:753,recordWithinStructureRecord
FNDA:5041,readString
FNDA:4510,readLong
FNDA:9020,readWord
FNDA:19546,readByte
FNDA:5041,logMessage
FNDA:0,dumpBytes
DA:1,1
DA:2,1
DA:3,1
DA:4,1
DA:5,1
DA:6,1
DA:7,1
DA:8,1
DA:9,1
DA:10,1
DA:11,1
DA:12,1
DA:13,1
DA:14,1
DA:15,1
DA:16,1
DA:17,1
DA:18,1
DA:19,1
DA:20,1
DA:21,1
DA:22,1
DA:23,1
DA:24,1
DA:25,1
DA:26,1
DA:27,1
DA:28,1
DA:29,1
DA:30,8391
DA:31,8391
DA:32,8391
DA:33,8391
DA:34,8391
DA:35,1
DA:36,1
DA:37,0
DA:38,0
DA:39,1
DA:40,1
DA:41,4510
DA:42,4510
DA:43,1
DA:44,1
DA:45,9613
DA:46,9613
DA:47,9613
DA:48,9613
DA:49,9613
DA:50,1
DA:51,1
DA:52,25074
DA:53,25074
DA:54,25074
DA:55,25074
DA:56,25074
DA:57,1
DA:58,1
DA:59,62559
DA:60,62559
DA:61,62559
DA:62,62559
DA:63,0
DA:64,0
DA:65,0
DA:66,62559
DA:67,62559
DA:68,1
DA:69,1
DA:70,1
DA:71,1
DA:72,1
DA:73,1
DA:74,1
DA:75,1
DA:76,1
DA:77,1
DA:78,1
DA:79,1
DA:80,1
DA:81,1
DA:82,1
DA:83,1
DA:84,753
DA:85,753
DA:86,753
DA:87,753
DA:88,753
DA:89,1
DA:90,1
DA:91,5041
DA:92,5041
DA:93,5041
DA:94,5041
DA:95,5041
DA:96,1276
DA:97,1276
DA:98,1276
DA:99,1276
DA:100,1276
DA:101,5041
DA:102,5041
DA:103,1
DA:104,1
DA:105,753
DA:106,753
DA:107,753
DA:108,753
DA:109,753
DA:110,0
DA:111,0
DA:112,0
DA:113,753
DA:114,753
DA:115,753
DA:116,753
DA:117,753
DA:118,753
DA:119,753
DA:120,1
DA:121,1
DA:122,5041
DA:123,5041
DA:124,5041
DA:125,5041
DA:126,5041
DA:127,5041
DA:128,5041
DA:129,5041
DA:130,5041
DA:131,5041
DA:132,1
DA:133,1
DA:134,4510
DA:135,4510
DA:136,4510
DA:137,4510
DA:138,4510
DA:139,1
DA:140,1
DA:141,9020
DA:142,9020
DA:143,9020
DA:144,9020
DA:145,9020
DA:146,1
DA:147,1
DA:148,19546
DA:149,19546
DA:150,19546
DA:151,19546
DA:152,0
DA:153,0
DA:154,0
DA:155,19546
DA:156,19546
DA:157,1
DA:158,1
DA:159,5041
DA:160,0
DA:161,0
DA:162,5041
DA:163,1
DA:164,1
DA:165,0
DA:166,0
DA:167,0
DA:168,0
DA:169,0
DA:170,0
DA:171,0
DA:172,0
DA:173,0
DA:174,0
DA:175,0
DA:176,0
DA:177,0
DA:178,0
DA:179,0
DA:180,0
DA:181,0
DA:182,0
DA:183,0
DA:184,0
DA:185,0
DA:186,0
DA:187,1
LF:187
LH:152
BRDA:29,0,0,8391
BRDA:40,1,0,4510
BRDA:44,2,0,9613
BRDA:51,3,0,25074
BRDA:58,4,0,62559
BRDA:62,5,0,0
BRDA:83,6,0,753
BRDA:90,7,0,5041
BRDA:95,8,0,1276
BRDA:104,9,0,753
BRDA:109,10,0,0
BRDA:121,11,0,5041
BRDA:133,12,0,4510
BRDA:140,13,0,9020
BRDA:147,14,0,19546
BRDA:151,15,0,0
BRDA:158,16,0,5041
BRDA:159,17,0,0
BRF:18
BRH:14
end_of_record
TN:
SF:src/classes/objectStructures.ts
FN:67,ObjectStructures
FN:75,ensureCapacity
FN:88,Object.<anonymous>
FN:92,get length
FN:96,get haveMaxStructures
FN:100,setOffset
FN:104,readNext
FN:111,getStructureSizeForID
FN:121,getStructureRecord
FN:127,readRecord
FN:147,beginRecord
FN:160,endRecord
FN:173,beginMemberRecord
FN:179,endMemberRecord
FN:186,enterSymbolName
FN:199,readLongAt
FN:208,enterAssignedStructure
FN:222,enterStructureAsNew
FN:236,recordStructElementName
FN:245,recordStructWithinStruct
FN:258,recordStructElement
FN:267,finalizeStructElement
FN:288,enterLong
FN:296,enterWord
FN:301,enterByte
FN:309,read
FN:321,reset
FN:329,replaceLong
FN:336,replaceWord
FN:341,replaceByte
FN:351,logMessage
FN:357,logMessageOutline
FNF:32
FNH:25
FNDA:207,ObjectStructures
FNDA:3001,ensureCapacity
FNDA:0,Object.<anonymous>
FNDA:0,get length
FNDA:66,get haveMaxStructures
FNDA:0,setOffset
FNDA:0,readNext
FNDA:532,getStructureSizeForID
FNDA:3819,getStructureRecord
FNDA:4447,readRecord
FNDA:58,beginRecord
FNDA:58,endRecord
FNDA:137,beginMemberRecord
FNDA:137,endMemberRecord
FNDA:0,enterSymbolName
FNDA:566,readLongAt
FNDA:2,enterAssignedStructure
FNDA:6,enterStructureAsNew
FNDA:137,recordStructElementName
FNDA:34,recordStructWithinStruct
FNDA:103,recordStructElement
FNDA:137,finalizeStructElement
FNDA:195,enterLong
FNDA:58,enterWord
FNDA:3001,enterByte
FNDA:0,read
FNDA:586,reset
FNDA:58,replaceLong
FNDA:58,replaceWord
FNDA:348,replaceByte
FNDA:17910,logMessage
FNDA:0,logMessageOutline
DA:1,1
DA:2,1
DA:3,1
DA:4,1
DA:5,1
DA:6,1
DA:7,1
DA:8,1
DA:9,1
DA:10,1
DA:11,1
DA:12,1
DA:13,1
DA:14,1
DA:15,1
DA:16,1
DA:17,1
DA:18,1
DA:19,1
DA:20,1
DA:21,1
DA:22,1
DA:23,1
DA:24,1
DA:25,1
DA:26,1
DA:27,1
DA:28,1
DA:29,1
DA:30,1
DA:31,1
DA:32,1
DA:33,1
DA:34,1
DA:35,1
DA:36,1
DA:37,3
DA:38,3
DA:39,3
DA:40,3
DA:41,3
DA:42,3
DA:43,3
DA:44,1
DA:45,1
DA:46,1
DA:47,1
DA:48,1
DA:49,1
DA:50,1
DA:51,1
DA:52,1
DA:53,1
DA:54,1
DA:55,1
DA:56,1
DA:57,1
DA:58,1
DA:59,1
DA:60,1
DA:61,1
DA:62,1
DA:63,1
DA:64,1
DA:65,1
DA:66,1
DA:67,1
DA:68,207
DA:69,207
DA:70,207
DA:71,207
DA:72,207
DA:73,207
DA:74,1
DA:75,1
DA:76,3001
DA:77,0
DA:78,0
DA:79,0
DA:80,0
DA:81,0
DA:82,0
DA:83,0
DA:84,0
DA:85,0
DA:86,3001
DA:87,1
DA:88,1
DA:89,0
DA:90,0
DA:91,1
DA:92,1
DA:93,0
DA:94,0
DA:95,1
DA:96,1
DA:97,66
DA:98,66
DA:99,1
DA:100,1
DA:101,0
DA:102,0
DA:103,1
DA:104,1
DA:105,0
DA:106,0
DA:107,0
DA:108,0
DA:109,0
DA:110,1
DA:111,1
DA:112,532
DA:113,532
DA:114,532
DA:115,532
DA:116,532
DA:117,532
DA:118,532
DA:119,532
DA:120,1
DA:121,1
DA:122,3819
DA:123,3819
DA:124,3819
DA:125,3819
DA:126,1
DA:127,1
DA:128,4447
DA:129,4447
DA:130,4447
DA:131,4447
DA:132,4447
DA:133,4447
DA:134,4447
DA:135,4447
DA:136,4447
DA:137,4447
DA:138,4447
DA:139,4447
DA:140,0
DA:141,0
DA:142,0
DA:143,4447
DA:144,4447
DA:145,4447
DA:146,1
DA:147,1
DA:148,58
DA:149,58
DA:150,58
DA:151,58
DA:152,58
DA:153,58
DA:154,58
DA:155,58
DA:156,58
DA:157,58
DA:158,58
DA:159,1
DA:160,1
DA:161,58
DA:162,58
DA:163,58
DA:164,58
DA:165,58
DA:166,58
DA:167,58
DA:168,58
DA:169,58
DA:170,58
DA:171,58
DA:172,1
DA:173,1
DA:174,137
DA:175,137
DA:176,137
DA:177,137
DA:178,1
DA:179,1
DA:180,137
DA:181,137
DA:182,137
DA:183,137
DA:184,137
DA:185,1
DA:186,1
DA:187,0
DA:188,0
DA:189,0
DA:190,0
DA:191,0
DA:192,0
DA:193,0
DA:194,0
DA:195,0
DA:196,0
DA:197,0
DA:198,1
DA:199,1
DA:200,566
DA:201,566
DA:202,566
DA:203,566
DA:204,566
DA:205,566
DA:206,566
DA:207,1
DA:208,1
DA:209,2
DA:210,2
DA:211,2
DA:212,2
DA:213,2
DA:214,44
DA:215,44
DA:216,2
DA:217,2
DA:218,2
DA:219,2
DA:220,2
DA:221,1
DA:222,1
DA:223,6
DA:224,6
DA:225,6
DA:226,6
DA:227,6
DA:228,257
DA:229,257
DA:230,6
DA:231,6
DA:232,6
DA:233,6
DA:234,6
DA:235,1
DA:236,1
DA:237,137
DA:238,137
DA:239,137
DA:240,137
DA:241,422
DA:242,422
DA:243,137
DA:244,1
DA:245,1
DA:246,34
DA:247,34
DA:248,34
DA:249,34
DA:250,34
DA:251,34
DA:252,34
DA:253,34
DA:254,971
DA:255,971
DA:256,34
DA:257,1
DA:258,1
DA:259,103
DA:260,103
DA:261,103
DA:262,103
DA:263,103
DA:264,103
DA:265,103
DA:266,1
DA:267,1
DA:268,137
DA:269,137
DA:270,137
DA:271,0
DA:272,0
DA:273,0
DA:274,137
DA:275,137
DA:276,137
DA:277,0
DA:278,0
DA:279,0
DA:280,137
DA:281,137
DA:282,0
DA:283,0
DA:284,0
DA:285,137
DA:286,137
DA:287,1
DA:288,1
DA:289,195
DA:290,195
DA:291,195
DA:292,195
DA:293,195
DA:294,195
DA:295,1
DA:296,1
DA:297,58
DA:298,58
DA:299,58
DA:300,1
DA:301,1
DA:302,3001
DA:303,3001
DA:304,3001
DA:305,3001
DA:306,3001
DA:307,3001
DA:308,1
DA:309,1
DA:310,0
DA:311,0
DA:312,0
DA:313,0
DA:314,0
DA:315,0
DA:316,0
DA:317,0
DA:318,0
DA:319,0
DA:320,1
DA:321,1
DA:322,586
DA:323,586
DA:324,586
DA:325,586
DA:326,586
DA:327,586
DA:328,1
DA:329,1
DA:330,58
DA:331,58
DA:332,58
DA:333,58
DA:334,58
DA:335,1
DA:336,1
DA:337,58
DA:338,58
DA:339,58
DA:340,1
DA:341,1
DA:342,348
DA:343,348
DA:344,348
DA:345,348
DA:346,0
DA:347,0
DA:348,0
DA:349,348
DA:350,1
DA:351,1
DA:352,17910
DA:353,0
DA:354,0
DA:355,17910
DA:356,1
DA:357,1
DA:358,0
DA:359,0
DA:360,0
DA:361,0
DA:362,1
LF:362
LH:300
BRDA:37,0,0,3
BRDA:67,1,0,207
BRDA:75,2,0,3001
BRDA:76,3,0,0
BRDA:76,4,0,0
BRDA:96,5,0,66
BRDA:97,6,0,0
BRDA:111,7,0,532
BRDA:121,8,0,3819
BRDA:127,9,0,4447
BRDA:139,10,0,0
BRDA:147,11,0,58
BRDA:160,12,0,58
BRDA:173,13,0,137
BRDA:179,14,0,137
BRDA:199,15,0,566
BRDA:208,16,0,2
BRDA:213,17,0,44
BRDA:222,18,0,6
BRDA:227,19,0,257
BRDA:236,20,0,137
BRDA:240,21,0,422
BRDA:245,22,0,34
BRDA:253,23,0,971
BRDA:258,24,0,103
BRDA:267,25,0,137
BRDA:270,26,0,16
BRDA:270,27,0,0
BRDA:276,28,0,0
BRDA:281,29,0,0
BRDA:288,30,0,195
BRDA:296,31,0,58
BRDA:301,32,0,3001
BRDA:321,33,0,586
BRDA:329,34,0,58
BRDA:336,35,0,58
BRDA:341,36,0,348
BRDA:345,37,0,0
BRDA:351,38,0,17910
BRDA:352,39,0,0
BRF:40
BRH:31
end_of_record
TN:
SF:src/classes/objectSymbolStore.ts
FN:16,ObjectSymbolStore
FN:24,storeSymbols
FN:34,getSymbols
FN:42,getAllSymbols
FN:50,hasSymbols
FN:57,get objectCount
FN:64,clear
FNF:7
FNH:3
FNDA:211,ObjectSymbolStore
FNDA:288,storeSymbols
FNDA:0,getSymbols
FNDA:200,getAllSymbols
FNDA:0,hasSymbols
FNDA:0,get objectCount
FNDA:0,clear
DA:1,1
DA:2,1
DA:3,1
DA:4,1
DA:5,1
DA:6,1
DA:7,1
DA:8,1
DA:9,1
DA:10,1
DA:11,1
DA:12,1
DA:13,1
DA:14,1
DA:15,1
DA:16,211
DA:17,211
DA:18,211
DA:19,211
DA:20,211
DA:21,211
DA:22,211
DA:23,211
DA:24,211
DA:25,288
DA:26,288
DA:27,288
DA:28,211
DA:29,211
DA:30,211
DA:31,211
DA:32,211
DA:33,211
DA:34,211
DA:35,0
DA:36,0
DA:37,211
DA:38,211
DA:39,211
DA:40,211
DA:41,211
DA:42,211
DA:43,200
DA:44,200
DA:45,211
DA:46,211
DA:47,211
DA:48,211
DA:49,211
DA:50,211
DA:51,0
DA:52,0
DA:53,211
DA:54,211
DA:55,211
DA:56,211
DA:57,211
DA:58,0
DA:59,0
DA:60,211
DA:61,211
DA:62,211
DA:63,211
DA:64,211
DA:65,0
DA:66,0
DA:67,211
LF:67
LH:59
BRDA:16,0,0,211
BRDA:24,1,0,288
BRDA:42,2,0,200
BRF:3
BRH:3
end_of_record
TN:
SF:src/classes/objectSymbols.ts
FN:70,ObjectSymbols
FN:77,ensureCapacity
FN:93,Object.<anonymous>
FN:97,get length
FN:101,setReadOffset
FN:105,readNext
FN:112,writeSymbolName
FN:121,writePubMethod
FN:131,writePubConstant
FN:140,writePubStructure
FN:151,writeLong
FN:159,writeByte
FN:177,reset
FN:184,logMessage
FN:190,logMessageOutline
FNF:15
FNH:14
FNDA:207,ObjectSymbols
FNDA:109762,ensureCapacity
FNDA:0,Object.<anonymous>
FNDA:41479,get length
FNDA:240,setReadOffset
FNDA:40999,readNext
FNDA:7447,writeSymbolName
FNDA:386,writePubMethod
FNDA:7001,writePubConstant
FNDA:60,writePubStructure
FNDA:7001,writeLong
FNDA:109762,writeByte
FNDA:586,reset
FNDA:158794,logMessage
FNDA:9,logMessageOutline
DA:1,1
DA:2,1
DA:3,1
DA:4,1
DA:5,1
DA:6,1
DA:7,1
DA:8,1
DA:9,1
DA:10,1
DA:11,1
DA:12,1
DA:13,1
DA:14,1
DA:15,1
DA:16,1
DA:17,1
DA:18,1
DA:19,1
DA:20,1
DA:21,1
DA:22,1
DA:23,1
DA:24,1
DA:25,1
DA:26,1
DA:27,1
DA:28,1
DA:29,1
DA:30,1
DA:31,1
DA:32,1
DA:33,1
DA:34,1
DA:35,1
DA:36,1
DA:37,1
DA:38,1
DA:39,1
DA:40,1
DA:41,1
DA:42,1
DA:43,1
DA:44,1
DA:45,1
DA:46,1
DA:47,1
DA:48,1
DA:49,1
DA:50,1
DA:51,1
DA:52,1
DA:53,1
DA:54,1
DA:55,1
DA:56,1
DA:57,1
DA:58,1
DA:59,1
DA:60,1
DA:61,1
DA:62,1
DA:63,1
DA:64,1
DA:65,1
DA:66,1
DA:67,1
DA:68,1
DA:69,1
DA:70,1
DA:71,207
DA:72,207
DA:73,207
DA:74,207
DA:75,207
DA:76,1
DA:77,1
DA:78,109762
DA:79,9
DA:80,9
DA:81,9
DA:82,9
DA:83,9
DA:84,9
DA:85,9
DA:86,9
DA:87,109762
DA:88,0
DA:89,0
DA:90,0
DA:91,109762
DA:92,1
DA:93,1
DA:94,0
DA:95,0
DA:96,1
DA:97,1
DA:98,41479
DA:99,41479
DA:100,1
DA:101,1
DA:102,240
DA:103,240
DA:104,1
DA:105,1
DA:106,40999
DA:107,40999
DA:108,40999
DA:109,40999
DA:110,40999
DA:111,1
DA:112,1
DA:113,7447
DA:114,7447
DA:115,70795
DA:116,70795
DA:117,70795
DA:118,7447
DA:119,7447
DA:120,1
DA:121,1
DA:122,386
DA:123,386
DA:124,386
DA:125,386
DA:126,386
DA:127,386
DA:128,386
DA:129,386
DA:130,1
DA:131,1
DA:132,7001
DA:133,7001
DA:134,7001
DA:135,7001
DA:136,7001
DA:137,7001
DA:138,7001
DA:139,1
DA:140,1
DA:141,60
DA:142,60
DA:143,60
DA:144,60
DA:145,60
DA:146,60
DA:147,2744
DA:148,2744
DA:149,60
DA:150,1
DA:151,1
DA:152,7001
DA:153,7001
DA:154,7001
DA:155,7001
DA:156,7001
DA:157,7001
DA:158,1
DA:159,1
DA:160,109762
DA:161,109762
DA:162,109762
DA:163,109762
DA:164,109762
DA:165,1
DA:166,1
DA:167,1
DA:168,1
DA:169,1
DA:170,1
DA:171,1
DA:172,1
DA:173,1
DA:174,1
DA:175,1
DA:176,1
DA:177,1
DA:178,586
DA:179,586
DA:180,586
DA:181,586
DA:182,586
DA:183,1
DA:184,1
DA:185,158794
DA:186,0
DA:187,0
DA:188,158794
DA:189,1
DA:190,1
DA:191,9
DA:192,0
DA:193,0
DA:194,9
DA:195,1
LF:195
LH:186
BRDA:70,0,0,207
BRDA:77,1,0,109762
BRDA:78,2,0,9
BRDA:78,3,0,9
BRDA:81,4,0,0
BRDA:87,5,0,109753
BRDA:87,6,0,0
BRDA:97,7,0,41479
BRDA:101,8,0,240
BRDA:105,9,0,40999
BRDA:112,10,0,7447
BRDA:114,11,0,70795
BRDA:121,12,0,386
BRDA:131,13,0,7001
BRDA:134,14,0,103
BRDA:134,15,0,6898
BRDA:140,16,0,60
BRDA:146,17,0,2744
BRDA:151,18,0,7001
BRDA:159,19,0,109762
BRDA:177,20,0,586
BRDA:184,21,0,158794
BRDA:185,22,0,0
BRDA:190,23,0,9
BRDA:191,24,0,0
BRF:25
BRH:21
end_of_record
TN:
SF:src/classes/parseUtils.ts
FN:1014,setAsmcodeValue
FN:1023,setFlexcodeValue
FN:1035,setOpcodeValue
FN:1086,SpinSymbolTables
FN:2913,getFlexcodeFromBytecode
FN:2930,dumpFlexCodeMap
FN:2942,enableLogging
FN:2947,logMessage
FN:2953,setLangaugeVersion
FN:2958,builtInSymbol
FN:3057,operatorSymbol
FN:3078,regressionInternalTableValuePairString
FN:3134,addPairsToResultStrings
FN:3142,addStringArPairsToResultStrings
FN:3149,regressionAcValuePairStrings
FN:3167,regressionFcValuePairStrings
FN:3185,regressionOpValuePairStrings
FN:3202,regressionFilterAndGetValue
FN:3233,regressionString
FN:3238,opcodeValue
FN:3251,asmcodeValue
FN:3263,flexValue
FNF:22
FNH:13
FNDA:222939,setAsmcodeValue
FNDA:47817,setFlexcodeValue
FNDA:46575,setOpcodeValue
FNDA:621,SpinSymbolTables
FNDA:667,getFlexcodeFromBytecode
FNDA:0,dumpFlexCodeMap
FNDA:207,enableLogging
FNDA:201912,logMessage
FNDA:588,setLangaugeVersion
FNDA:40080,builtInSymbol
FNDA:38104,operatorSymbol
FNDA:0,regressionInternalTableValuePairString
FNDA:0,addPairsToResultStrings
FNDA:0,addStringArPairsToResultStrings
FNDA:0,regressionAcValuePairStrings
FNDA:0,regressionFcValuePairStrings
FNDA:0,regressionOpValuePairStrings
FNDA:0,regressionFilterAndGetValue
FNDA:0,regressionString
FNDA:45519,opcodeValue
FNDA:199746,asmcodeValue
FNDA:49731,flexValue
DA:1,1
DA:2,1
DA:3,1
DA:4,1
DA:5,1
DA:6,1
DA:7,1
DA:8,1
DA:9,1
DA:10,1
DA:11,1
DA:12,1
DA:13,1
DA:14,1
DA:15,1
DA:16,1
DA:17,1
DA:18,1
DA:19,1
DA:20,1
DA:21,1
DA:22,1
DA:23,3
DA:24,3
DA:25,3
DA:26,3
DA:27,3
DA:28,3
DA:29,3
DA:30,3
DA:31,3
DA:32,3
DA:33,3
DA:34,3
DA:35,3
DA:36,3
DA:37,3
DA:38,3
DA:39,3
DA:40,3
DA:41,3
DA:42,3
DA:43,3
DA:44,3
DA:45,3
DA:46,3
DA:47,3
DA:48,3
DA:49,3
DA:50,3
DA:51,3
DA:52,3
DA:53,3
DA:54,3
DA:55,3
DA:56,3
DA:57,3
DA:58,3
DA:59,3
DA:60,3
DA:61,3
DA:62,3
DA:63,3
DA:64,3
DA:65,3
DA:66,3
DA:67,3
DA:68,3
DA:69,3
DA:70,3
DA:71,3
DA:72,3
DA:73,3
DA:74,3
DA:75,3
DA:76,3
DA:77,3
DA:78,3
DA:79,3
DA:80,3
DA:81,3
DA:82,3
DA:83,3
DA:84,3
DA:85,3
DA:86,3
DA:87,3
DA:88,3
DA:89,3
DA:90,3
DA:91,3
DA:92,3
DA:93,3
DA:94,3
DA:95,3
DA:96,3
DA:97,3
DA:98,3
DA:99,3
DA:100,3
DA:101,3
DA:102,3
DA:103,3
DA:104,3
DA:105,3
DA:106,3
DA:107,3
DA:108,3
DA:109,3
DA:110,3
DA:111,3
DA:112,3
DA:113,3
DA:114,3
DA:115,3
DA:116,3
DA:117,3
DA:118,3
DA:119,3
DA:120,3
DA:121,3
DA:122,3
DA:123,3
DA:124,3
DA:125,3
DA:126,3
DA:127,3
DA:128,3
DA:129,3
DA:130,3
DA:131,3
DA:132,3
DA:133,3
DA:134,3
DA:135,3
DA:136,3
DA:137,3
DA:138,3
DA:139,3
DA:140,3
DA:141,3
DA:142,3
DA:143,3
DA:144,3
DA:145,3
DA:146,3
DA:147,3
DA:148,3
DA:149,3
DA:150,3
DA:151,3
DA:152,3
DA:153,3
DA:154,3
DA:155,3
DA:156,3
DA:157,3
DA:158,3
DA:159,3
DA:160,3
DA:161,3
DA:162,3
DA:163,3
DA:164,3
DA:165,3
DA:166,3
DA:167,3
DA:168,3
DA:169,3
DA:170,3
DA:171,3
DA:172,3
DA:173,3
DA:174,3
DA:175,3
DA:176,3
DA:177,3
DA:178,3
DA:179,3
DA:180,3
DA:181,3
DA:182,3
DA:183,3
DA:184,3
DA:185,3
DA:186,3
DA:187,3
DA:188,3
DA:189,3
DA:190,3
DA:191,3
DA:192,3
DA:193,3
DA:194,3
DA:195,3
DA:196,3
DA:197,3
DA:198,3
DA:199,3
DA:200,3
DA:201,3
DA:202,3
DA:203,3
DA:204,3
DA:205,3
DA:206,3
DA:207,3
DA:208,3
DA:209,3
DA:210,3
DA:211,3
DA:212,3
DA:213,3
DA:214,3
DA:215,3
DA:216,3
DA:217,3
DA:218,3
DA:219,3
DA:220,3
DA:221,3
DA:222,3
DA:223,3
DA:224,3
DA:225,3
DA:226,3
DA:227,3
DA:228,3
DA:229,3
DA:230,3
DA:231,3
DA:232,3
DA:233,3
DA:234,3
DA:235,3
DA:236,3
DA:237,3
DA:238,3
DA:239,3
DA:240,3
DA:241,3
DA:242,3
DA:243,3
DA:244,3
DA:245,3
DA:246,3
DA:247,3
DA:248,3
DA:249,3
DA:250,3
DA:251,3
DA:252,3
DA:253,3
DA:254,3
DA:255,3
DA:256,3
DA:257,3
DA:258,3
DA:259,3
DA:260,3
DA:261,3
DA:262,3
DA:263,3
DA:264,3
DA:265,3
DA:266,3
DA:267,3
DA:268,3
DA:269,3
DA:270,3
DA:271,3
DA:272,3
DA:273,3
DA:274,3
DA:275,3
DA:276,3
DA:277,3
DA:278,3
DA:279,3
DA:280,3
DA:281,3
DA:282,3
DA:283,3
DA:284,3
DA:285,3
DA:286,3
DA:287,3
DA:288,3
DA:289,3
DA:290,3
DA:291,3
DA:292,3
DA:293,3
DA:294,3
DA:295,3
DA:296,3
DA:297,3
DA:298,3
DA:299,3
DA:300,3
DA:301,3
DA:302,3
DA:303,3
DA:304,3
DA:305,3
DA:306,3
DA:307,3
DA:308,3
DA:309,3
DA:310,3
DA:311,3
DA:312,3
DA:313,3
DA:314,3
DA:315,3
DA:316,3
DA:317,3
DA:318,3
DA:319,3
DA:320,3
DA:321,3
DA:322,3
DA:323,3
DA:324,3
DA:325,3
DA:326,3
DA:327,3
DA:328,3
DA:329,3
DA:330,3
DA:331,3
DA:332,3
DA:333,3
DA:334,3
DA:335,3
DA:336,3
DA:337,3
DA:338,3
DA:339,3
DA:340,3
DA:341,3
DA:342,3
DA:343,3
DA:344,3
DA:345,3
DA:346,3
DA:347,3
DA:348,3
DA:349,3
DA:350,3
DA:351,3
DA:352,3
DA:353,3
DA:354,3
DA:355,3
DA:356,3
DA:357,3
DA:358,3
DA:359,3
DA:360,3
DA:361,3
DA:362,3
DA:363,3
DA:364,3
DA:365,3
DA:366,3
DA:367,3
DA:368,3
DA:369,3
DA:370,3
DA:371,3
DA:372,3
DA:373,3
DA:374,3
DA:375,3
DA:376,3
DA:377,3
DA:378,3
DA:379,3
DA:380,3
DA:381,3
DA:382,3
DA:383,3
DA:384,3
DA:385,3
DA:386,3
DA:387,3
DA:388,3
DA:389,3
DA:390,3
DA:391,3
DA:392,3
DA:393,3
DA:394,3
DA:395,3
DA:396,3
DA:397,3
DA:398,3
DA:399,3
DA:400,3
DA:401,3
DA:402,3
DA:403,3
DA:404,3
DA:405,3
DA:406,3
DA:407,3
DA:408,3
DA:409,3
DA:410,3
DA:411,3
DA:412,3
DA:413,3
DA:414,3
DA:415,3
DA:416,3
DA:417,3
DA:418,3
DA:419,3
DA:420,3
DA:421,3
DA:422,3
DA:423,3
DA:424,3
DA:425,3
DA:426,3
DA:427,3
DA:428,3
DA:429,3
DA:430,3
DA:431,3
DA:432,3
DA:433,3
DA:434,3
DA:435,3
DA:436,3
DA:437,3
DA:438,3
DA:439,3
DA:440,3
DA:441,3
DA:442,3
DA:443,3
DA:444,3
DA:445,3
DA:446,3
DA:447,3
DA:448,3
DA:449,3
DA:450,3
DA:451,3
DA:452,3
DA:453,3
DA:454,3
DA:455,3
DA:456,3
DA:457,3
DA:458,3
DA:459,3
DA:460,3
DA:461,3
DA:462,3
DA:463,3
DA:464,3
DA:465,3
DA:466,3
DA:467,3
DA:468,3
DA:469,3
DA:470,3
DA:471,3
DA:472,3
DA:473,3
DA:474,3
DA:475,3
DA:476,3
DA:477,3
DA:478,3
DA:479,3
DA:480,3
DA:481,3
DA:482,3
DA:483,3
DA:484,3
DA:485,3
DA:486,3
DA:487,3
DA:488,3
DA:489,3
DA:490,3
DA:491,3
DA:492,3
DA:493,3
DA:494,3
DA:495,3
DA:496,3
DA:497,3
DA:498,3
DA:499,3
DA:500,3
DA:501,3
DA:502,3
DA:503,3
DA:504,3
DA:505,3
DA:506,3
DA:507,3
DA:508,3
DA:509,3
DA:510,3
DA:511,3
DA:512,3
DA:513,3
DA:514,3
DA:515,3
DA:516,3
DA:517,3
DA:518,3
DA:519,3
DA:520,3
DA:521,3
DA:522,3
DA:523,3
DA:524,3
DA:525,3
DA:526,3
DA:527,3
DA:528,3
DA:529,3
DA:530,3
DA:531,3
DA:532,3
DA:533,3
DA:534,3
DA:535,3
DA:536,3
DA:537,3
DA:538,3
DA:539,3
DA:540,3
DA:541,3
DA:542,3
DA:543,3
DA:544,3
DA:545,3
DA:546,3
DA:547,3
DA:548,3
DA:549,3
DA:550,3
DA:551,3
DA:552,3
DA:553,3
DA:554,3
DA:555,3
DA:556,3
DA:557,3
DA:558,3
DA:559,3
DA:560,3
DA:561,3
DA:562,3
DA:563,3
DA:564,3
DA:565,3
DA:566,3
DA:567,3
DA:568,3
DA:569,3
DA:570,3
DA:571,3
DA:572,3
DA:573,3
DA:574,3
DA:575,3
DA:576,3
DA:577,3
DA:578,3
DA:579,3
DA:580,3
DA:581,3
DA:582,3
DA:583,3
DA:584,3
DA:585,3
DA:586,3
DA:587,3
DA:588,3
DA:589,3
DA:590,3
DA:591,3
DA:592,3
DA:593,3
DA:594,3
DA:595,3
DA:596,3
DA:597,3
DA:598,3
DA:599,3
DA:600,3
DA:601,3
DA:602,3
DA:603,3
DA:604,3
DA:605,3
DA:606,3
DA:607,3
DA:608,3
DA:609,3
DA:610,3
DA:611,3
DA:612,3
DA:613,3
DA:614,3
DA:615,3
DA:616,3
DA:617,3
DA:618,3
DA:619,3
DA:620,3
DA:621,3
DA:622,3
DA:623,3
DA:624,3
DA:625,3
DA:626,3
DA:627,3
DA:628,3
DA:629,3
DA:630,3
DA:631,3
DA:632,3
DA:633,3
DA:634,3
DA:635,3
DA:636,3
DA:637,3
DA:638,3
DA:639,3
DA:640,3
DA:641,3
DA:642,3
DA:643,3
DA:644,3
DA:645,3
DA:646,3
DA:647,3
DA:648,3
DA:649,3
DA:650,3
DA:651,3
DA:652,3
DA:653,3
DA:654,3
DA:655,3
DA:656,3
DA:657,3
DA:658,3
DA:659,3
DA:660,3
DA:661,3
DA:662,3
DA:663,3
DA:664,3
DA:665,3
DA:666,3
DA:667,3
DA:668,3
DA:669,3
DA:670,3
DA:671,3
DA:672,3
DA:673,3
DA:674,3
DA:675,3
DA:676,3
DA:677,3
DA:678,3
DA:679,3
DA:680,3
DA:681,3
DA:682,3
DA:683,3
DA:684,3
DA:685,3
DA:686,3
DA:687,3
DA:688,3
DA:689,3
DA:690,3
DA:691,3
DA:692,3
DA:693,3
DA:694,3
DA:695,3
DA:696,3
DA:697,3
DA:698,3
DA:699,3
DA:700,3
DA:701,3
DA:702,3
DA:703,3
DA:704,3
DA:705,3
DA:706,3
DA:707,3
DA:708,3
DA:709,3
DA:710,3
DA:711,3
DA:712,3
DA:713,3
DA:714,3
DA:715,3
DA:716,3
DA:717,3
DA:718,3
DA:719,3
DA:720,3
DA:721,3
DA:722,3
DA:723,3
DA:724,3
DA:725,3
DA:726,3
DA:727,3
DA:728,3
DA:729,3
DA:730,3
DA:731,3
DA:732,3
DA:733,3
DA:734,3
DA:735,3
DA:736,3
DA:737,3
DA:738,3
DA:739,3
DA:740,3
DA:741,3
DA:742,3
DA:743,3
DA:744,3
DA:745,3
DA:746,3
DA:747,3
DA:748,3
DA:749,3
DA:750,3
DA:751,3
DA:752,3
DA:753,3
DA:754,3
DA:755,3
DA:756,3
DA:757,3
DA:758,3
DA:759,3
DA:760,3
DA:761,3
DA:762,3
DA:763,3
DA:764,3
DA:765,3
DA:766,3
DA:767,3
DA:768,3
DA:769,3
DA:770,3
DA:771,3
DA:772,3
DA:773,3
DA:774,3
DA:775,3
DA:776,3
DA:777,3
DA:778,3
DA:779,3
DA:780,3
DA:781,3
DA:782,3
DA:783,3
DA:784,3
DA:785,3
DA:786,3
DA:787,3
DA:788,3
DA:789,3
DA:790,3
DA:791,3
DA:792,3
DA:793,3
DA:794,3
DA:795,3
DA:796,3
DA:797,3
DA:798,3
DA:799,3
DA:800,3
DA:801,3
DA:802,3
DA:803,3
DA:804,3
DA:805,3
DA:806,3
DA:807,3
DA:808,3
DA:809,3
DA:810,3
DA:811,3
DA:812,3
DA:813,3
DA:814,3
DA:815,3
DA:816,3
DA:817,3
DA:818,3
DA:819,3
DA:820,3
DA:821,3
DA:822,3
DA:823,3
DA:824,3
DA:825,3
DA:826,3
DA:827,3
DA:828,3
DA:829,3
DA:830,3
DA:831,3
DA:832,3
DA:833,3
DA:834,3
DA:835,3
DA:836,3
DA:837,3
DA:838,3
DA:839,3
DA:840,3
DA:841,3
DA:842,3
DA:843,3
DA:844,3
DA:845,3
DA:846,3
DA:847,3
DA:848,3
DA:849,3
DA:850,3
DA:851,3
DA:852,3
DA:853,3
DA:854,3
DA:855,3
DA:856,3
DA:857,3
DA:858,3
DA:859,3
DA:860,3
DA:861,3
DA:862,3
DA:863,3
DA:864,3
DA:865,3
DA:866,3
DA:867,3
DA:868,3
DA:869,3
DA:870,3
DA:871,3
DA:872,3
DA:873,3
DA:874,3
DA:875,3
DA:876,3
DA:877,3
DA:878,3
DA:879,3
DA:880,3
DA:881,3
DA:882,3
DA:883,3
DA:884,3
DA:885,3
DA:886,3
DA:887,3
DA:888,3
DA:889,3
DA:890,3
DA:891,3
DA:892,3
DA:893,3
DA:894,3
DA:895,3
DA:896,3
DA:897,3
DA:898,3
DA:899,3
DA:900,3
DA:901,3
DA:902,3
DA:903,3
DA:904,3
DA:905,3
DA:906,3
DA:907,3
DA:908,3
DA:909,3
DA:910,3
DA:911,3
DA:912,3
DA:913,3
DA:914,3
DA:915,3
DA:916,3
DA:917,3
DA:918,3
DA:919,3
DA:920,3
DA:921,3
DA:922,3
DA:923,3
DA:924,3
DA:925,3
DA:926,3
DA:927,3
DA:928,3
DA:929,3
DA:930,3
DA:931,3
DA:932,3
DA:933,3
DA:934,3
DA:935,3
DA:936,3
DA:937,3
DA:938,3
DA:939,3
DA:940,3
DA:941,3
DA:942,3
DA:943,3
DA:944,3
DA:945,3
DA:946,3
DA:947,3
DA:948,3
DA:949,3
DA:950,3
DA:951,3
DA:952,3
DA:953,3
DA:954,3
DA:955,1
DA:956,3
DA:957,3
DA:958,3
DA:959,1
DA:960,3
DA:961,3
DA:962,3
DA:963,3
DA:964,3
DA:965,3
DA:966,3
DA:967,3
DA:968,3
DA:969,3
DA:970,1
DA:971,3
DA:972,3
DA:973,3
DA:974,3
DA:975,1
DA:976,3
DA:977,3
DA:978,3
DA:979,1
DA:980,3
DA:981,3
DA:982,3
DA:983,3
DA:984,3
DA:985,3
DA:986,3
DA:987,3
DA:988,3
DA:989,3
DA:990,3
DA:991,3
DA:992,1
DA:993,3
DA:994,3
DA:995,3
DA:996,1
DA:997,3
DA:998,3
DA:999,3
DA:1000,3
DA:1001,3
DA:1002,3
DA:1003,3
DA:1004,3
DA:1005,3
DA:1006,1
DA:1007,1
DA:1008,3
DA:1009,3
DA:1010,3
DA:1011,3
DA:1012,3
DA:1013,1
DA:1014,222939
DA:1015,222939
DA:1016,222939
DA:1017,222939
DA:1018,222939
DA:1019,222939
DA:1020,222939
DA:1021,222939
DA:1022,1
DA:1023,47817
DA:1024,47817
DA:1025,47817
DA:1026,47817
DA:1027,47817
DA:1028,47817
DA:1029,47817
DA:1030,47817
DA:1031,47817
DA:1032,47817
DA:1033,47817
DA:1034,1
DA:1035,46575
DA:1036,46575
DA:1037,46575
DA:1038,46575
DA:1039,46575
DA:1040,46575
DA:1041,46575
DA:1042,46575
DA:1043,46575
[...]
DA:42,1
DA:43,1
DA:44,1
DA:45,1
DA:46,1
DA:47,1
DA:48,1
DA:49,1
DA:50,1
DA:51,1
DA:52,1
DA:53,1
DA:54,0
DA:55,0
DA:56,0
DA:57,1
DA:58,1
DA:59,1
DA:60,1
DA:61,1
DA:62,1
DA:63,1
DA:64,1
DA:65,1
DA:66,1
DA:67,1
DA:68,1
DA:69,1
DA:70,1
DA:71,1
DA:72,1
DA:73,1
DA:74,1
DA:75,1
DA:76,1
DA:77,1
DA:78,1
DA:79,1
DA:80,1
DA:81,1
DA:82,1
DA:83,1
DA:84,1
DA:85,1
DA:86,1
DA:87,1
DA:88,1
DA:89,248290
DA:90,248290
DA:91,248290
DA:92,248290
DA:93,248290
DA:94,1
DA:95,1
DA:96,1
DA:97,1
DA:98,1
DA:99,1
DA:100,354309
DA:101,354309
DA:102,1
DA:103,1
DA:104,1
DA:105,1
DA:106,1
DA:107,1
DA:108,277136262
DA:109,277136262
DA:110,1
DA:111,1
DA:112,0
DA:113,0
DA:114,0
DA:115,0
DA:116,0
DA:117,1
DA:118,1
DA:119,1
DA:120,1
DA:121,1
DA:122,1
DA:123,0
DA:124,0
DA:125,1
DA:126,1
DA:127,1
DA:128,1
DA:129,1
DA:130,1
DA:131,0
DA:132,0
DA:133,1
DA:134,1
DA:135,1
DA:136,1
DA:137,1
DA:138,1
DA:139,1
DA:140,1
DA:141,248290
DA:142,248290
DA:143,54175
DA:144,21256
DA:145,21256
DA:146,21256
DA:147,54175
DA:148,248290
DA:149,248290
DA:150,1
LF:150
LH:135
BRDA:88,0,0,248290
BRDA:99,1,0,354309
BRDA:107,2,0,277136262
BRDA:140,3,0,248290
BRDA:142,4,0,54175
BRDA:143,5,0,25181
BRDA:143,6,0,21256
BRF:7
BRH:7
end_of_record
TN:
SF:src/classes/types.ts
FNF:0
FNH:0
DA:1,1
DA:2,1
DA:3,1
DA:4,1
DA:5,1
DA:6,1
DA:7,1
DA:8,3
DA:9,3
DA:10,3
DA:11,3
DA:12,3
DA:13,3
DA:14,3
DA:15,3
DA:16,3
DA:17,3
DA:18,3
DA:19,3
DA:20,3
DA:21,3
DA:22,3
DA:23,3
DA:24,3
DA:25,3
DA:26,3
DA:27,3
DA:28,3
DA:29,3
DA:30,3
DA:31,3
DA:32,3
DA:33,3
DA:34,3
DA:35,3
DA:36,3
DA:37,3
DA:38,3
DA:39,3
DA:40,3
DA:41,3
DA:42,3
DA:43,3
DA:44,3
DA:45,3
DA:46,3
DA:47,3
DA:48,3
DA:49,3
DA:50,3
DA:51,3
DA:52,3
DA:53,3
DA:54,3
DA:55,3
DA:56,3
DA:57,3
DA:58,3
DA:59,3
DA:60,3
DA:61,3
DA:62,3
DA:63,3
DA:64,3
DA:65,3
DA:66,3
DA:67,3
DA:68,3
DA:69,3
DA:70,3
DA:71,3
DA:72,3
DA:73,3
DA:74,3
DA:75,3
DA:76,3
DA:77,3
DA:78,3
DA:79,3
DA:80,3
DA:81,3
DA:82,3
DA:83,3
DA:84,3
DA:85,3
DA:86,3
DA:87,3
DA:88,3
DA:89,3
DA:90,3
DA:91,3
DA:92,3
DA:93,3
DA:94,3
DA:95,3
DA:96,3
DA:97,3
DA:98,3
DA:99,3
DA:100,3
DA:101,3
DA:102,3
DA:103,3
DA:104,3
DA:105,3
DA:106,3
DA:107,3
DA:108,3
DA:109,3
DA:110,3
DA:111,3
DA:112,3
DA:113,3
DA:114,3
DA:115,3
DA:116,3
DA:117,3
DA:118,3
DA:119,3
DA:120,3
DA:121,3
DA:122,3
DA:123,3
DA:124,3
DA:125,3
DA:126,3
DA:127,3
DA:128,3
DA:129,3
DA:130,3
DA:131,3
DA:132,3
DA:133,1
DA:134,3
DA:135,3
DA:136,3
DA:137,3
DA:138,3
DA:139,3
DA:140,3
DA:141,3
DA:142,3
DA:143,3
DA:144,3
DA:145,3
DA:146,3
DA:147,3
DA:148,3
DA:149,3
DA:150,3
DA:151,3
DA:152,3
DA:153,3
DA:154,3
DA:155,3
DA:156,3
DA:157,3
DA:158,3
DA:159,3
DA:160,3
DA:161,3
DA:162,3
DA:163,3
DA:164,3
DA:165,3
DA:166,3
DA:167,3
DA:168,3
DA:169,3
DA:170,3
DA:171,3
DA:172,3
DA:173,3
DA:174,3
DA:175,3
DA:176,3
DA:177,3
DA:178,3
DA:179,3
DA:180,3
DA:181,3
DA:182,3
DA:183,3
DA:184,3
DA:185,3
DA:186,3
DA:187,3
DA:188,3
DA:189,3
DA:190,3
DA:191,3
DA:192,3
DA:193,3
DA:194,3
DA:195,3
DA:196,3
DA:197,3
DA:198,3
DA:199,3
DA:200,3
DA:201,3
DA:202,3
DA:203,3
DA:204,3
DA:205,3
DA:206,3
DA:207,3
DA:208,3
DA:209,3
DA:210,3
DA:211,3
DA:212,3
DA:213,3
DA:214,3
DA:215,3
DA:216,3
DA:217,3
DA:218,3
DA:219,3
DA:220,3
DA:221,3
DA:222,3
DA:223,3
DA:224,3
DA:225,3
DA:226,3
DA:227,3
DA:228,3
DA:229,3
DA:230,3
DA:231,3
DA:232,1
DA:233,3
DA:234,3
DA:235,3
DA:236,3
DA:237,3
DA:238,3
DA:239,3
DA:240,3
DA:241,3
DA:242,3
DA:243,3
DA:244,1
DA:245,3
DA:246,3
DA:247,3
DA:248,3
DA:249,3
DA:250,3
DA:251,3
DA:252,3
DA:253,3
DA:254,3
DA:255,3
DA:256,3
DA:257,3
DA:258,3
DA:259,3
DA:260,3
DA:261,3
DA:262,3
DA:263,3
DA:264,3
DA:265,3
DA:266,3
DA:267,3
DA:268,3
DA:269,3
DA:270,3
DA:271,3
DA:272,3
DA:273,3
DA:274,3
DA:275,3
DA:276,3
DA:277,3
DA:278,3
DA:279,3
DA:280,3
DA:281,3
DA:282,3
DA:283,3
DA:284,3
DA:285,3
DA:286,3
DA:287,3
DA:288,3
DA:289,3
DA:290,3
DA:291,3
DA:292,3
DA:293,3
DA:294,3
DA:295,3
DA:296,3
DA:297,3
DA:298,3
DA:299,3
DA:300,3
DA:301,3
DA:302,3
DA:303,3
DA:304,3
DA:305,3
DA:306,3
DA:307,3
DA:308,3
DA:309,3
DA:310,3
DA:311,3
DA:312,3
DA:313,3
DA:314,3
DA:315,3
DA:316,3
DA:317,3
DA:318,3
DA:319,3
DA:320,3
DA:321,3
DA:322,3
DA:323,3
DA:324,3
DA:325,3
DA:326,3
DA:327,3
DA:328,3
DA:329,3
DA:330,3
DA:331,3
DA:332,3
DA:333,3
DA:334,3
DA:335,3
DA:336,3
DA:337,3
DA:338,3
DA:339,3
DA:340,3
DA:341,3
DA:342,3
DA:343,3
DA:344,3
DA:345,3
DA:346,3
DA:347,3
DA:348,3
DA:349,3
DA:350,3
DA:351,3
DA:352,3
DA:353,3
DA:354,3
DA:355,3
DA:356,3
DA:357,3
DA:358,3
DA:359,3
DA:360,3
DA:361,3
DA:362,3
DA:363,3
DA:364,3
DA:365,3
DA:366,3
DA:367,3
DA:368,3
DA:369,3
DA:370,3
DA:371,3
DA:372,3
DA:373,3
DA:374,3
DA:375,3
DA:376,3
DA:377,3
DA:378,3
DA:379,3
DA:380,3
DA:381,3
DA:382,3
DA:383,3
DA:384,3
DA:385,3
DA:386,3
DA:387,3
DA:388,3
DA:389,3
DA:390,3
DA:391,3
DA:392,3
DA:393,3
DA:394,3
DA:395,3
DA:396,3
DA:397,3
DA:398,3
DA:399,3
DA:400,3
DA:401,3
DA:402,3
DA:403,3
DA:404,3
DA:405,3
DA:406,3
DA:407,3
DA:408,3
DA:409,3
DA:410,3
DA:411,3
DA:412,3
DA:413,3
DA:414,3
DA:415,3
DA:416,3
DA:417,3
DA:418,3
DA:419,3
DA:420,3
DA:421,3
DA:422,3
DA:423,3
DA:424,3
DA:425,3
DA:426,3
DA:427,3
DA:428,3
DA:429,3
DA:430,3
DA:431,3
DA:432,3
DA:433,3
DA:434,3
DA:435,3
DA:436,3
DA:437,3
DA:438,3
DA:439,3
DA:440,3
DA:441,3
DA:442,3
DA:443,3
DA:444,3
DA:445,3
DA:446,3
DA:447,3
DA:448,3
DA:449,3
DA:450,3
DA:451,3
DA:452,3
DA:453,3
DA:454,3
DA:455,3
DA:456,3
DA:457,3
DA:458,3
DA:459,3
DA:460,3
DA:461,3
DA:462,3
DA:463,3
DA:464,3
DA:465,3
DA:466,3
DA:467,3
DA:468,3
DA:469,3
DA:470,3
DA:471,3
DA:472,3
DA:473,3
DA:474,3
DA:475,3
DA:476,3
DA:477,3
DA:478,3
DA:479,3
DA:480,3
DA:481,3
DA:482,3
DA:483,3
DA:484,3
DA:485,3
DA:486,3
DA:487,3
DA:488,3
DA:489,3
DA:490,3
DA:491,3
DA:492,3
DA:493,3
DA:494,3
DA:495,3
DA:496,3
DA:497,3
DA:498,3
DA:499,3
DA:500,3
DA:501,3
DA:502,3
DA:503,3
DA:504,3
DA:505,3
DA:506,3
DA:507,3
DA:508,3
DA:509,3
DA:510,3
DA:511,3
DA:512,3
DA:513,3
DA:514,3
DA:515,3
DA:516,3
DA:517,3
DA:518,1
DA:519,3
DA:520,3
DA:521,3
DA:522,3
DA:523,3
DA:524,3
DA:525,3
DA:526,3
DA:527,3
DA:528,3
DA:529,3
DA:530,3
DA:531,3
DA:532,3
DA:533,3
DA:534,3
DA:535,3
DA:536,3
DA:537,3
DA:538,3
DA:539,3
DA:540,3
DA:541,3
DA:542,3
DA:543,3
DA:544,3
DA:545,3
DA:546,3
DA:547,3
DA:548,3
DA:549,3
DA:550,3
DA:551,3
DA:552,3
DA:553,3
DA:554,3
DA:555,3
DA:556,3
DA:557,3
DA:558,3
DA:559,3
DA:560,3
DA:561,3
DA:562,3
DA:563,3
DA:564,3
DA:565,3
DA:566,3
DA:567,3
DA:568,3
DA:569,3
DA:570,3
DA:571,3
DA:572,3
DA:573,3
DA:574,3
DA:575,3
DA:576,3
DA:577,3
DA:578,3
DA:579,3
DA:580,3
DA:581,3
DA:582,3
DA:583,3
DA:584,3
DA:585,3
DA:586,3
DA:587,3
DA:588,3
DA:589,3
DA:590,3
DA:591,3
DA:592,3
DA:593,3
DA:594,3
DA:595,3
DA:596,3
DA:597,3
DA:598,3
DA:599,3
DA:600,3
DA:601,3
DA:602,3
DA:603,3
DA:604,3
DA:605,3
DA:606,3
DA:607,3
DA:608,3
DA:609,3
DA:610,3
DA:611,3
DA:612,3
DA:613,3
DA:614,3
DA:615,3
DA:616,3
DA:617,3
DA:618,3
DA:619,3
DA:620,3
DA:621,3
DA:622,3
DA:623,3
DA:624,3
DA:625,3
DA:626,3
DA:627,3
DA:628,3
DA:629,3
DA:630,3
DA:631,3
DA:632,3
DA:633,3
DA:634,3
DA:635,3
DA:636,3
DA:637,3
DA:638,3
DA:639,3
DA:640,3
DA:641,3
DA:642,3
DA:643,3
DA:644,3
DA:645,3
DA:646,3
DA:647,3
DA:648,3
DA:649,3
DA:650,3
DA:651,3
DA:652,3
DA:653,3
DA:654,3
DA:655,3
DA:656,3
DA:657,3
DA:658,3
DA:659,3
DA:660,3
DA:661,3
DA:662,3
DA:663,3
DA:664,3
DA:665,3
DA:666,3
DA:667,3
DA:668,3
DA:669,3
DA:670,3
DA:671,3
DA:672,3
DA:673,3
DA:674,3
DA:675,3
DA:676,3
DA:677,3
DA:678,3
DA:679,3
DA:680,3
DA:681,3
DA:682,3
DA:683,3
DA:684,3
DA:685,3
DA:686,3
DA:687,3
DA:688,3
DA:689,3
DA:690,3
DA:691,3
DA:692,3
DA:693,3
DA:694,3
DA:695,3
DA:696,3
DA:697,3
DA:698,3
DA:699,3
DA:700,3
DA:701,3
DA:702,3
DA:703,3
DA:704,3
DA:705,3
DA:706,3
DA:707,3
DA:708,3
DA:709,3
DA:710,3
DA:711,3
DA:712,3
DA:713,3
DA:714,3
DA:715,3
DA:716,3
DA:717,3
DA:718,3
DA:719,3
DA:720,3
DA:721,3
DA:722,3
DA:723,3
DA:724,3
DA:725,3
DA:726,3
DA:727,3
DA:728,3
DA:729,3
DA:730,3
DA:731,3
DA:732,3
DA:733,3
DA:734,3
DA:735,3
DA:736,3
DA:737,3
DA:738,3
DA:739,3
DA:740,3
DA:741,3
DA:742,3
DA:743,3
DA:744,3
DA:745,3
DA:746,3
DA:747,3
DA:748,3
DA:749,3
DA:750,3
DA:751,3
DA:752,3
DA:753,3
DA:754,3
DA:755,3
DA:756,3
DA:757,3
DA:758,3
DA:759,3
DA:760,3
DA:761,3
DA:762,3
DA:763,3
DA:764,3
DA:765,3
DA:766,3
DA:767,3
DA:768,3
DA:769,3
DA:770,3
DA:771,3
DA:772,3
DA:773,3
DA:774,3
DA:775,3
DA:776,3
DA:777,3
DA:778,3
DA:779,3
DA:780,3
DA:781,3
DA:782,3
DA:783,3
DA:784,3
DA:785,3
DA:786,3
DA:787,3
DA:788,3
DA:789,3
DA:790,3
DA:791,3
DA:792,3
DA:793,3
DA:794,3
DA:795,3
DA:796,3
DA:797,3
DA:798,3
DA:799,3
DA:800,3
DA:801,3
DA:802,3
DA:803,3
DA:804,3
DA:805,3
DA:806,3
DA:807,3
DA:808,3
DA:809,3
DA:810,3
DA:811,3
DA:812,3
DA:813,3
DA:814,3
DA:815,3
DA:816,3
DA:817,3
DA:818,3
DA:819,3
DA:820,3
DA:821,3
DA:822,3
DA:823,3
DA:824,3
DA:825,3
DA:826,3
DA:827,3
DA:828,3
DA:829,3
DA:830,3
DA:831,3
DA:832,3
DA:833,3
DA:834,3
DA:835,3
DA:836,3
DA:837,3
DA:838,3
DA:839,3
DA:840,3
DA:841,3
DA:842,3
DA:843,3
DA:844,3
DA:845,3
DA:846,3
DA:847,3
DA:848,3
DA:849,3
DA:850,3
DA:851,3
DA:852,3
DA:853,3
DA:854,3
DA:855,3
DA:856,3
DA:857,3
DA:858,3
DA:859,3
DA:860,3
DA:861,3
DA:862,3
DA:863,3
DA:864,3
DA:865,3
DA:866,3
DA:867,1
DA:868,3
DA:869,3
DA:870,3
DA:871,3
DA:872,3
DA:873,3
DA:874,3
DA:875,3
DA:876,3
DA:877,3
DA:878,3
DA:879,3
DA:880,3
DA:881,3
DA:882,3
DA:883,3
DA:884,3
DA:885,3
DA:886,3
DA:887,3
DA:888,3
DA:889,3
DA:890,3
DA:891,3
DA:892,3
DA:893,3
DA:894,3
DA:895,3
DA:896,3
DA:897,3
DA:898,3
DA:899,3
DA:900,3
DA:901,3
DA:902,3
DA:903,3
DA:904,3
DA:905,3
DA:906,3
DA:907,3
DA:908,3
DA:909,3
DA:910,3
DA:911,3
DA:912,3
DA:913,3
DA:914,3
DA:915,3
DA:916,3
DA:917,3
DA:918,3
DA:919,3
DA:920,3
DA:921,3
DA:922,3
DA:923,3
DA:924,3
DA:925,3
DA:926,3
DA:927,3
DA:928,3
DA:929,3
DA:930,3
DA:931,3
DA:932,3
DA:933,3
DA:934,3
DA:935,3
DA:936,3
DA:937,3
DA:938,3
DA:939,3
DA:940,3
DA:941,3
DA:942,3
DA:943,3
DA:944,3
DA:945,3
DA:946,3
DA:947,3
LF:947
LH:947
BRDA:8,0,0,3
BRDA:134,1,0,3
BRDA:233,2,0,3
BRDA:245,3,0,3
BRDA:519,4,0,3
BRDA:868,5,0,3
BRF:6
BRH:6
end_of_record
TN:
SF:src/utils/context.ts
FN:82,SourceFiles
FN:85,addFile
FN:91,getFile
FN:103,getTopFile
FN:110,getFileHavingID
FN:114,getFileAtIndex
FN:121,getFileIndex
FN:125,get fileCount
FN:129,hasFile
FN:134,logContextState
FN:167,Context
FNF:11
FNH:9
FNDA:211,SourceFiles
FNDA:256,addFile
FNDA:89,getFile
FNDA:407,getTopFile
FNDA:300033,getFileHavingID
FNDA:104,getFileAtIndex
FNDA:288,getFileIndex
FNDA:0,get fileCount
FNDA:256,hasFile
FNDA:0,logContextState
FNDA:211,Context
DA:1,1
DA:2,1
DA:3,1
DA:4,1
DA:5,1
DA:6,1
DA:7,1
DA:8,1
DA:9,1
DA:10,1
DA:11,1
DA:12,1
DA:13,1
DA:14,1
DA:15,1
DA:16,1
DA:17,1
DA:18,1
DA:19,1
DA:20,1
DA:21,1
DA:22,1
DA:23,1
DA:24,1
DA:25,1
DA:26,1
DA:27,1
DA:28,1
DA:29,1
DA:30,1
DA:31,1
DA:32,1
DA:33,1
DA:34,1
DA:35,1
DA:36,1
DA:37,1
DA:38,1
DA:39,1
DA:40,1
DA:41,1
DA:42,1
DA:43,1
DA:44,1
DA:45,1
DA:46,1
DA:47,1
DA:48,1
DA:49,1
DA:50,1
DA:51,1
DA:52,1
DA:53,1
DA:54,1
DA:55,1
DA:56,1
DA:57,1
DA:58,1
DA:59,1
DA:60,1
DA:61,1
DA:62,1
DA:63,1
DA:64,1
DA:65,1
DA:66,1
DA:67,1
DA:68,1
DA:69,1
DA:70,1
DA:71,1
DA:72,1
DA:73,1
DA:74,1
DA:75,1
DA:76,1
DA:77,1
DA:78,1
DA:79,1
DA:80,1
DA:81,1
DA:82,211
DA:83,211
DA:84,211
DA:85,211
DA:86,256
DA:87,256
DA:88,256
DA:89,256
DA:90,211
DA:91,211
DA:92,89
DA:93,89
DA:94,89
DA:95,210
DA:96,210
DA:97,41
DA:98,41
DA:99,210
DA:100,89
DA:101,89
DA:102,211
DA:103,211
DA:104,407
DA:105,0
DA:106,0
DA:107,407
DA:108,407
DA:109,211
DA:110,211
DA:111,300033
DA:112,300033
DA:113,211
DA:114,211
DA:115,104
DA:116,72
DA:117,72
DA:118,32
DA:119,32
DA:120,211
DA:121,211
DA:122,288
DA:123,288
DA:124,211
DA:125,211
DA:126,0
DA:127,0
DA:128,211
DA:129,211
DA:130,256
DA:131,256
DA:132,211
DA:133,1
DA:134,0
DA:135,0
DA:136,0
DA:137,0
DA:138,0
DA:139,0
DA:140,0
DA:141,0
DA:142,0
DA:143,0
DA:144,0
DA:145,0
DA:146,0
DA:147,0
DA:148,1
DA:149,1
DA:150,1
DA:151,1
DA:152,1
DA:153,1
DA:154,1
DA:155,1
DA:156,1
DA:157,1
DA:158,1
DA:159,1
DA:160,1
DA:161,1
DA:162,1
DA:163,1
DA:164,1
DA:165,1
DA:166,1
DA:167,1
DA:168,211
DA:169,211
DA:170,211
DA:171,211
DA:172,211
DA:173,211
DA:174,211
DA:175,211
DA:176,211
DA:177,211
DA:178,211
DA:179,211
DA:180,211
DA:181,211
DA:182,211
DA:183,211
DA:184,211
DA:185,211
DA:186,211
DA:187,211
DA:188,211
DA:189,211
DA:190,211
DA:191,211
DA:192,211
DA:193,211
DA:194,211
DA:195,211
DA:196,211
DA:197,211
DA:198,211
DA:199,211
DA:200,211
DA:201,211
DA:202,211
DA:203,211
DA:204,211
DA:205,211
DA:206,211
DA:207,211
DA:208,211
DA:209,211
DA:210,211
DA:211,211
DA:212,211
DA:213,211
DA:214,211
DA:215,211
DA:216,211
DA:217,211
DA:218,211
DA:219,0
DA:220,0
DA:221,211
DA:222,211
DA:223,211
DA:224,211
DA:225,211
DA:226,211
DA:227,211
DA:228,1
LF:228
LH:208
BRDA:82,0,0,211
BRDA:85,1,0,256
BRDA:91,2,0,89
BRDA:94,3,0,210
BRDA:96,4,0,41
BRDA:103,5,0,407
BRDA:104,6,0,0
BRDA:110,7,0,300033
BRDA:111,8,0,318679
BRDA:114,9,0,104
BRDA:115,10,0,72
BRDA:118,11,0,32
BRDA:121,12,0,288
BRDA:129,13,0,256
BRDA:130,14,0,72
BRDA:167,15,0,211
BRDA:218,16,0,0
BRF:17
BRH:15
end_of_record
TN:
SF:src/utils/dumpUtils.ts
FN:10,dumpBytes
FN:52,debugMessage
FNF:2
FNH:0
FNDA:0,dumpBytes
FNDA:0,debugMessage
DA:1,1
DA:2,1
DA:3,1
DA:4,1
DA:5,1
DA:6,1
DA:7,1
DA:8,1
DA:9,1
DA:10,0
DA:11,0
DA:12,0
DA:13,0
DA:14,0
DA:15,0
DA:16,0
DA:17,0
DA:18,0
DA:19,0
DA:20,0
DA:21,0
DA:22,0
DA:23,0
DA:24,0
DA:25,0
DA:26,0
DA:27,0
DA:28,0
DA:29,0
DA:30,0
DA:31,0
DA:32,0
DA:33,0
DA:34,0
DA:35,0
DA:36,0
DA:37,0
DA:38,0
DA:39,0
DA:40,0
DA:41,0
DA:42,0
DA:43,0
DA:44,0
DA:45,0
DA:46,0
DA:47,0
DA:48,0
DA:49,0
DA:50,0
DA:51,1
DA:52,0
DA:53,0
DA:54,0
LF:54
LH:10
BRF:0
BRH:0
end_of_record
TN:
SF:src/utils/fileUtils.ts
FN:12,getSourceSymbol
FNF:1
FNH:1
FNDA:300026,getSourceSymbol
DA:1,1
DA:2,1
DA:3,1
DA:4,1
DA:5,1
DA:6,1
DA:7,1
DA:8,1
DA:9,1
DA:10,1
DA:11,1
DA:12,300026
DA:13,300026
DA:14,300026
DA:15,300026
DA:16,193554
DA:17,193554
DA:18,193554
DA:19,193554
DA:20,193554
DA:21,193554
DA:22,300026
DA:23,300026
LF:23
LH:23
BRDA:12,0,0,300026
BRDA:15,1,0,193554
BRF:2
BRH:2
end_of_record
TN:
SF:src/utils/files.ts
FN:14,libraryDir
FN:24,fileSpecFromURI
FN:35,isSpin1File
FN:45,isSpin2File
FN:55,isSpinExt
FN:64,fileExists
FN:73,fileSize
FN:92,locateIncludeFile
FN:122,locateSpin2File
FN:168,locateDataFile
FN:205,dirExists
FN:219,loadFileAsString
FN:248,loadFileAsUint8Array
FN:275,loadUint8ArrayFailed
FN:285,dumpUniqueChildObjectFile
FN:306,dumpUniqueObjectFile
FNF:16
FNH:12
FNDA:0,libraryDir
FNDA:512,fileSpecFromURI
FNDA:256,isSpin1File
FNDA:393,isSpin2File
FNDA:0,isSpinExt
FNDA:2130,fileExists
FNDA:762,fileSize
FNDA:1,locateIncludeFile
FNDA:136,locateSpin2File
FNDA:12,locateDataFile
FNDA:2,dirExists
FNDA:256,loadFileAsString
FNDA:762,loadFileAsUint8Array
FNDA:762,loadUint8ArrayFailed
FNDA:0,dumpUniqueChildObjectFile
FNDA:0,dumpUniqueObjectFile
DA:1,1
DA:2,1
DA:3,1
DA:4,1
DA:5,1
DA:6,1
DA:7,1
DA:8,1
DA:9,1
DA:10,1
DA:11,1
DA:12,1
DA:13,1
DA:14,0
DA:15,0
DA:16,0
DA:17,1
DA:18,1
DA:19,1
DA:20,1
DA:21,1
DA:22,1
DA:23,1
DA:24,512
DA:25,512
DA:26,512
DA:27,512
DA:28,512
DA:29,1
DA:30,1
DA:31,1
DA:32,1
DA:33,1
DA:34,1
DA:35,256
DA:36,256
DA:37,256
DA:38,256
DA:39,1
DA:40,1
DA:41,1
DA:42,1
DA:43,1
DA:44,1
DA:45,393
DA:46,393
DA:47,393
DA:48,393
DA:49,1
DA:50,1
DA:51,1
DA:52,1
DA:53,1
DA:54,1
DA:55,0
DA:56,0
DA:57,0
DA:58,1
DA:59,1
DA:60,1
DA:61,1
DA:62,1
DA:63,1
DA:64,2130
DA:65,2130
DA:66,2130
DA:67,1923
DA:68,1923
DA:69,1923
DA:70,2130
DA:71,2130
DA:72,1
DA:73,762
DA:74,762
DA:75,762
DA:76,762
DA:77,762
DA:78,762
DA:79,762
DA:80,762
DA:81,1
DA:82,1
DA:83,1
DA:84,1
DA:85,1
DA:86,1
DA:87,1
DA:88,1
DA:89,1
DA:90,1
DA:91,1
DA:92,1
DA:93,1
DA:94,1
DA:95,1
DA:96,1
DA:97,1
DA:98,1
DA:99,1
DA:100,1
DA:101,1
DA:102,1
DA:103,1
DA:104,1
DA:105,0
DA:106,0
DA:107,0
DA:108,0
DA:109,0
DA:110,1
DA:111,1
DA:112,1
DA:113,1
DA:114,1
DA:115,1
DA:116,1
DA:117,1
DA:118,1
DA:119,1
DA:120,1
DA:121,1
DA:122,136
DA:123,136
DA:124,136
DA:125,136
DA:126,136
DA:127,136
DA:128,136
DA:129,136
DA:130,136
DA:131,0
DA:132,0
DA:133,0
DA:134,0
DA:135,0
DA:136,0
DA:137,0
DA:138,136
DA:139,136
DA:140,0
DA:141,0
DA:142,0
DA:143,0
DA:144,0
DA:145,0
DA:146,0
DA:147,0
DA:148,0
DA:149,0
DA:150,0
DA:151,0
DA:152,0
DA:153,136
DA:154,136
DA:155,136
DA:156,136
DA:157,136
DA:158,136
DA:159,1
DA:160,1
DA:161,1
DA:162,1
DA:163,1
DA:164,1
DA:165,1
DA:166,1
DA:167,1
DA:168,12
DA:169,12
DA:170,12
DA:171,12
DA:172,12
DA:173,12
DA:174,12
DA:175,12
DA:176,12
DA:177,12
DA:178,12
DA:179,0
DA:180,0
DA:181,0
DA:182,0
DA:183,0
DA:184,0
DA:185,0
DA:186,12
DA:187,12
DA:188,0
DA:189,0
DA:190,0
DA:191,0
DA:192,0
DA:193,0
DA:194,0
DA:195,0
DA:196,0
DA:197,0
DA:198,0
DA:199,0
DA:200,0
DA:201,12
DA:202,12
DA:203,12
DA:204,1
DA:205,2
DA:206,2
DA:207,2
DA:208,2
DA:209,2
DA:210,2
DA:211,2
DA:212,2
DA:213,1
DA:214,1
DA:215,1
DA:216,1
DA:217,1
DA:218,1
DA:219,256
DA:220,256
DA:221,256
DA:222,256
DA:223,256
DA:224,256
DA:225,256
DA:226,256
DA:227,256
DA:228,256
DA:229,256
DA:230,256
DA:231,0
DA:232,0
DA:233,256
DA:234,256
DA:235,0
DA:236,0
DA:237,256
DA:238,0
DA:239,0
DA:240,256
DA:241,0
DA:242,0
DA:243,256
DA:244,256
DA:245,1
DA:246,1
DA:247,1
DA:248,762
DA:249,762
DA:250,762
DA:251,762
DA:252,762
DA:253,762
DA:254,762
DA:255,762
DA:256,0
DA:257,0
DA:258,762
DA:259,0
DA:260,0
DA:261,762
DA:262,762
DA:263,0
DA:264,0
DA:265,762
DA:266,762
DA:267,762
DA:268,0
DA:269,0
DA:270,0
DA:271,762
DA:272,762
DA:273,762
DA:274,1
DA:275,762
DA:276,762
DA:277,762
DA:278,762
DA:279,762
DA:280,762
DA:281,762
DA:282,762
DA:283,762
DA:284,1
DA:285,0
DA:286,0
DA:287,0
DA:288,0
DA:289,0
DA:290,0
DA:291,0
DA:292,0
DA:293,0
DA:294,0
DA:295,0
DA:296,0
DA:297,0
DA:298,0
DA:299,0
DA:300,0
DA:301,0
DA:302,0
DA:303,0
DA:304,0
DA:305,1
DA:306,0
DA:307,0
DA:308,0
DA:309,0
DA:310,0
DA:311,0
DA:312,0
DA:313,0
DA:314,0
DA:315,0
DA:316,0
DA:317,0
DA:318,0
DA:319,0
DA:320,0
LF:320
LH:217
BRDA:24,0,0,512
BRDA:35,1,0,256
BRDA:45,2,0,393
BRDA:64,3,0,2130
BRDA:66,4,0,1923
BRDA:73,5,0,762
BRDA:92,6,0,1
BRDA:104,7,0,0
BRDA:104,8,0,0
BRDA:104,9,0,0
BRDA:122,10,0,136
BRDA:130,11,0,0
BRDA:139,12,0,0
BRDA:139,13,0,0
BRDA:168,14,0,12
BRDA:178,15,0,0
BRDA:187,16,0,0
BRDA:187,17,0,0
BRDA:187,18,0,0
BRDA:205,19,0,2
BRDA:219,20,0,256
BRDA:230,21,0,0
BRDA:234,22,0,0
BRDA:237,23,0,0
BRDA:240,24,0,0
BRDA:248,25,0,762
BRDA:255,26,0,0
BRDA:258,27,0,0
BRDA:262,28,0,0
BRDA:267,29,0,0
BRDA:275,30,0,762
BRDA:278,31,0,0
BRF:32
BRH:13
end_of_record
TN:
SF:src/utils/float32.ts
FN:7,hexString
FN:16,stringToFloat32
FN:38,float32ToHexString
FN:45,float32ToString
FN:52,hexStringToFloat64
FN:63,bigIntFloat32ToNumber
FN:77,numberToBigIntFloat32
FNF:7
FNH:6
FNDA:45305,hexString
FNDA:341,stringToFloat32
FNDA:6687945,float32ToHexString
FNDA:342,float32ToString
FNDA:0,hexStringToFloat64
FNDA:545,bigIntFloat32ToNumber
FNDA:199,numberToBigIntFloat32
DA:1,1
DA:2,1
DA:3,1
DA:4,1
DA:5,1
DA:6,1
DA:7,45305
DA:8,45305
DA:9,45305
DA:10,1086
DA:11,45305
DA:12,44219
DA:13,44219
DA:14,45305
DA:15,1
DA:16,341
DA:17,341
DA:18,341
DA:19,341
DA:20,341
DA:21,341
DA:22,341
DA:23,341
DA:24,341
DA:25,341
DA:26,341
DA:27,341
DA:28,341
DA:29,341
DA:30,341
DA:31,341
DA:32,341
DA:33,341
DA:34,341
DA:35,341
DA:36,341
DA:37,1
DA:38,6687945
DA:39,6687945
DA:40,6687945
DA:41,6687945
DA:42,6687945
DA:43,1
DA:44,1
DA:45,342
DA:46,342
DA:47,342
DA:48,342
DA:49,342
DA:50,342
DA:51,1
DA:52,0
DA:53,0
DA:54,0
DA:55,0
DA:56,0
DA:57,0
DA:58,0
DA:59,1
DA:60,1
DA:61,1
DA:62,1
DA:63,545
DA:64,545
DA:65,545
DA:66,545
DA:67,545
DA:68,545
DA:69,545
DA:70,545
DA:71,545
DA:72,545
DA:73,545
DA:74,545
DA:75,545
DA:76,1
DA:77,199
DA:78,199
DA:79,199
DA:80,199
DA:81,199
DA:82,199
DA:83,199
DA:84,199
DA:85,199
DA:86,199
DA:87,199
DA:88,199
DA:89,199
LF:89
LH:82
BRDA:7,0,0,45305
BRDA:9,1,0,1086
BRDA:11,2,0,44219
BRDA:16,3,0,341
BRDA:38,4,0,6687945
BRDA:45,5,0,342
BRDA:63,6,0,545
BRDA:77,7,0,199
BRF:8
BRH:8
end_of_record
TN:
SF:src/utils/formatUtils.ts
FN:7,hexByte
FN:11,hexWord
FN:15,hexLong
FN:20,hexAddress
FNF:4
FNH:4
FNDA:14591302,hexByte
FNDA:7278,hexWord
FNDA:126128,hexLong
FNDA:3274012,hexAddress
DA:1,1
DA:2,1
DA:3,1
DA:4,1
DA:5,1
DA:6,1
DA:7,14591302
DA:8,14591302
DA:9,14591302
DA:10,1
DA:11,7278
DA:12,7278
DA:13,7278
DA:14,1
DA:15,126128
DA:16,126128
DA:17,126128
DA:18,126128
DA:19,1
DA:20,3274012
DA:21,3274012
DA:22,3274012
DA:23,3274012
LF:23
LH:23
BRDA:7,0,0,14591302
BRDA:11,1,0,7278
BRDA:15,2,0,126128
BRDA:20,3,0,3274012
BRF:4
BRH:4
end_of_record
