TN:
SF:src/pnut-ts.ts
FN:38,PNutInTypeScript
FN:64,setArgs
FN:70,run
FN:79,writeOut
FN:80,writeErr
FN:82,outputError
FN:602,errorColor
FN:607,prefixName
FN:615,runCommand
FNF:9
FNH:3
FNDA:213,PNutInTypeScript
FNDA:0,setArgs
FNDA:213,run
FNDA:0,writeOut
FNDA:0,writeErr
FNDA:0,outputError
FNDA:0,errorColor
FNDA:0,prefixName
FNDA:213,runCommand
DA:1,1
DA:2,1
DA:3,1
DA:4,1
DA:5,1
DA:6,1
DA:7,1
DA:8,1
DA:9,1
DA:10,1
DA:11,1
DA:12,1
DA:13,1
DA:14,1
DA:15,1
DA:16,1
DA:17,1
DA:18,1
DA:19,1
DA:20,1
DA:21,1
DA:22,1
DA:23,1
DA:24,1
DA:25,1
DA:26,1
DA:27,1
DA:28,1
DA:29,1
DA:30,1
DA:31,1
DA:32,1
DA:33,1
DA:34,1
DA:35,1
DA:36,1
DA:37,1
DA:38,1
DA:39,213
DA:40,213
DA:41,210
DA:42,210
DA:43,210
DA:44,213
DA:45,0
DA:46,0
DA:47,213
DA:48,213
DA:49,213
DA:50,0
DA:51,0
DA:52,213
DA:53,213
DA:54,0
DA:55,213
DA:56,213
DA:57,213
DA:58,0
DA:59,213
DA:60,213
DA:61,213
DA:62,213
DA:63,1
DA:64,1
DA:65,0
DA:66,0
DA:67,0
DA:68,0
DA:69,1
DA:70,1
DA:71,213
DA:72,213
DA:73,0
DA:74,0
DA:75,213
DA:76,213
DA:77,213
DA:78,213
DA:79,213
DA:80,213
DA:81,213
DA:82,213
DA:83,213
DA:84,213
DA:85,213
DA:86,213
DA:87,213
DA:88,213
DA:89,213
DA:90,213
DA:91,213
DA:92,213
DA:93,213
DA:94,213
DA:95,213
DA:96,213
DA:97,213
DA:98,213
DA:99,213
DA:100,213
DA:101,213
DA:102,213
DA:103,213
DA:104,213
DA:105,213
DA:106,213
DA:107,213
DA:108,213
DA:109,213
DA:110,213
DA:111,213
DA:112,213
DA:113,213
DA:114,213
DA:115,213
DA:116,213
DA:117,213
DA:118,213
DA:119,213
DA:120,213
DA:121,213
DA:122,213
DA:123,213
DA:124,213
DA:125,213
DA:126,213
DA:127,213
DA:128,213
DA:129,213
DA:130,213
DA:131,213
DA:132,213
DA:133,213
DA:134,213
DA:135,213
DA:136,213
DA:137,213
DA:138,213
DA:139,213
DA:140,213
DA:141,213
DA:142,213
DA:143,213
DA:144,213
DA:145,0
DA:146,0
DA:147,213
DA:148,213
DA:149,213
DA:150,213
DA:151,213
DA:152,213
DA:153,213
DA:154,213
DA:155,213
DA:156,213
DA:157,213
DA:158,213
DA:159,213
DA:160,213
DA:161,213
DA:162,213
DA:163,0
DA:164,0
DA:165,0
DA:166,0
DA:167,0
DA:168,0
DA:169,0
DA:170,0
DA:171,0
DA:172,0
DA:173,0
DA:174,0
DA:175,0
DA:176,0
DA:177,0
DA:178,0
DA:179,0
DA:180,0
DA:181,0
DA:182,0
DA:183,0
DA:184,0
DA:185,0
DA:186,0
DA:187,0
DA:188,0
DA:189,213
DA:190,213
DA:191,0
DA:192,0
DA:193,213
DA:194,213
DA:195,213
DA:196,213
DA:197,213
DA:198,213
DA:199,213
DA:200,213
DA:201,213
DA:202,213
DA:203,213
DA:204,213
DA:205,213
DA:206,213
DA:207,213
DA:208,213
DA:209,213
DA:210,213
DA:211,0
DA:212,0
DA:213,213
DA:214,213
DA:215,213
DA:216,213
DA:217,213
DA:218,213
DA:219,213
DA:220,213
DA:221,5
DA:222,5
DA:223,213
DA:224,5
DA:225,5
DA:226,213
DA:227,1
DA:228,1
DA:229,213
DA:230,203
DA:231,203
DA:232,213
DA:233,0
DA:234,0
DA:235,213
DA:236,213
DA:237,213
DA:238,213
DA:239,213
DA:240,213
DA:241,0
DA:242,0
DA:243,0
DA:244,213
DA:245,213
DA:246,213
DA:247,213
DA:248,198
DA:249,198
DA:250,213
DA:251,213
DA:252,0
DA:253,0
DA:254,213
DA:255,0
DA:256,0
DA:257,213
DA:258,0
DA:259,0
DA:260,0
DA:261,0
DA:262,0
DA:263,0
DA:264,0
DA:265,0
DA:266,0
DA:267,213
DA:268,213
DA:269,213
DA:270,213
DA:271,213
DA:272,213
DA:273,213
DA:274,213
DA:275,213
DA:276,213
DA:277,213
DA:278,213
DA:279,213
DA:280,213
DA:281,213
DA:282,213
DA:283,213
DA:284,213
DA:285,213
DA:286,213
DA:287,0
DA:288,0
DA:289,0
DA:290,0
DA:291,0
DA:292,213
DA:293,213
DA:294,213
DA:295,213
DA:296,3
DA:297,213
DA:298,210
DA:299,210
DA:300,213
DA:301,213
DA:302,213
DA:303,213
DA:304,213
DA:305,210
DA:306,210
DA:307,210
DA:308,0
DA:309,0
DA:310,210
DA:311,210
DA:312,213
DA:313,213
DA:314,3
DA:315,3
DA:316,6
DA:317,0
DA:318,0
DA:319,0
DA:320,0
DA:321,0
DA:322,0
DA:323,0
DA:324,0
DA:325,6
DA:326,3
DA:327,0
DA:328,0
DA:329,3
DA:330,213
DA:331,213
DA:332,213
DA:333,213
DA:334,213
DA:335,213
DA:336,213
DA:337,213
DA:338,210
DA:339,210
DA:340,210
DA:341,210
DA:342,210
DA:343,205
DA:344,205
DA:345,205
DA:346,210
DA:347,5
DA:348,5
DA:349,5
DA:350,210
DA:351,0
DA:352,0
DA:353,0
DA:354,210
DA:355,213
DA:356,213
DA:357,0
DA:358,0
DA:359,0
DA:360,0
DA:361,0
DA:362,0
DA:363,0
DA:364,0
DA:365,0
DA:366,0
DA:367,0
DA:368,0
DA:369,0
DA:370,0
DA:371,0
DA:372,0
DA:373,0
DA:374,0
DA:375,0
DA:376,0
DA:377,0
DA:378,0
DA:379,0
DA:380,0
DA:381,0
DA:382,0
DA:383,0
DA:384,0
DA:385,0
DA:386,0
DA:387,0
DA:388,0
DA:389,0
DA:390,0
DA:391,0
DA:392,213
DA:393,213
DA:394,1
DA:395,1
DA:396,1
DA:397,1
DA:398,1
DA:399,1
DA:400,1
DA:401,1
DA:402,1
DA:403,0
DA:404,0
DA:405,0
DA:406,1
DA:407,0
DA:408,0
DA:409,0
DA:410,1
DA:411,213
DA:412,213
DA:413,0
DA:414,0
DA:415,0
DA:416,0
DA:417,0
DA:418,213
DA:419,213
DA:420,43
DA:421,43
DA:422,43
DA:423,43
DA:424,213
DA:425,213
DA:426,213
DA:427,3
DA:428,3
DA:429,3
DA:430,213
DA:431,210
DA:432,210
DA:433,210
DA:434,213
DA:435,213
DA:436,213
DA:437,213
DA:438,1
DA:439,1
DA:440,1
DA:441,1
DA:442,1
DA:443,1
DA:444,1
DA:445,1
DA:446,1
DA:447,213
DA:448,213
DA:449,2
DA:450,2
DA:451,2
DA:452,2
DA:453,2
DA:454,2
DA:455,2
DA:456,213
DA:457,213
DA:458,1
DA:459,1
DA:460,1
DA:461,1
DA:462,1
DA:463,1
DA:464,1
DA:465,213
DA:466,213
DA:467,213
DA:468,0
DA:469,0
DA:470,0
DA:471,213
DA:472,213
DA:473,213
DA:474,0
DA:475,0
DA:476,0
DA:477,0
DA:478,0
DA:479,0
DA:480,213
DA:481,213
DA:482,210
DA:483,210
DA:484,210
DA:485,210
DA:486,210
DA:487,0
DA:488,0
DA:489,0
DA:490,0
DA:491,0
DA:492,0
DA:493,0
DA:494,0
DA:495,0
DA:496,210
DA:497,0
DA:498,0
DA:499,210
DA:500,210
DA:501,210
DA:502,210
DA:503,210
DA:504,210
DA:505,210
DA:506,210
DA:507,210
DA:508,210
DA:509,210
DA:510,210
DA:511,210
DA:512,210
DA:513,203
DA:514,203
DA:515,210
DA:516,0
DA:517,0
DA:518,210
DA:519,198
DA:520,198
DA:521,198
DA:522,210
DA:523,213
DA:524,3
DA:525,0
DA:526,0
DA:527,0
DA:528,0
DA:529,0
DA:530,0
DA:531,0
DA:532,0
DA:533,3
DA:534,213
DA:535,213
DA:536,213
DA:537,213
DA:538,213
DA:539,213
DA:540,213
DA:541,1
DA:542,1
DA:543,213
DA:544,213
DA:545,213
DA:546,213
DA:547,213
DA:548,213
DA:549,213
DA:550,213
DA:551,213
DA:552,213
DA:553,213
DA:554,213
DA:555,213
DA:556,213
DA:557,213
DA:558,0
DA:559,0
DA:560,0
DA:561,0
DA:562,0
DA:563,0
DA:564,0
DA:565,0
DA:566,0
DA:567,0
DA:568,0
DA:569,0
DA:570,0
DA:571,213
DA:572,213
DA:573,213
DA:574,210
DA:575,210
DA:576,209
DA:577,209
DA:578,209
DA:579,209
DA:580,7
DA:581,7
DA:582,7
DA:583,209
DA:584,210
DA:585,206
DA:586,206
DA:587,213
DA:588,206
DA:589,0
DA:590,206
DA:591,206
DA:592,206
DA:593,206
DA:594,213
DA:595,213
DA:596,1
DA:597,1
DA:598,1
DA:599,1
DA:600,1
DA:601,1
DA:602,1
DA:603,0
DA:604,0
DA:605,0
DA:606,1
DA:607,1
DA:608,0
DA:609,0
DA:610,0
DA:611,0
DA:612,0
DA:613,0
DA:614,1
DA:615,1
DA:616,213
DA:617,213
DA:618,213
DA:619,213
DA:620,0
DA:621,0
DA:622,213
DA:623,0
DA:624,0
DA:625,213
DA:626,213
DA:627,213
DA:628,0
DA:629,0
DA:630,0
DA:631,0
DA:632,0
DA:633,0
DA:634,0
DA:635,0
DA:636,213
DA:637,213
DA:638,1
DA:639,1
DA:640,1
DA:641,1
DA:642,1
DA:643,1
DA:644,1
DA:645,1
DA:646,3
DA:647,0
DA:648,0
DA:649,1
DA:650,1
LF:650
LH:455
BRDA:38,0,0,213
BRDA:40,1,0,210
BRDA:70,2,0,213
BRDA:72,3,0,0
BRDA:144,4,0,0
BRDA:144,5,0,0
BRDA:147,6,0,3
BRDA:147,7,0,210
BRDA:162,8,0,0
BRDA:190,9,0,0
BRDA:210,10,0,0
BRDA:220,11,0,5
BRDA:223,12,0,5
BRDA:226,13,0,1
BRDA:229,14,0,203
BRDA:232,15,0,0
BRDA:240,16,0,0
BRDA:247,17,0,198
BRDA:251,18,0,0
BRDA:254,19,0,0
BRDA:257,20,0,0
BRDA:286,21,0,0
BRDA:295,22,0,3
BRDA:297,23,0,210
BRDA:304,24,0,210
BRDA:307,25,0,0
BRDA:313,26,0,3
BRDA:315,27,0,6
BRDA:316,28,0,0
BRDA:326,29,0,0
BRDA:337,30,0,210
BRDA:342,31,0,205
BRDA:346,32,0,5
BRDA:350,33,0,0
BRDA:356,34,0,0
BRDA:393,35,0,1
BRDA:402,36,0,0
BRDA:406,37,0,0
BRDA:412,38,0,0
BRDA:419,39,0,43
BRDA:426,40,0,3
BRDA:430,41,0,210
BRDA:437,42,0,1
BRDA:448,43,0,2
BRDA:457,44,0,1
BRDA:467,45,0,210
BRDA:467,46,0,0
BRDA:473,47,0,210
BRDA:473,48,0,210
BRDA:473,49,0,0
BRDA:481,50,0,210
BRDA:481,51,0,210
BRDA:486,52,0,0
BRDA:496,53,0,0
BRDA:512,54,0,203
BRDA:515,55,0,0
BRDA:518,56,0,198
BRDA:523,57,0,3
BRDA:524,58,0,0
BRDA:540,59,0,1
BRDA:557,60,0,0
BRDA:573,61,0,210
BRDA:573,62,0,210
BRDA:575,63,0,209
BRDA:579,64,0,202
BRDA:579,65,0,7
BRDA:585,66,0,206
BRDA:587,67,0,206
BRDA:588,68,0,0
BRDA:594,69,0,0
BRDA:594,70,0,206
BRDA:89,71,0,213
BRDA:615,72,0,213
BRDA:616,73,0,213
BRDA:627,74,0,0
BRDA:618,75,0,213
BRDA:619,76,0,0
BRDA:622,77,0,0
BRDA:645,78,0,3
BRDA:646,79,0,0
BRF:80
BRH:47
end_of_record
TN:
SF:src/classes/blockStack.ts
FN:18,BlockNestLevel
FN:26,get type
FN:30,setType
FN:34,setValue
FN:42,value
FN:52,logMessage
FN:65,BlockStack
FN:69,reset
FN:74,get topIndex
FN:78,get isEmpty
FN:82,get topNestLevel
FN:87,add
FN:94,remove
FN:102,overrideType
FN:110,write
FN:118,read
FN:128,readAtLevel
FN:139,typeAtLevel
FN:150,enableLogging
FN:155,nestLevelAt
FN:165,logMessage
FNF:21
FNH:19
FNDA:5222,BlockNestLevel
FNDA:38466,get type
FNDA:545,setType
FNDA:37132,setValue
FNDA:27545,value
FNDA:0,logMessage
FNDA:209,BlockStack
FNDA:604,reset
FNDA:18141,get topIndex
FNDA:0,get isEmpty
FNDA:58070,get topNestLevel
FNDA:5222,add
FNDA:5222,remove
FNDA:545,overrideType
FNDA:37132,write
FNDA:20393,read
FNDA:7152,readAtLevel
FNDA:38466,typeAtLevel
FNDA:209,enableLogging
FNDA:45618,nestLevelAt
FNDA:11048,logMessage
DA:1,1
DA:2,1
DA:3,1
DA:4,1
DA:5,1
DA:6,1
DA:7,1
DA:8,1
DA:9,1
DA:10,1
DA:11,1
DA:12,1
DA:13,1
DA:14,1
DA:15,1
DA:16,1
DA:17,1
DA:18,1
DA:19,5222
DA:20,5222
DA:21,5222
DA:22,5222
DA:23,5222
DA:24,5222
DA:25,1
DA:26,1
DA:27,38466
DA:28,38466
DA:29,1
DA:30,1
DA:31,545
DA:32,545
DA:33,1
DA:34,1
DA:35,37132
DA:36,37132
DA:37,37132
DA:38,0
DA:39,0
DA:40,37132
DA:41,1
DA:42,1
DA:43,27545
DA:44,27545
DA:45,27545
DA:46,27545
DA:47,0
DA:48,0
DA:49,27545
DA:50,27545
DA:51,1
DA:52,1
DA:53,0
DA:54,0
DA:55,0
DA:56,0
DA:57,1
DA:58,1
DA:59,1
DA:60,1
DA:61,1
DA:62,1
DA:63,1
DA:64,1
DA:65,1
DA:66,209
DA:67,209
DA:68,1
DA:69,1
DA:70,604
DA:71,604
DA:72,604
DA:73,1
DA:74,1
DA:75,18141
DA:76,18141
DA:77,1
DA:78,1
DA:79,0
DA:80,0
DA:81,1
DA:82,1
DA:83,58070
DA:84,58070
DA:85,58070
DA:86,1
DA:87,1
DA:88,5222
DA:89,5222
DA:90,5222
DA:91,5222
DA:92,5222
DA:93,1
DA:94,1
DA:95,5222
DA:96,5222
DA:97,5222
DA:98,5222
DA:99,5222
DA:100,5222
DA:101,1
DA:102,1
DA:103,545
DA:104,545
DA:105,545
DA:106,0
DA:107,0
DA:108,545
DA:109,1
DA:110,1
DA:111,37132
DA:112,37132
DA:113,37132
DA:114,0
DA:115,0
DA:116,37132
DA:117,1
DA:118,1
DA:119,20393
DA:120,20393
DA:121,20393
DA:122,20393
DA:123,0
DA:124,0
DA:125,20393
DA:126,20393
DA:127,1
DA:128,1
DA:129,7152
DA:130,7152
DA:131,7152
DA:132,7152
DA:133,7152
DA:134,7152
DA:135,7152
DA:136,7152
DA:137,7152
DA:138,1
DA:139,1
DA:140,38466
DA:141,38466
DA:142,38466
DA:143,38466
DA:144,38466
DA:145,38466
DA:146,38466
DA:147,38466
DA:148,38466
DA:149,1
DA:150,1
DA:151,209
DA:152,209
DA:153,209
DA:154,1
DA:155,1
DA:156,45618
DA:157,45618
DA:158,45618
DA:159,45618
DA:160,0
DA:161,0
DA:162,45618
DA:163,45618
DA:164,1
DA:165,1
DA:166,11048
DA:167,0
DA:168,0
DA:169,11048
DA:170,1
LF:170
LH:150
BRDA:18,0,0,5222
BRDA:26,1,0,38466
BRDA:30,2,0,545
BRDA:34,3,0,37132
BRDA:37,4,0,0
BRDA:42,5,0,27545
BRDA:46,6,0,0
BRDA:65,7,0,209
BRDA:69,8,0,604
BRDA:74,9,0,18141
BRDA:75,10,0,0
BRDA:82,11,0,58070
BRDA:87,12,0,5222
BRDA:94,13,0,5222
BRDA:102,14,0,545
BRDA:105,15,0,0
BRDA:110,16,0,37132
BRDA:113,17,0,0
BRDA:118,18,0,20393
BRDA:122,19,0,0
BRDA:128,20,0,7152
BRDA:139,21,0,38466
BRDA:150,22,0,209
BRDA:155,23,0,45618
BRDA:159,24,0,0
BRDA:165,25,0,11048
BRDA:166,26,0,0
BRF:27
BRH:19
end_of_record
TN:
SF:src/classes/childObjectsImage.ts
FN:33,ChildObjectsImage
FN:40,ensureCapacity
FN:58,refreshLogging
FN:63,ensureFits
FN:75,get rawUint8Array
FN:79,get id
FN:83,clear
FN:88,getContentHash
FN:113,compareChildImages
FN:135,get objectFileCount
FN:139,get objectFileRanges
FN:143,isChildPresent
FN:166,findDuplicateChild
FN:197,checksum
FN:207,recordLengthOffsetForFile
FN:219,recordLengthOffsetForFilename
FN:235,getOffsetAndLengthForFile
FN:248,getOffsetAndLengthForFilename
FN:261,setOffset
FN:271,get offset
FN:275,readSymbolName
FN:287,nextLong
FN:298,nextWord
FN:307,peekWord
FN:316,nextByte
FN:324,nextBytes
FN:332,writeByte
FN:338,dumpBytes
FN:350,logMessage
FN:356,logMessageOutline
FNF:30
FNH:25
FNDA:635,ChildObjectsImage
FNDA:434,ensureCapacity
FNDA:836,refreshLogging
FNDA:346,ensureFits
FNDA:485,get rawUint8Array
FNDA:0,get id
FNDA:49,clear
FNDA:329,getContentHash
FNDA:39,compareChildImages
FNDA:959,get objectFileCount
FNDA:242,get objectFileRanges
FNDA:0,isChildPresent
FNDA:290,findDuplicateChild
FNDA:88,checksum
FNDA:340,recordLengthOffsetForFile
FNDA:6,recordLengthOffsetForFilename
FNDA:347,getOffsetAndLengthForFile
FNDA:12,getOffsetAndLengthForFilename
FNDA:733,setOffset
FNDA:624,get offset
FNDA:224,readSymbolName
FNDA:685,nextLong
FNDA:0,nextWord
FNDA:6,peekWord
FNDA:6450,nextByte
FNDA:6,nextBytes
FNDA:0,writeByte
FNDA:0,dumpBytes
FNDA:8885,logMessage
FNDA:290,logMessageOutline
DA:1,1
DA:2,1
DA:3,1
DA:4,1
DA:5,1
DA:6,1
DA:7,1
DA:8,1
DA:9,1
DA:10,1
DA:11,1
DA:12,1
DA:13,1
DA:14,1
DA:15,1
DA:16,1
DA:17,1
DA:18,1
DA:19,1
DA:20,1
DA:21,1
DA:22,1
DA:23,1
DA:24,1
DA:25,1
DA:26,1
DA:27,1
DA:28,1
DA:29,1
DA:30,1
DA:31,1
DA:32,1
DA:33,1
DA:34,635
DA:35,635
DA:36,635
DA:37,635
DA:38,635
DA:39,1
DA:40,1
DA:41,434
DA:42,0
DA:43,0
DA:44,0
DA:45,0
DA:46,0
DA:47,0
DA:48,0
DA:49,0
DA:50,0
DA:51,0
DA:52,434
DA:53,0
DA:54,0
DA:55,0
DA:56,434
DA:57,1
DA:58,1
DA:59,836
DA:60,836
DA:61,836
DA:62,1
DA:63,1
DA:64,346
DA:65,346
DA:66,346
DA:67,0
DA:68,0
DA:69,0
DA:70,0
DA:71,0
DA:72,0
DA:73,346
DA:74,1
DA:75,1
DA:76,485
DA:77,485
DA:78,1
DA:79,1
DA:80,0
DA:81,0
DA:82,1
DA:83,1
DA:84,49
DA:85,49
DA:86,49
DA:87,1
DA:88,1
DA:89,329
DA:90,329
DA:91,329
DA:92,329
DA:93,329
DA:94,329
DA:95,329
DA:96,329
DA:97,329
DA:98,10079
DA:99,10079
DA:100,329
DA:101,329
DA:102,329
DA:103,329
DA:104,329
DA:105,245
DA:106,7840
DA:107,7840
DA:108,245
DA:109,329
DA:110,329
DA:111,329
DA:112,1
DA:113,1
DA:114,39
DA:115,39
DA:116,0
DA:117,0
DA:118,39
DA:119,39
DA:120,39
DA:121,39
DA:122,39
DA:123,0
DA:124,0
DA:125,0
DA:126,0
DA:127,0
DA:128,0
DA:129,0
DA:130,39
DA:131,39
DA:132,39
DA:133,39
DA:134,1
DA:135,1
DA:136,959
DA:137,959
DA:138,1
DA:139,1
DA:140,242
DA:141,242
DA:142,1
DA:143,1
DA:144,0
DA:145,0
DA:146,0
DA:147,0
DA:148,0
DA:149,0
DA:150,0
DA:151,0
DA:152,0
DA:153,0
DA:154,0
DA:155,0
DA:156,0
DA:157,0
DA:158,0
DA:159,0
DA:160,0
DA:161,0
DA:162,0
DA:163,0
DA:164,0
DA:165,1
DA:166,1
DA:167,290
DA:168,290
DA:169,290
DA:170,290
DA:171,290
DA:172,39
DA:173,39
DA:174,42
DA:175,42
DA:176,39
DA:177,39
DA:178,39
DA:179,39
DA:180,39
DA:181,39
DA:182,39
DA:183,38
DA:184,38
DA:185,38
DA:186,39
DA:187,39
DA:188,42
DA:189,1
DA:190,252
DA:191,252
DA:192,252
DA:193,252
DA:194,252
DA:195,252
DA:196,1
DA:197,1
DA:198,88
DA:199,88
DA:200,88
DA:201,8119
DA:202,8119
DA:203,88
DA:204,88
DA:205,88
DA:206,1
DA:207,1
DA:208,340
DA:209,340
DA:210,340
DA:211,340
DA:212,340
DA:213,340
DA:214,340
DA:215,0
DA:216,0
DA:217,340
DA:218,1
DA:219,1
DA:220,6
DA:221,6
DA:222,6
DA:223,6
DA:224,6
DA:225,10
DA:226,10
DA:227,0
DA:228,0
DA:229,10
DA:230,6
DA:231,6
DA:232,6
DA:233,6
DA:234,1
DA:235,1
DA:236,347
DA:237,347
DA:238,347
DA:239,347
DA:240,347
DA:241,347
DA:242,0
DA:243,0
DA:244,0
DA:245,347
DA:246,347
DA:247,1
DA:248,1
DA:249,12
DA:250,12
DA:251,12
DA:252,52
DA:253,52
DA:254,12
DA:255,12
DA:256,12
DA:257,52
DA:258,12
DA:259,12
DA:260,1
DA:261,1
DA:262,733
DA:263,733
DA:264,733
DA:265,733
DA:266,733
DA:267,0
DA:268,0
DA:269,733
DA:270,1
DA:271,1
DA:272,624
DA:273,624
DA:274,1
DA:275,1
DA:276,224
DA:277,224
DA:278,224
DA:279,224
DA:280,1384
DA:281,1384
DA:282,1384
DA:283,224
DA:284,224
DA:285,224
DA:286,1
DA:287,1
DA:288,685
DA:289,685
DA:290,685
DA:291,685
DA:292,685
DA:293,685
DA:294,685
DA:295,685
DA:296,685
DA:297,1
DA:298,1
DA:299,0
DA:300,0
DA:301,0
DA:302,0
DA:303,0
DA:304,0
DA:305,0
DA:306,1
DA:307,1
DA:308,6
DA:309,6
DA:310,6
DA:311,6
DA:312,6
DA:313,6
DA:314,6
DA:315,1
DA:316,1
DA:317,6450
DA:318,6450
DA:319,6450
DA:320,6450
DA:321,6450
DA:322,6450
DA:323,1
DA:324,1
DA:325,6
DA:326,6
DA:327,6
DA:328,6
DA:329,6
DA:330,6
DA:331,1
DA:332,1
DA:333,0
DA:334,0
DA:335,0
DA:336,0
DA:337,1
DA:338,1
DA:339,0
DA:340,0
DA:341,0
DA:342,0
DA:343,0
DA:344,0
DA:345,0
DA:346,0
DA:347,0
DA:348,0
DA:349,1
DA:350,1
DA:351,8885
DA:352,0
DA:353,0
DA:354,8885
DA:355,1
DA:356,1
DA:357,290
DA:358,0
DA:359,0
DA:360,290
DA:361,1
LF:361
LH:276
BRDA:33,0,0,635
BRDA:40,1,0,434
BRDA:41,2,0,0
BRDA:41,3,0,0
BRDA:52,4,0,0
BRDA:58,5,0,836
BRDA:63,6,0,346
BRDA:66,7,0,0
BRDA:75,8,0,485
BRDA:83,9,0,49
BRDA:88,10,0,329
BRDA:97,11,0,10079
BRDA:104,12,0,245
BRDA:105,13,0,7840
BRDA:113,14,0,39
BRDA:115,15,0,0
BRDA:122,16,0,0
BRDA:132,17,0,1986
BRDA:135,18,0,959
BRDA:139,19,0,242
BRDA:166,20,0,290
BRDA:171,21,0,39
BRDA:173,22,0,42
BRDA:175,23,0,39
BRDA:182,24,0,38
BRDA:189,25,0,1
BRDA:190,26,0,252
BRDA:197,27,0,88
BRDA:200,28,0,8119
BRDA:207,29,0,340
BRDA:214,30,0,0
BRDA:219,31,0,6
BRDA:224,32,0,10
BRDA:226,33,0,0
BRDA:235,34,0,347
BRDA:241,35,0,0
BRDA:248,36,0,12
BRDA:251,37,0,52
BRDA:253,38,0,12
BRDA:261,39,0,733
BRDA:266,40,0,0
BRDA:271,41,0,624
BRDA:275,42,0,224
BRDA:279,43,0,1384
BRDA:287,44,0,685
BRDA:307,45,0,6
BRDA:316,46,0,6450
BRDA:324,47,0,6
BRDA:350,48,0,8885
BRDA:351,49,0,0
BRDA:356,50,0,290
BRDA:357,51,0,0
BRF:52
BRH:40
end_of_record
TN:
SF:src/classes/compiler.ts
FN:60,Compiler
FN:83,resetMemoryStats
FN:95,getEarlyDeduplicationSavings
FN:99,Compile
FN:166,compileRecursively
FN:583,uniqueObjectName
FN:597,logMessage
FN:603,logMessageOutline
FN:609,logCacheStats
FN:622,serializeOverrides
FN:629,validateIndexMapping
FN:661,logDuplicationStats
FN:694,buildObjInstanceInfo
FNF:13
FNH:8
FNDA:209,Compiler
FNDA:209,resetMemoryStats
FNDA:0,getEarlyDeduplicationSavings
FNDA:209,Compile
FNDA:297,compileRecursively
FNDA:0,uniqueObjectName
FNDA:0,logMessage
FNDA:0,logMessageOutline
FNDA:202,logCacheStats
FNDA:0,serializeOverrides
FNDA:202,validateIndexMapping
FNDA:202,logDuplicationStats
FNDA:202,buildObjInstanceInfo
DA:1,1
DA:2,1
DA:3,1
DA:4,1
DA:5,1
DA:6,1
DA:7,1
DA:8,1
DA:9,1
DA:10,1
DA:11,1
DA:12,1
DA:13,1
DA:14,1
DA:15,1
DA:16,1
DA:17,1
DA:18,1
DA:19,1
DA:20,1
DA:21,1
DA:22,1
DA:23,1
DA:24,1
DA:25,1
DA:26,1
DA:27,1
DA:28,1
DA:29,1
DA:30,1
DA:31,1
DA:32,1
DA:33,1
DA:34,1
DA:35,1
DA:36,1
DA:37,1
DA:38,1
DA:39,1
DA:40,1
DA:41,1
DA:42,1
DA:43,1
DA:44,1
DA:45,1
DA:46,1
DA:47,1
DA:48,1
DA:49,1
DA:50,1
DA:51,1
DA:52,1
DA:53,1
DA:54,1
DA:55,1
DA:56,1
DA:57,1
DA:58,1
DA:59,1
DA:60,1
DA:61,209
DA:62,209
DA:63,209
DA:64,209
DA:65,209
DA:66,209
DA:67,209
DA:68,209
DA:69,209
DA:70,209
DA:71,209
DA:72,209
DA:73,209
DA:74,209
DA:75,209
DA:76,209
DA:77,209
DA:78,209
DA:79,209
DA:80,209
DA:81,209
DA:82,1
DA:83,1
DA:84,209
DA:85,209
DA:86,209
DA:87,209
DA:88,209
DA:89,209
DA:90,209
DA:91,209
DA:92,209
DA:93,209
DA:94,1
DA:95,1
DA:96,0
DA:97,0
DA:98,1
DA:99,1
DA:100,209
DA:101,209
DA:102,209
DA:103,209
DA:104,209
DA:105,209
DA:106,209
DA:107,0
DA:108,0
DA:109,0
DA:110,209
DA:111,209
DA:112,209
DA:113,209
DA:114,209
DA:115,209
DA:116,209
DA:117,209
DA:118,209
DA:119,209
DA:120,209
DA:121,209
DA:122,202
DA:123,202
DA:124,202
DA:125,202
DA:126,202
DA:127,202
DA:128,202
DA:129,202
DA:130,202
DA:131,202
DA:132,202
DA:133,202
DA:134,202
DA:135,202
DA:136,202
DA:137,202
DA:138,202
DA:139,202
DA:140,209
DA:141,7
DA:142,7
DA:143,7
DA:144,7
DA:145,7
DA:146,7
DA:147,7
DA:148,7
DA:149,7
DA:150,7
DA:151,7
DA:152,7
DA:153,7
DA:154,7
DA:155,7
DA:156,0
DA:157,0
DA:158,0
DA:159,7
DA:160,7
DA:161,7
DA:162,209
DA:163,209
DA:164,1
DA:165,1
DA:166,1
DA:167,297
DA:168,297
DA:169,297
DA:170,297
DA:171,0
DA:172,0
DA:173,297
DA:174,297
DA:175,297
DA:176,297
DA:177,297
DA:178,297
DA:179,297
DA:180,297
DA:181,297
DA:182,297
DA:183,297
DA:184,297
DA:185,297
DA:186,297
DA:187,297
DA:188,297
DA:189,297
DA:190,297
DA:191,0
DA:192,0
DA:193,0
DA:194,0
DA:195,0
DA:196,0
DA:197,0
DA:198,0
DA:199,0
DA:200,0
DA:201,0
DA:202,0
DA:203,0
DA:204,0
DA:205,0
DA:206,0
DA:207,0
DA:208,0
DA:209,0
DA:210,0
DA:211,0
DA:212,0
DA:213,0
DA:214,0
DA:215,0
DA:216,0
DA:217,0
DA:218,0
DA:219,0
DA:220,0
DA:221,0
DA:222,0
DA:223,0
DA:224,0
DA:225,0
DA:226,0
DA:227,0
DA:228,0
DA:229,0
DA:230,0
DA:231,0
DA:232,0
DA:233,0
DA:234,0
DA:235,0
DA:236,0
DA:237,0
DA:238,0
DA:239,0
DA:240,0
DA:241,0
DA:242,0
DA:243,0
DA:244,0
DA:245,0
DA:246,0
DA:247,0
DA:248,0
DA:249,0
DA:250,0
DA:251,0
DA:252,0
DA:253,0
DA:254,0
DA:255,0
DA:256,0
DA:257,0
DA:258,0
DA:259,0
DA:260,0
DA:261,0
DA:262,0
DA:263,0
DA:264,0
DA:265,0
DA:266,0
DA:267,0
DA:268,0
DA:269,0
DA:270,0
DA:271,0
DA:272,0
DA:273,0
DA:274,0
DA:275,0
DA:276,0
DA:277,0
DA:278,0
DA:279,0
DA:280,0
DA:281,0
DA:282,0
DA:283,0
DA:284,0
DA:285,0
DA:286,0
DA:287,0
DA:288,0
DA:289,0
DA:290,0
DA:291,0
DA:292,0
DA:293,0
DA:294,0
DA:295,0
DA:296,0
DA:297,0
DA:298,0
DA:299,0
DA:300,0
DA:301,0
DA:302,0
DA:303,0
DA:304,0
DA:305,0
DA:306,0
DA:307,0
DA:308,0
DA:309,0
DA:310,0
DA:311,297
DA:312,297
DA:313,297
DA:314,297
DA:315,297
DA:316,297
DA:317,297
DA:318,297
DA:319,297
DA:320,297
DA:321,297
DA:322,297
DA:323,295
DA:324,295
DA:325,295
DA:326,295
DA:327,295
DA:328,295
DA:329,295
DA:330,295
DA:331,295
DA:332,295
DA:333,0
DA:334,0
DA:335,295
DA:336,49
DA:337,49
DA:338,49
DA:339,88
DA:340,88
DA:341,88
DA:342,88
DA:343,88
DA:344,47
DA:345,47
DA:346,47
DA:347,47
DA:348,88
DA:349,88
DA:350,88
DA:351,88
DA:352,88
DA:353,88
DA:354,88
DA:355,49
DA:356,295
DA:357,295
DA:358,295
DA:359,295
DA:360,295
DA:361,295
DA:362,295
DA:363,295
DA:364,295
DA:365,49
DA:366,49
DA:367,49
DA:368,49
DA:369,88
DA:370,88
DA:371,88
DA:372,88
DA:373,0
DA:374,0
DA:375,88
DA:376,88
DA:377,88
DA:378,88
DA:379,0
DA:380,0
DA:381,88
DA:382,88
DA:383,88
DA:384,88
DA:385,88
DA:386,88
DA:387,88
DA:388,88
DA:389,88
DA:390,88
DA:391,88
DA:392,88
DA:393,88
DA:394,88
DA:395,0
DA:396,0
DA:397,0
DA:398,0
DA:399,0
DA:400,0
DA:401,0
DA:402,0
DA:403,88
DA:404,49
DA:405,295
DA:406,295
DA:407,295
DA:408,295
DA:409,2
DA:410,2
DA:411,2
DA:412,2
DA:413,6
DA:414,6
DA:415,6
DA:416,6
DA:417,6
DA:418,6
DA:419,6
DA:420,0
DA:421,0
DA:422,6
DA:423,6
DA:424,6
DA:425,6
DA:426,6
DA:427,6
DA:428,6
DA:429,6
DA:430,6
DA:431,2
DA:432,295
DA:433,295
DA:434,295
DA:435,295
DA:436,295
DA:437,295
DA:438,295
DA:439,295
DA:440,295
DA:441,290
DA:442,290
DA:443,290
DA:444,290
DA:445,290
DA:446,290
DA:447,290
DA:448,290
DA:449,290
DA:450,290
DA:451,290
DA:452,290
DA:453,0
DA:454,0
DA:455,0
DA:456,0
DA:457,0
DA:458,0
DA:459,0
DA:460,0
DA:461,0
DA:462,0
DA:463,0
DA:464,0
DA:465,0
DA:466,0
DA:467,0
DA:468,0
DA:469,0
DA:470,0
DA:471,0
DA:472,0
DA:473,0
DA:474,0
DA:475,0
DA:476,0
DA:477,0
DA:478,0
DA:479,0
DA:480,0
DA:481,0
DA:482,0
DA:483,0
DA:484,0
DA:485,0
DA:486,0
DA:487,0
DA:488,0
DA:489,0
DA:490,0
DA:491,0
DA:492,0
DA:493,0
DA:494,0
DA:495,0
DA:496,0
DA:497,0
DA:498,0
DA:499,0
DA:500,0
DA:501,0
DA:502,0
DA:503,0
DA:504,0
DA:505,0
DA:506,0
DA:507,0
DA:508,0
DA:509,0
DA:510,0
DA:511,0
DA:512,0
DA:513,0
DA:514,0
DA:515,0
DA:516,0
DA:517,0
DA:518,0
DA:519,0
DA:520,0
DA:521,0
DA:522,0
DA:523,0
DA:524,0
DA:525,290
DA:526,290
DA:527,290
DA:528,290
DA:529,290
DA:530,290
DA:531,290
DA:532,38
DA:533,38
DA:534,38
DA:535,38
DA:536,0
DA:537,0
DA:538,38
DA:539,38
DA:540,38
DA:541,38
DA:542,38
DA:543,290
DA:544,252
DA:545,252
DA:546,252
DA:547,252
DA:548,252
DA:549,252
DA:550,0
DA:551,0
DA:552,252
DA:553,252
DA:554,252
DA:555,252
DA:556,252
DA:557,252
DA:558,252
DA:559,252
DA:560,252
DA:561,252
DA:562,252
DA:563,252
DA:564,252
DA:565,252
DA:566,0
DA:567,0
DA:568,252
DA:569,290
DA:570,290
DA:571,290
DA:572,290
DA:573,290
DA:574,290
DA:575,295
DA:576,295
DA:577,297
DA:578,290
DA:579,290
DA:580,290
DA:581,297
DA:582,1
DA:583,1
DA:584,0
DA:585,0
DA:586,0
DA:587,0
DA:588,0
DA:589,0
DA:590,0
DA:591,0
DA:592,0
DA:593,0
DA:594,0
DA:595,0
DA:596,1
DA:597,1
DA:598,0
DA:599,0
DA:600,0
DA:601,0
DA:602,1
DA:603,1
DA:604,0
DA:605,0
DA:606,0
DA:607,0
DA:608,1
DA:609,1
DA:610,202
DA:611,0
DA:612,202
DA:613,0
DA:614,0
DA:615,0
DA:616,0
DA:617,0
DA:618,0
DA:619,0
DA:620,202
DA:621,1
DA:622,1
DA:623,0
DA:624,0
DA:625,0
DA:626,0
DA:627,0
DA:628,1
DA:629,1
DA:630,202
DA:631,202
DA:632,202
DA:633,202
DA:634,202
DA:635,290
DA:636,0
DA:637,0
DA:638,0
DA:639,0
DA:640,290
DA:641,202
DA:642,202
DA:643,202
DA:644,202
DA:645,290
DA:646,0
DA:647,0
DA:648,290
DA:649,202
DA:650,202
DA:651,202
DA:652,0
DA:653,0
DA:654,0
DA:655,0
DA:656,202
DA:657,202
DA:658,202
DA:659,202
DA:660,1
DA:661,1
DA:662,202
DA:663,202
DA:664,0
DA:665,0
DA:666,0
DA:667,0
DA:668,0
DA:669,0
DA:670,0
DA:671,0
DA:672,0
DA:673,0
DA:674,0
DA:675,0
DA:676,0
DA:677,0
DA:678,0
DA:679,0
DA:680,0
DA:681,0
DA:682,0
DA:683,0
DA:684,0
DA:685,0
DA:686,0
DA:687,0
DA:688,202
DA:689,1
DA:690,1
DA:691,1
DA:692,1
DA:693,1
DA:694,1
DA:695,202
DA:696,202
DA:697,202
DA:698,202
DA:699,202
DA:700,202
DA:701,202
DA:702,202
DA:703,202
DA:704,202
DA:705,202
DA:706,202
DA:707,202
DA:708,202
DA:709,202
DA:710,202
DA:711,202
DA:712,202
DA:713,202
DA:714,202
DA:715,203
DA:716,203
DA:717,203
DA:718,203
DA:719,203
DA:720,46
DA:721,46
DA:722,46
DA:723,203
DA:724,203
DA:725,203
DA:726,203
DA:727,104
DA:728,104
DA:729,104
DA:730,104
DA:731,104
DA:732,104
DA:733,166
DA:734,166
DA:735,166
DA:736,80
DA:737,80
DA:738,80
DA:739,166
DA:740,104
DA:741,104
DA:742,104
DA:743,104
DA:744,104
DA:745,104
DA:746,104
DA:747,104
DA:748,46
DA:749,203
DA:750,198
DA:751,202
DA:752,1
LF:752
LH:461
BRDA:60,0,0,209
BRDA:83,1,0,209
BRDA:99,2,0,209
BRDA:101,3,0,0
BRDA:106,4,0,0
BRDA:121,5,0,202
BRDA:140,6,0,7
BRDA:144,7,0,6
BRDA:144,8,0,1
BRDA:155,9,0,0
BRDA:166,10,0,297
BRDA:168,11,0,0
BRDA:170,12,0,0
BRDA:190,13,0,0
BRDA:190,14,0,0
BRDA:322,15,0,295
BRDA:324,16,0,0
BRDA:332,17,0,50
BRDA:332,18,0,0
BRDA:335,19,0,49
BRDA:338,20,0,88
BRDA:343,21,0,47
BRDA:344,22,0,0
BRDA:357,23,0,0
BRDA:363,24,0,0
BRDA:364,25,0,49
BRDA:368,26,0,88
BRDA:372,27,0,0
BRDA:378,28,0,0
BRDA:394,29,0,0
BRDA:407,30,0,0
BRDA:408,31,0,2
BRDA:411,32,0,0
BRDA:412,33,0,6
BRDA:416,34,0,0
BRDA:419,35,0,0
BRDA:434,36,0,0
BRDA:440,37,0,290
BRDA:452,38,0,0
BRDA:531,39,0,38
BRDA:535,40,0,0
BRDA:541,41,0,18
BRDA:543,42,0,252
BRDA:549,43,0,0
BRDA:565,44,0,0
BRDA:574,45,0,0
BRDA:578,46,0,290
BRDA:579,47,0,0
BRDA:580,48,0,0
BRDA:609,49,0,202
BRDA:611,50,0,0
BRDA:612,51,0,0
BRDA:629,52,0,202
BRDA:634,53,0,290
BRDA:635,54,0,0
BRDA:644,55,0,290
BRDA:645,56,0,0
BRDA:651,57,0,0
BRDA:658,58,0,0
BRDA:643,59,0,88
BRDA:661,60,0,202
BRDA:663,61,0,15
BRDA:663,62,0,0
BRDA:694,63,0,202
BRDA:714,64,0,198
BRDA:714,65,0,203
BRDA:716,66,0,0
BRDA:719,67,0,157
BRDA:720,68,0,46
BRDA:723,69,0,0
BRDA:726,70,0,104
BRDA:732,71,0,166
BRDA:733,72,0,0
BRDA:735,73,0,80
BRDA:743,74,0,72
BRDA:743,75,0,32
BRDA:748,76,0,46
BRDA:750,77,0,0
BRDA:723,78,0,788
BRF:79
BRH:41
end_of_record
TN:
SF:src/classes/debugData.ts
FN:20,DebugRecord
FN:25,get length
FN:29,append
FN:37,byteAt
FN:45,get rawUint8Array
FN:49,clear
FN:65,DebugData
FN:74,setLogging
FN:78,get rawUint8Array
FN:82,get offset
FN:87,get offsetHex
FN:92,get length
FN:96,get collapseDebugData
FN:122,get recordCount
FN:134,recordExists
FN:139,recordIsMatch
FN:154,setRecord
FN:178,getRecordBytes
FN:203,injectRecord
FN:222,setOffsetTo
FN:228,read
FN:237,updateMax
FN:243,readWord
FN:253,replaceWord
FN:266,reset
FN:272,dumpBytes
FN:296,logMessage
FNF:27
FNH:18
FNDA:555,DebugRecord
FNDA:41768,get length
FNDA:18978,append
FNDA:19315,byteAt
FNDA:346,get rawUint8Array
FNDA:719,clear
FNDA:209,DebugData
FNDA:0,setLogging
FNDA:0,get rawUint8Array
FNDA:0,get offset
FNDA:0,get offsetHex
FNDA:124,get length
FNDA:42,get collapseDebugData
FNDA:40,get recordCount
FNDA:1879,recordExists
FNDA:1690,recordIsMatch
FNDA:189,setRecord
FNDA:0,getRecordBytes
FNDA:346,injectRecord
FNDA:189,setOffsetTo
FNDA:0,read
FNDA:0,updateMax
FNDA:4488,readWord
FNDA:587,replaceWord
FNDA:0,reset
FNDA:0,dumpBytes
FNDA:2655,logMessage
DA:1,1
DA:2,1
DA:3,1
DA:4,1
DA:5,1
DA:6,1
DA:7,1
DA:8,1
DA:9,1
DA:10,1
DA:11,1
DA:12,1
DA:13,1
DA:14,1
DA:15,1
DA:16,1
DA:17,1
DA:18,1
DA:19,1
DA:20,1
DA:21,555
DA:22,555
DA:23,555
DA:24,1
DA:25,1
DA:26,41768
DA:27,41768
DA:28,1
DA:29,1
DA:30,18978
DA:31,0
DA:32,0
DA:33,0
DA:34,18978
DA:35,18978
DA:36,1
DA:37,1
DA:38,19315
DA:39,19315
DA:40,19315
DA:41,19315
DA:42,19315
DA:43,19315
DA:44,1
DA:45,1
DA:46,346
DA:47,346
DA:48,1
DA:49,1
DA:50,719
DA:51,719
DA:52,1
DA:53,1
DA:54,1
DA:55,1
DA:56,1
DA:57,1
DA:58,1
DA:59,1
DA:60,1
DA:61,1
DA:62,1
DA:63,1
DA:64,1
DA:65,1
DA:66,209
DA:67,209
DA:68,209
DA:69,209
DA:70,209
DA:71,209
DA:72,209
DA:73,1
DA:74,1
DA:75,0
DA:76,0
DA:77,1
DA:78,1
DA:79,0
DA:80,0
DA:81,1
DA:82,1
DA:83,0
DA:84,0
DA:85,0
DA:86,1
DA:87,1
DA:88,0
DA:89,0
DA:90,0
DA:91,1
DA:92,1
DA:93,124
DA:94,124
DA:95,1
DA:96,1
DA:97,42
DA:98,42
DA:99,42
DA:100,42
DA:101,42
DA:102,273
DA:103,273
DA:104,42
DA:105,42
DA:106,231
DA:107,231
DA:108,42
DA:109,42
DA:110,42
DA:111,42
DA:112,42
DA:113,231
DA:114,231
DA:115,231
DA:116,231
DA:117,42
DA:118,42
DA:119,42
DA:120,1
DA:121,1
DA:122,1
DA:123,40
DA:124,40
DA:125,226
DA:126,186
DA:127,226
DA:128,40
DA:129,40
DA:130,226
DA:131,40
DA:132,40
DA:133,1
DA:134,1
DA:135,1879
DA:136,1879
DA:137,1879
DA:138,1
DA:139,1
DA:140,1690
DA:141,1690
DA:142,1690
DA:143,1690
DA:144,13797
DA:145,13797
DA:146,1533
DA:147,1533
DA:148,1533
DA:149,13797
DA:150,1690
DA:151,1690
DA:152,1690
DA:153,1
DA:154,1
DA:155,189
DA:156,189
DA:157,189
DA:158,189
DA:159,0
DA:160,0
DA:161,0
DA:162,189
DA:163,189
DA:164,5518
DA:165,5518
DA:166,189
DA:167,189
DA:168,189
DA:169,189
DA:170,189
DA:171,189
DA:172,1
DA:173,1
DA:174,1
DA:175,1
DA:176,1
DA:177,1
DA:178,1
DA:179,0
DA:180,0
DA:181,0
DA:182,0
DA:183,0
DA:184,0
DA:185,0
DA:186,0
DA:187,0
DA:188,0
DA:189,0
DA:190,0
DA:191,0
DA:192,0
DA:193,1
DA:194,1
DA:195,1
DA:196,1
DA:197,1
DA:198,1
DA:199,1
DA:200,1
DA:201,1
DA:202,1
DA:203,1
DA:204,346
DA:205,346
DA:206,9489
DA:207,9489
DA:208,346
DA:209,346
DA:210,1690
DA:211,157
DA:212,157
DA:213,1690
DA:214,0
DA:215,0
DA:216,0
DA:217,1690
DA:218,189
DA:219,189
DA:220,189
DA:221,1
DA:222,1
DA:223,189
DA:224,189
DA:225,189
DA:226,189
DA:227,1
DA:228,1
DA:229,0
DA:230,0
DA:231,0
DA:232,0
DA:233,0
DA:234,0
DA:235,0
DA:236,1
DA:237,1
DA:238,0
DA:239,0
DA:240,0
DA:241,0
DA:242,1
DA:243,1
DA:244,4488
DA:245,4488
DA:246,4488
DA:247,4488
DA:248,4488
DA:249,4488
DA:250,4488
DA:251,4488
DA:252,1
DA:253,1
DA:254,587
DA:255,587
DA:256,587
DA:257,587
DA:258,587
DA:259,587
DA:260,587
DA:261,587
DA:262,587
DA:263,587
DA:264,587
DA:265,1
DA:266,1
DA:267,0
DA:268,0
DA:269,0
DA:270,0
DA:271,1
DA:272,1
DA:273,0
DA:274,0
DA:275,0
DA:276,0
DA:277,0
DA:278,0
DA:279,0
DA:280,0
DA:281,0
DA:282,0
DA:283,0
DA:284,0
DA:285,0
DA:286,0
DA:287,0
DA:288,0
DA:289,0
DA:290,0
DA:291,0
DA:292,0
DA:293,0
DA:294,0
DA:295,1
DA:296,1
DA:297,2655
DA:298,0
DA:299,0
DA:300,2655
DA:301,1
LF:301
LH:229
BRDA:20,0,0,555
BRDA:25,1,0,41768
BRDA:29,2,0,18978
BRDA:30,3,0,0
BRDA:37,4,0,19315
BRDA:45,5,0,346
BRDA:49,6,0,719
BRDA:65,7,0,209
BRDA:92,8,0,124
BRDA:96,9,0,42
BRDA:101,10,0,273
BRDA:103,11,0,42
BRDA:106,12,0,231
BRDA:112,13,0,231
BRDA:122,14,0,40
BRDA:124,15,0,226
BRDA:125,16,0,186
BRDA:127,17,0,40
BRDA:134,18,0,1879
BRDA:139,19,0,1690
BRDA:143,20,0,13797
BRDA:145,21,0,1533
BRDA:154,22,0,189
BRDA:158,23,0,0
BRDA:163,24,0,5518
BRDA:203,25,0,346
BRDA:205,26,0,9489
BRDA:209,27,0,1690
BRDA:210,28,0,157
BRDA:213,29,0,1533
BRDA:213,30,0,0
BRDA:218,31,0,189
BRDA:222,32,0,189
BRDA:243,33,0,4488
BRDA:253,34,0,587
BRDA:296,35,0,2655
BRDA:297,36,0,0
BRF:37
BRH:33
end_of_record
TN:
SF:src/classes/distillerList.ts
FN:41,DistillerRecord
FN:50,get objectId
FN:53,get objectOffset
FN:56,get subObjectCount
FN:59,get methodCount
FN:62,get objectSize
FN:65,get subObjectIds
FN:70,set objectOffset
FN:74,set subObjectIds
FN:79,updateSubObjectId
FN:85,toString
FN:109,DistillerList
FN:114,enableLogging
FN:119,get recordCount
FN:123,addrecord
FN:128,record
FN:137,dumpRecords
FN:152,clear
FN:157,getRecordCount
FN:162,getRecordAt
FN:167,removeRecordAt
FN:176,replaceRecordAt
FN:185,findRecordIndexByObjectId
FN:196,findRecordByObjectId
FN:202,replaceSubObjectId
FN:217,records
FN:224,forEach
FN:228,logMessage
FNF:28
FNH:20
FNDA:463,DistillerRecord
FNDA:1390,get objectId
FNDA:3547,get objectOffset
FNDA:2817,get subObjectCount
FNDA:463,get methodCount
FNDA:3335,get objectSize
FNDA:8465,get subObjectIds
FNDA:316,set objectOffset
FNDA:0,set subObjectIds
FNDA:775,updateSubObjectId
FNDA:463,toString
FNDA:209,DistillerList
FNDA:0,enableLogging
FNDA:3956,get recordCount
FNDA:463,addrecord
FNDA:0,record
FNDA:0,dumpRecords
FNDA:242,clear
FNDA:0,getRecordCount
FNDA:2897,getRecordAt
FNDA:147,removeRecordAt
FNDA:0,replaceRecordAt
FNDA:221,findRecordIndexByObjectId
FNDA:0,findRecordByObjectId
FNDA:147,replaceSubObjectId
FNDA:484,records
FNDA:0,forEach
FNDA:463,logMessage
DA:1,1
DA:2,1
DA:3,1
DA:4,1
DA:5,1
DA:6,1
DA:7,1
DA:8,1
DA:9,1
DA:10,1
DA:11,1
DA:12,1
DA:13,1
DA:14,1
DA:15,1
DA:16,1
DA:17,1
DA:18,1
DA:19,1
DA:20,1
DA:21,1
DA:22,1
DA:23,1
DA:24,1
DA:25,1
DA:26,1
DA:27,1
DA:28,1
DA:29,1
DA:30,1
DA:31,1
DA:32,1
DA:33,1
DA:34,1
DA:35,1
DA:36,1
DA:37,1
DA:38,1
DA:39,1
DA:40,1
DA:41,1
DA:42,463
DA:43,463
DA:44,463
DA:45,463
DA:46,463
DA:47,463
DA:48,463
DA:49,1
DA:50,1
DA:51,1390
DA:52,1390
DA:53,1
DA:54,3547
DA:55,3547
DA:56,1
DA:57,2817
DA:58,2817
DA:59,1
DA:60,463
DA:61,463
DA:62,1
DA:63,3335
DA:64,3335
DA:65,1
DA:66,8465
DA:67,8465
DA:68,1
DA:69,1
DA:70,1
DA:71,316
DA:72,316
DA:73,1
DA:74,1
DA:75,0
DA:76,0
DA:77,1
DA:78,1
DA:79,1
DA:80,775
DA:81,775
DA:82,775
DA:83,775
DA:84,1
DA:85,1
DA:86,463
DA:87,463
DA:88,463
DA:89,1
DA:90,1
DA:91,1
DA:92,1
DA:93,1
DA:94,1
DA:95,1
DA:96,1
DA:97,1
DA:98,1
DA:99,1
DA:100,1
DA:101,1
DA:102,1
DA:103,1
DA:104,1
DA:105,1
DA:106,1
DA:107,1
DA:108,1
DA:109,1
DA:110,209
DA:111,209
DA:112,209
DA:113,1
DA:114,1
DA:115,0
DA:116,0
DA:117,0
DA:118,1
DA:119,1
DA:120,3956
DA:121,3956
DA:122,1
DA:123,1
DA:124,463
DA:125,463
DA:126,463
DA:127,1
DA:128,1
DA:129,0
DA:130,0
DA:131,0
DA:132,0
DA:133,0
DA:134,0
DA:135,0
DA:136,1
DA:137,1
DA:138,0
DA:139,0
DA:140,0
DA:141,0
DA:142,0
DA:143,0
DA:144,0
DA:145,0
DA:146,0
DA:147,0
DA:148,0
DA:149,0
DA:150,1
DA:151,1
DA:152,1
DA:153,242
DA:154,242
DA:155,1
DA:156,1
DA:157,1
DA:158,0
DA:159,0
DA:160,1
DA:161,1
DA:162,1
DA:163,2897
DA:164,2897
DA:165,1
DA:166,1
DA:167,1
DA:168,147
DA:169,147
DA:170,147
DA:171,147
DA:172,0
DA:173,0
DA:174,1
DA:175,1
DA:176,1
DA:177,0
DA:178,0
DA:179,0
DA:180,0
DA:181,0
DA:182,0
DA:183,1
DA:184,1
DA:185,1
DA:186,221
DA:187,221
DA:188,633
DA:189,221
DA:190,221
DA:191,633
DA:192,0
DA:193,0
DA:194,1
DA:195,1
DA:196,1
DA:197,0
DA:198,0
DA:199,0
DA:200,1
DA:201,1
DA:202,1
DA:203,147
DA:204,147
DA:205,147
DA:206,147
DA:207,1862
DA:208,2400
DA:209,2400
DA:210,775
DA:211,775
DA:212,2400
DA:213,1862
DA:214,147
DA:215,1
DA:216,1
DA:217,1
DA:218,484
DA:219,779
DA:220,779
DA:221,484
DA:222,1
DA:223,1
DA:224,1
DA:225,0
DA:226,0
DA:227,1
DA:228,1
DA:229,463
DA:230,0
DA:231,0
DA:232,463
DA:233,1
LF:233
LH:190
BRDA:41,0,0,463
BRDA:50,1,0,1390
BRDA:53,2,0,3547
BRDA:56,3,0,2817
BRDA:59,4,0,463
BRDA:62,5,0,3335
BRDA:65,6,0,8465
BRDA:70,7,0,316
BRDA:79,8,0,775
BRDA:85,9,0,463
BRDA:109,10,0,209
BRDA:119,11,0,3956
BRDA:123,12,0,463
BRDA:152,13,0,242
BRDA:162,14,0,2897
BRDA:163,15,0,0
BRDA:167,16,0,147
BRDA:172,17,0,0
BRDA:185,18,0,221
BRDA:187,19,0,633
BRDA:188,20,0,221
BRDA:192,21,0,0
BRDA:202,22,0,147
BRDA:206,23,0,1862
BRDA:207,24,0,2400
BRDA:209,25,0,1772
BRDA:209,26,0,775
BRDA:217,27,0,484
BRDA:218,28,0,779
BRDA:228,29,0,463
BRDA:229,30,0,0
BRF:31
BRH:27
end_of_record
TN:
SF:src/classes/externalFiles.ts
FN:19,ExternalFiles
FN:23,get clockSetterLength
FN:30,get clockSetter
FN:34,get flashLoaderLength
FN:41,get flashLoader
FN:45,get spinDebuggerLength
FN:52,get spinDebugger
FN:56,get spinInterpreterLength
FN:63,get spinInterpreter
FN:67,loadFiles
FN:114,loadImage
FN:125,logMessage
FNF:12
FNH:11
FNDA:209,ExternalFiles
FNDA:35,get clockSetterLength
FNDA:35,get clockSetter
FNDA:0,get flashLoaderLength
FNDA:1,get flashLoader
FNDA:42,get spinDebuggerLength
FNDA:42,get spinDebugger
FNDA:308,get spinInterpreterLength
FNDA:154,get spinInterpreter
FNDA:191,loadFiles
FNDA:764,loadImage
FNDA:764,logMessage
DA:1,1
DA:2,1
DA:3,1
DA:4,1
DA:5,1
DA:6,1
DA:7,1
DA:8,1
DA:9,1
DA:10,1
DA:11,1
DA:12,1
DA:13,1
DA:14,1
DA:15,1
DA:16,1
DA:17,1
DA:18,1
DA:19,1
DA:20,209
DA:21,209
DA:22,1
DA:23,1
DA:24,35
DA:25,35
DA:26,35
DA:27,35
DA:28,35
DA:29,1
DA:30,1
DA:31,35
DA:32,35
DA:33,1
DA:34,1
DA:35,0
DA:36,0
DA:37,0
DA:38,0
DA:39,0
DA:40,1
DA:41,1
DA:42,1
DA:43,1
DA:44,1
DA:45,1
DA:46,42
DA:47,2
DA:48,2
DA:49,42
DA:50,42
DA:51,1
DA:52,1
DA:53,42
DA:54,42
DA:55,1
DA:56,1
DA:57,308
DA:58,154
DA:59,154
DA:60,308
DA:61,308
DA:62,1
DA:63,1
DA:64,154
DA:65,154
DA:66,1
DA:67,1
DA:68,191
DA:69,191
DA:70,191
DA:71,191
DA:72,191
DA:73,191
DA:74,191
DA:75,191
DA:76,191
DA:77,191
DA:78,191
DA:79,191
DA:80,191
DA:81,191
DA:82,191
DA:83,191
DA:84,191
DA:85,191
DA:86,191
DA:87,191
DA:88,191
DA:89,191
DA:90,191
DA:91,191
DA:92,191
DA:93,191
DA:94,191
DA:95,191
DA:96,191
DA:97,191
DA:98,191
DA:99,191
DA:100,191
DA:101,191
DA:102,191
DA:103,191
DA:104,191
DA:105,191
DA:106,191
DA:107,191
DA:108,191
DA:109,191
DA:110,191
DA:111,191
DA:112,191
DA:113,1
DA:114,1
DA:115,764
DA:116,764
DA:117,764
DA:118,764
DA:119,764
DA:120,764
DA:121,764
DA:122,764
DA:123,764
DA:124,1
DA:125,1
DA:126,764
DA:127,0
DA:128,0
DA:129,764
DA:130,1
LF:130
LH:123
BRDA:19,0,0,209
BRDA:23,1,0,35
BRDA:30,2,0,35
BRDA:41,3,0,1
BRDA:45,4,0,42
BRDA:46,5,0,2
BRDA:52,6,0,42
BRDA:56,7,0,308
BRDA:57,8,0,154
BRDA:63,9,0,154
BRDA:67,10,0,191
BRDA:114,11,0,764
BRDA:125,12,0,764
BRDA:126,13,0,0
BRF:14
BRH:13
end_of_record
TN:
SF:src/classes/logger.ts
FN:9,Logger
FN:13,setProgramName
FN:17,enabledVerbose
FN:22,errorMsg
FN:27,compilerErrorMsg
FN:38,verboseMsg
FN:48,infoMsg
FN:52,warningMsg
FN:57,progressMsg
FN:61,errorColor
FN:66,warningColor
FN:77,logMessage
FN:86,logErrorMessage
FNF:13
FNH:9
FNDA:213,Logger
FNDA:213,setProgramName
FNDA:5,enabledVerbose
FNDA:0,errorMsg
FNDA:7,compilerErrorMsg
FNDA:2525,verboseMsg
FNDA:213,infoMsg
FNDA:0,warningMsg
FNDA:1071,progressMsg
FNDA:0,errorColor
FNDA:0,warningColor
FNDA:1352,logMessage
FNDA:7,logErrorMessage
DA:1,1
DA:2,1
DA:3,1
DA:4,1
DA:5,1
DA:6,1
DA:7,1
DA:8,1
DA:9,213
DA:10,213
DA:11,213
DA:12,213
DA:13,213
DA:14,213
DA:15,213
DA:16,213
DA:17,213
DA:18,5
DA:19,5
DA:20,5
DA:21,213
DA:22,213
DA:23,0
DA:24,0
DA:25,0
DA:26,213
DA:27,213
DA:28,7
DA:29,0
DA:30,0
DA:31,7
DA:32,7
DA:33,0
DA:34,0
DA:35,7
DA:36,7
DA:37,213
DA:38,213
DA:39,2525
DA:40,61
DA:41,10
DA:42,61
DA:43,51
DA:44,51
DA:45,61
DA:46,2525
DA:47,213
DA:48,213
DA:49,213
DA:50,213
DA:51,213
DA:52,213
DA:53,0
DA:54,0
DA:55,0
DA:56,213
DA:57,213
DA:58,1071
DA:59,1071
DA:60,213
DA:61,213
DA:62,0
DA:63,0
DA:64,0
DA:65,213
DA:66,213
DA:67,0
DA:68,0
DA:69,0
DA:70,213
DA:71,213
DA:72,213
DA:73,213
DA:74,213
DA:75,213
DA:76,213
DA:77,213
DA:78,1352
DA:79,1352
DA:80,213
DA:81,213
DA:82,213
DA:83,213
DA:84,213
DA:85,213
DA:86,213
DA:87,7
DA:88,0
DA:89,0
DA:90,7
DA:91,7
DA:92,213
LF:92
LH:74
BRDA:9,0,0,213
BRDA:13,1,0,213
BRDA:17,2,0,5
BRDA:27,3,0,7
BRDA:28,4,0,0
BRDA:31,5,0,0
BRDA:32,6,0,0
BRDA:38,7,0,2525
BRDA:39,8,0,61
BRDA:40,9,0,10
BRDA:42,10,0,51
BRDA:48,11,0,213
BRDA:57,12,0,1071
BRDA:77,13,0,1352
BRDA:86,14,0,7
BRDA:87,15,0,0
BRF:16
BRH:12
end_of_record
TN:
SF:src/classes/mapGenerator.ts
FN:32,MapGenerator
FN:40,generate
FN:72,emitHeader
FN:90,emitProgramSummary
FN:120,emitObjectHierarchy
FN:140,emitHierarchyNode
FN:177,emitMemoryLayout
FN:249,emitObjectDetails
FN:414,emitAddressIndex
FN:490,emitSymbolIndex
FN:594,getVarBaseForInstance
FN:663,getVarSymbolSize
FN:676,getObjectNameByIndex
FN:684,isDatSymbolType
FN:694,extractDatOffset
FN:699,getDatTypeString
FN:716,cleanSymbolName
FN:725,isVarSymbolType
FN:738,extractVarOffset
FN:743,getVarTypeString
FN:766,extractMethodEntry
FN:771,hexAddr
FN:775,writeLine
FN:781,logMessage
FNF:24
FNH:2
FNDA:202,MapGenerator
FNDA:202,generate
FNDA:0,emitHeader
FNDA:0,emitProgramSummary
FNDA:0,emitObjectHierarchy
FNDA:0,emitHierarchyNode
FNDA:0,emitMemoryLayout
FNDA:0,emitObjectDetails
FNDA:0,emitAddressIndex
FNDA:0,emitSymbolIndex
FNDA:0,getVarBaseForInstance
FNDA:0,getVarSymbolSize
FNDA:0,getObjectNameByIndex
FNDA:0,isDatSymbolType
FNDA:0,extractDatOffset
FNDA:0,getDatTypeString
FNDA:0,cleanSymbolName
FNDA:0,isVarSymbolType
FNDA:0,extractVarOffset
FNDA:0,getVarTypeString
FNDA:0,extractMethodEntry
FNDA:0,hexAddr
FNDA:0,writeLine
FNDA:0,logMessage
DA:1,1
DA:2,1
DA:3,1
DA:4,1
DA:5,1
DA:6,1
DA:7,1
DA:8,1
DA:9,1
DA:10,1
DA:11,1
DA:12,1
DA:13,1
DA:14,1
DA:15,1
DA:16,1
DA:17,1
DA:18,1
DA:19,1
DA:20,1
DA:21,1
DA:22,1
DA:23,1
DA:24,1
DA:25,1
DA:26,1
DA:27,1
DA:28,1
DA:29,1
DA:30,1
DA:31,1
DA:32,1
DA:33,202
DA:34,202
DA:35,202
DA:36,1
DA:37,1
DA:38,1
DA:39,1
DA:40,1
DA:41,202
DA:42,202
DA:43,202
DA:44,0
DA:45,0
DA:46,0
DA:47,0
DA:48,0
DA:49,0
DA:50,0
DA:51,0
DA:52,0
DA:53,0
DA:54,0
DA:55,0
DA:56,0
DA:57,0
DA:58,0
DA:59,0
DA:60,0
DA:61,0
DA:62,0
DA:63,0
DA:64,0
DA:65,0
DA:66,0
DA:67,1
DA:68,1
DA:69,1
DA:70,1
DA:71,1
DA:72,1
DA:73,0
DA:74,0
DA:75,0
DA:76,0
DA:77,0
DA:78,0
DA:79,0
DA:80,0
DA:81,0
DA:82,0
DA:83,0
DA:84,0
DA:85,1
DA:86,1
DA:87,1
DA:88,1
DA:89,1
DA:90,1
DA:91,0
DA:92,0
DA:93,0
DA:94,0
DA:95,0
DA:96,0
DA:97,0
DA:98,0
DA:99,0
DA:100,0
DA:101,0
DA:102,0
DA:103,0
DA:104,0
DA:105,0
DA:106,0
DA:107,0
DA:108,0
DA:109,0
DA:110,0
DA:111,0
DA:112,0
DA:113,0
DA:114,0
DA:115,1
DA:116,1
DA:117,1
DA:118,1
DA:119,1
DA:120,1
DA:121,0
DA:122,0
DA:123,0
DA:124,0
DA:125,0
DA:126,0
DA:127,0
DA:128,0
DA:129,0
DA:130,0
DA:131,0
DA:132,0
DA:133,0
DA:134,0
DA:135,0
DA:136,0
DA:137,0
DA:138,0
DA:139,1
DA:140,1
DA:141,0
DA:142,0
DA:143,0
DA:144,0
DA:145,0
DA:146,0
DA:147,0
DA:148,0
DA:149,0
DA:150,0
DA:151,0
DA:152,0
DA:153,0
DA:154,0
DA:155,0
DA:156,0
DA:157,0
DA:158,0
DA:159,0
DA:160,0
DA:161,0
DA:162,0
DA:163,0
DA:164,0
DA:165,0
DA:166,0
DA:167,0
DA:168,0
DA:169,0
DA:170,0
DA:171,0
DA:172,1
DA:173,1
DA:174,1
DA:175,1
DA:176,1
DA:177,1
DA:178,0
DA:179,0
DA:180,0
DA:181,0
DA:182,0
DA:183,0
DA:184,0
DA:185,0
DA:186,0
DA:187,0
DA:188,0
DA:189,0
DA:190,0
DA:191,0
DA:192,0
DA:193,0
DA:194,0
DA:195,0
DA:196,0
DA:197,0
DA:198,0
DA:199,0
DA:200,0
DA:201,0
DA:202,0
DA:203,0
DA:204,0
DA:205,0
DA:206,0
DA:207,0
DA:208,0
DA:209,0
DA:210,0
DA:211,0
DA:212,0
DA:213,0
DA:214,0
DA:215,0
DA:216,0
DA:217,0
DA:218,0
DA:219,0
DA:220,0
DA:221,0
DA:222,0
DA:223,0
DA:224,0
DA:225,0
DA:226,0
DA:227,0
DA:228,0
DA:229,0
DA:230,0
DA:231,0
DA:232,0
DA:233,0
DA:234,0
DA:235,0
DA:236,0
DA:237,0
DA:238,0
DA:239,0
DA:240,0
DA:241,0
DA:242,0
DA:243,0
DA:244,1
DA:245,1
DA:246,1
DA:247,1
DA:248,1
DA:249,1
DA:250,0
DA:251,0
DA:252,0
DA:253,0
DA:254,0
DA:255,0
DA:256,0
DA:257,0
DA:258,0
DA:259,0
DA:260,0
DA:261,0
DA:262,0
DA:263,0
DA:264,0
DA:265,0
DA:266,0
DA:267,0
DA:268,0
DA:269,0
DA:270,0
DA:271,0
DA:272,0
DA:273,0
DA:274,0
DA:275,0
DA:276,0
DA:277,0
DA:278,0
DA:279,0
DA:280,0
DA:281,0
DA:282,0
DA:283,0
DA:284,0
DA:285,0
DA:286,0
DA:287,0
DA:288,0
DA:289,0
DA:290,0
DA:291,0
DA:292,0
DA:293,0
DA:294,0
DA:295,0
DA:296,0
DA:297,0
DA:298,0
DA:299,0
DA:300,0
DA:301,0
DA:302,0
DA:303,0
DA:304,0
DA:305,0
DA:306,0
DA:307,0
DA:308,0
DA:309,0
DA:310,0
DA:311,0
DA:312,0
DA:313,0
DA:314,0
DA:315,0
DA:316,0
DA:317,0
DA:318,0
DA:319,0
DA:320,0
DA:321,0
DA:322,0
DA:323,0
DA:324,0
DA:325,0
DA:326,0
DA:327,0
DA:328,0
DA:329,0
DA:330,0
DA:331,0
DA:332,0
DA:333,0
DA:334,0
DA:335,0
DA:336,0
DA:337,0
DA:338,0
DA:339,0
DA:340,0
DA:341,0
DA:342,0
DA:343,0
DA:344,0
DA:345,0
DA:346,0
DA:347,0
DA:348,0
DA:349,0
DA:350,0
DA:351,0
DA:352,0
DA:353,0
DA:354,0
DA:355,0
DA:356,0
DA:357,0
DA:358,0
DA:359,0
DA:360,0
DA:361,0
DA:362,0
DA:363,0
DA:364,0
DA:365,0
DA:366,0
DA:367,0
DA:368,0
DA:369,0
DA:370,0
DA:371,0
DA:372,0
DA:373,0
DA:374,0
DA:375,0
DA:376,0
DA:377,0
DA:378,0
DA:379,0
DA:380,0
DA:381,0
DA:382,0
DA:383,0
DA:384,0
DA:385,0
DA:386,0
DA:387,0
DA:388,0
DA:389,0
DA:390,0
DA:391,0
DA:392,0
DA:393,0
DA:394,0
DA:395,0
DA:396,0
DA:397,0
DA:398,0
DA:399,0
DA:400,0
DA:401,0
DA:402,0
DA:403,0
DA:404,0
DA:405,0
DA:406,0
DA:407,0
DA:408,0
DA:409,1
DA:410,1
DA:411,1
DA:412,1
DA:413,1
DA:414,1
DA:415,0
DA:416,0
DA:417,0
DA:418,0
DA:419,0
DA:420,0
DA:421,0
DA:422,0
DA:423,0
DA:424,0
DA:425,0
DA:426,0
DA:427,0
DA:428,0
DA:429,0
DA:430,0
DA:431,0
DA:432,0
DA:433,0
DA:434,0
DA:435,0
DA:436,0
DA:437,0
DA:438,0
DA:439,0
DA:440,0
DA:441,0
DA:442,0
DA:443,0
DA:444,0
DA:445,0
DA:446,0
DA:447,0
DA:448,0
DA:449,0
DA:450,0
DA:451,0
DA:452,0
DA:453,0
DA:454,0
DA:455,0
DA:456,0
DA:457,0
DA:458,0
DA:459,0
DA:460,0
DA:461,0
DA:462,0
DA:463,0
DA:464,0
DA:465,0
DA:466,0
DA:467,0
DA:468,0
DA:469,0
DA:470,0
DA:471,0
DA:472,0
DA:473,0
DA:474,0
DA:475,0
DA:476,0
DA:477,0
DA:478,0
DA:479,0
DA:480,0
DA:481,0
DA:482,0
DA:483,0
DA:484,0
DA:485,1
DA:486,1
DA:487,1
DA:488,1
DA:489,1
DA:490,1
DA:491,0
DA:492,0
DA:493,0
DA:494,0
DA:495,0
DA:496,0
DA:497,0
DA:498,0
DA:499,0
DA:500,0
DA:501,0
DA:502,0
DA:503,0
DA:504,0
DA:505,0
DA:506,0
DA:507,0
DA:508,0
DA:509,0
DA:510,0
DA:511,0
DA:512,0
DA:513,0
DA:514,0
DA:515,0
DA:516,0
DA:517,0
DA:518,0
DA:519,0
DA:520,0
DA:521,0
DA:522,0
DA:523,0
DA:524,0
DA:525,0
DA:526,0
DA:527,0
DA:528,0
DA:529,0
DA:530,0
DA:531,0
DA:532,0
DA:533,0
DA:534,0
DA:535,0
DA:536,0
DA:537,0
DA:538,0
DA:539,0
DA:540,0
DA:541,0
DA:542,0
DA:543,0
DA:544,0
DA:545,0
DA:546,0
DA:547,0
DA:548,0
DA:549,0
DA:550,0
DA:551,0
DA:552,0
DA:553,0
DA:554,0
DA:555,0
DA:556,0
DA:557,0
DA:558,0
DA:559,0
DA:560,0
DA:561,0
DA:562,0
DA:563,0
DA:564,0
DA:565,0
DA:566,0
DA:567,0
DA:568,0
DA:569,0
DA:570,0
DA:571,0
DA:572,0
DA:573,0
DA:574,0
DA:575,0
DA:576,0
DA:577,0
DA:578,0
DA:579,0
DA:580,0
DA:581,0
DA:582,0
DA:583,0
DA:584,0
DA:585,0
DA:586,0
DA:587,0
DA:588,0
DA:589,1
DA:590,1
DA:591,1
DA:592,1
DA:593,1
DA:594,1
DA:595,0
DA:596,0
DA:597,0
DA:598,0
DA:599,0
DA:600,0
DA:601,0
DA:602,0
DA:603,0
DA:604,0
DA:605,0
DA:606,0
DA:607,0
DA:608,0
DA:609,0
DA:610,0
DA:611,0
DA:612,0
DA:613,0
DA:614,0
DA:615,0
DA:616,0
DA:617,0
DA:618,0
DA:619,0
DA:620,0
DA:621,0
DA:622,0
DA:623,0
DA:624,0
DA:625,0
DA:626,0
DA:627,0
DA:628,0
DA:629,0
DA:630,0
DA:631,0
DA:632,0
DA:633,0
DA:634,0
DA:635,0
DA:636,0
DA:637,0
DA:638,0
DA:639,0
DA:640,0
DA:641,0
DA:642,0
DA:643,0
DA:644,0
DA:645,0
DA:646,0
DA:647,0
DA:648,0
DA:649,0
DA:650,0
DA:651,0
DA:652,0
DA:653,0
DA:654,0
DA:655,0
DA:656,0
DA:657,0
DA:658,0
DA:659,0
DA:660,0
DA:661,0
DA:662,1
DA:663,1
DA:664,0
DA:665,0
DA:666,0
DA:667,0
DA:668,0
DA:669,0
DA:670,0
DA:671,0
DA:672,0
DA:673,0
DA:674,0
DA:675,1
DA:676,1
DA:677,0
DA:678,0
DA:679,0
DA:680,0
DA:681,0
DA:682,0
DA:683,1
DA:684,1
DA:685,0
DA:686,0
DA:687,0
DA:688,0
DA:689,0
DA:690,0
DA:691,0
DA:692,0
DA:693,1
DA:694,1
DA:695,0
DA:696,0
DA:697,0
DA:698,1
DA:699,1
DA:700,0
DA:701,0
DA:702,0
DA:703,0
DA:704,0
DA:705,0
DA:706,0
DA:707,0
DA:708,0
DA:709,0
DA:710,0
DA:711,0
DA:712,0
DA:713,0
DA:714,0
DA:715,1
DA:716,1
DA:717,0
DA:718,0
DA:719,0
DA:720,0
DA:721,0
DA:722,0
DA:723,0
DA:724,1
DA:725,1
DA:726,0
DA:727,0
DA:728,0
DA:729,0
DA:730,0
DA:731,0
DA:732,0
DA:733,0
DA:734,0
DA:735,0
DA:736,0
DA:737,1
DA:738,1
DA:739,0
DA:740,0
DA:741,0
DA:742,1
DA:743,1
DA:744,0
DA:745,0
DA:746,0
DA:747,0
DA:748,0
DA:749,0
DA:750,0
DA:751,0
DA:752,0
DA:753,0
DA:754,0
DA:755,0
DA:756,0
DA:757,0
DA:758,0
DA:759,0
DA:760,0
DA:761,0
DA:762,0
DA:763,0
DA:764,0
DA:765,1
DA:766,1
DA:767,0
DA:768,0
DA:769,0
DA:770,1
DA:771,1
DA:772,0
DA:773,0
DA:774,1
DA:775,1
DA:776,0
DA:777,0
DA:778,0
DA:779,0
DA:780,1
DA:781,1
DA:782,0
DA:783,0
DA:784,0
DA:785,0
DA:786,1
LF:786
LH:120
BRDA:32,0,0,202
BRDA:40,1,0,202
BRDA:44,2,0,0
BRF:3
BRH:2
end_of_record
TN:
SF:src/classes/numberStack.ts
FN:18,NumberStack
FN:22,enableLogging
FN:27,setUnresolved
FN:31,get isUnresolved
FN:35,get isResolved
FN:39,push
FN:44,pop
FN:56,reset
FN:61,float32ToHexString
FN:67,logMessage
FNF:10
FNH:10
FNDA:209,NumberStack
FNDA:209,enableLogging
FNDA:1271,setUnresolved
FNDA:33100,get isUnresolved
FNDA:92434,get isResolved
FNDA:176192,push
FNDA:176134,pop
FNDA:162502,reset
FNDA:352326,float32ToHexString
FNDA:352326,logMessage
DA:1,1
DA:2,1
DA:3,1
DA:4,1
DA:5,1
DA:6,1
DA:7,1
DA:8,1
DA:9,1
DA:10,1
DA:11,1
DA:12,1
DA:13,1
DA:14,1
DA:15,1
DA:16,1
DA:17,1
DA:18,1
DA:19,209
DA:20,209
DA:21,1
DA:22,1
DA:23,209
DA:24,209
DA:25,209
DA:26,1
DA:27,1
DA:28,1271
DA:29,1271
DA:30,1
DA:31,1
DA:32,33100
DA:33,33100
DA:34,1
DA:35,1
DA:36,92434
DA:37,92434
DA:38,1
DA:39,1
DA:40,176192
DA:41,176192
DA:42,176192
DA:43,1
DA:44,1
DA:45,176134
DA:46,176134
DA:47,176134
DA:48,176134
DA:49,176134
DA:50,176134
DA:51,0
DA:52,0
DA:53,176134
DA:54,176134
DA:55,1
DA:56,1
DA:57,162502
DA:58,162502
DA:59,162502
DA:60,1
DA:61,1
DA:62,352326
DA:63,352326
DA:64,352326
DA:65,352326
DA:66,1
DA:67,1
DA:68,352326
DA:69,0
DA:70,0
DA:71,352326
DA:72,1
LF:72
LH:68
BRDA:18,0,0,209
BRDA:22,1,0,209
BRDA:27,2,0,1271
BRDA:31,3,0,33100
BRDA:35,4,0,92434
BRDA:39,5,0,176192
BRDA:44,6,0,176134
BRDA:50,7,0,0
BRDA:56,8,0,162502
BRDA:61,9,0,352326
BRDA:67,10,0,352326
BRDA:68,11,0,0
BRF:12
BRH:10
end_of_record
TN:
SF:src/classes/objInstanceInfo.ts
FN:34,ObjInstanceInfo
FN:41,get instanceName
FN:45,get sourceFileName
FN:49,get sourceFileBaseName
FN:54,get parentIndex
FN:58,get objectIndex
FN:62,get overrides
FN:66,get hasOverrides
FN:73,addOverride
FN:80,addOverridesFromSymbols
FN:95,formatOverrides
FN:113,ObjInstanceStore
FN:119,addInstance
FN:126,getInstance
FN:133,getAllInstances
FN:140,getChildInstances
FN:147,get count
FN:154,clear
FNF:18
FNH:5
FNDA:306,ObjInstanceInfo
FNDA:0,get instanceName
FNDA:0,get sourceFileName
FNDA:0,get sourceFileBaseName
FNDA:0,get parentIndex
FNDA:306,get objectIndex
FNDA:0,get overrides
FNDA:0,get hasOverrides
FNDA:0,addOverride
FNDA:0,addOverridesFromSymbols
FNDA:0,formatOverrides
FNDA:213,ObjInstanceStore
FNDA:306,addInstance
FNDA:0,getInstance
FNDA:0,getAllInstances
FNDA:0,getChildInstances
FNDA:0,get count
FNDA:202,clear
DA:1,1
DA:2,1
DA:3,1
DA:4,1
DA:5,1
DA:6,1
DA:7,1
DA:8,1
DA:9,1
DA:10,1
DA:11,1
DA:12,1
DA:13,1
DA:14,1
DA:15,1
DA:16,1
DA:17,1
DA:18,1
DA:19,1
DA:20,1
DA:21,1
DA:22,1
DA:23,1
DA:24,1
DA:25,1
DA:26,1
DA:27,1
DA:28,1
DA:29,1
DA:30,1
DA:31,1
DA:32,1
DA:33,1
DA:34,1
DA:35,306
DA:36,306
DA:37,306
DA:38,306
DA:39,306
DA:40,1
DA:41,1
DA:42,0
DA:43,0
DA:44,1
DA:45,1
DA:46,0
DA:47,0
DA:48,1
DA:49,1
DA:50,0
DA:51,0
DA:52,0
DA:53,1
DA:54,1
DA:55,0
DA:56,0
DA:57,1
DA:58,1
DA:59,306
DA:60,306
DA:61,1
DA:62,1
DA:63,0
DA:64,0
DA:65,1
DA:66,1
DA:67,0
DA:68,0
DA:69,1
DA:70,1
DA:71,1
DA:72,1
DA:73,1
DA:74,0
DA:75,0
DA:76,1
DA:77,1
DA:78,1
DA:79,1
DA:80,1
DA:81,0
DA:82,0
DA:83,0
DA:84,0
DA:85,0
DA:86,0
DA:87,0
DA:88,0
DA:89,0
DA:90,1
DA:91,1
DA:92,1
DA:93,1
DA:94,1
DA:95,1
DA:96,0
DA:97,0
DA:98,0
DA:99,0
DA:100,0
DA:101,0
DA:102,0
DA:103,0
DA:104,0
DA:105,0
DA:106,1
DA:107,1
DA:108,1
DA:109,1
DA:110,1
DA:111,1
DA:112,1
DA:113,213
DA:114,213
DA:115,213
DA:116,213
DA:117,213
DA:118,213
DA:119,213
DA:120,306
DA:121,306
DA:122,213
DA:123,213
DA:124,213
DA:125,213
DA:126,213
DA:127,0
DA:128,0
DA:129,213
DA:130,213
DA:131,213
DA:132,213
DA:133,213
DA:134,0
DA:135,0
DA:136,213
DA:137,213
DA:138,213
DA:139,213
DA:140,213
DA:141,0
DA:142,0
DA:143,213
DA:144,213
DA:145,213
DA:146,213
DA:147,213
DA:148,0
DA:149,0
DA:150,213
DA:151,213
DA:152,213
DA:153,213
DA:154,213
DA:155,202
DA:156,202
DA:157,213
LF:157
LH:115
BRDA:34,0,0,306
BRDA:58,1,0,306
BRDA:113,2,0,213
BRDA:119,3,0,306
BRDA:154,4,0,202
BRF:5
BRH:5
end_of_record
TN:
SF:src/classes/objectCache.ts
FN:204,ObjectCache
FN:213,computeKey
FN:246,get
FN:259,getSymbols
FN:278,getDebugInfo
FN:306,set
FN:342,clear
FN:347,clearCacheDir
FN:356,get stats
FN:360,get isEnabled
FN:364,get cachePath
FN:368,binPath
FN:372,symPath
FN:376,dbgPath
FN:380,metaPath
FN:390,serializeSymbols
FN:402,deserializeSymbols
FN:443,recomputeChildChecksum
FN:460,patchBrkSite
FNF:19
FNH:2
FNDA:209,ObjectCache
FNDA:0,computeKey
FNDA:0,get
FNDA:0,getSymbols
FNDA:0,getDebugInfo
FNDA:0,set
FNDA:0,clear
FNDA:0,clearCacheDir
FNDA:0,get stats
FNDA:499,get isEnabled
FNDA:0,get cachePath
FNDA:0,binPath
FNDA:0,symPath
FNDA:0,dbgPath
FNDA:0,metaPath
FNDA:0,serializeSymbols
FNDA:0,deserializeSymbols
FNDA:0,recomputeChildChecksum
FNDA:0,patchBrkSite
DA:1,1
DA:2,1
DA:3,1
DA:4,1
DA:5,1
DA:6,1
DA:7,1
DA:8,1
DA:9,1
DA:10,1
DA:11,1
DA:12,1
DA:13,1
DA:14,1
DA:15,1
DA:16,1
DA:17,1
DA:18,1
DA:19,1
DA:20,1
DA:21,1
DA:22,1
DA:23,1
DA:24,1
DA:25,1
DA:26,1
DA:27,1
DA:28,1
DA:29,1
DA:30,1
DA:31,1
DA:32,1
DA:33,1
DA:34,1
DA:35,1
DA:36,1
DA:37,1
DA:38,1
DA:39,1
DA:40,1
DA:41,1
DA:42,1
DA:43,1
DA:44,1
DA:45,1
DA:46,1
DA:47,1
DA:48,1
DA:49,1
DA:50,1
DA:51,1
DA:52,1
DA:53,1
DA:54,1
DA:55,1
DA:56,1
DA:57,1
DA:58,1
DA:59,1
DA:60,1
DA:61,1
DA:62,1
DA:63,1
DA:64,1
DA:65,1
DA:66,1
DA:67,1
DA:68,1
DA:69,1
DA:70,1
DA:71,1
DA:72,1
DA:73,1
DA:74,1
DA:75,1
DA:76,1
DA:77,1
DA:78,1
DA:79,1
DA:80,1
DA:81,1
DA:82,1
DA:83,1
DA:84,1
DA:85,1
DA:86,1
DA:87,1
DA:88,1
DA:89,1
DA:90,1
DA:91,1
DA:92,1
DA:93,1
DA:94,1
DA:95,1
DA:96,1
DA:97,1
DA:98,1
DA:99,1
DA:100,1
DA:101,1
DA:102,1
DA:103,1
DA:104,1
DA:105,1
DA:106,1
DA:107,1
DA:108,1
DA:109,1
DA:110,1
DA:111,1
DA:112,1
DA:113,1
DA:114,1
DA:115,1
DA:116,1
DA:117,1
DA:118,1
DA:119,1
DA:120,1
DA:121,1
DA:122,1
DA:123,1
DA:124,1
DA:125,1
DA:126,1
DA:127,1
DA:128,1
DA:129,1
DA:130,1
DA:131,1
DA:132,1
DA:133,1
DA:134,1
DA:135,1
DA:136,1
DA:137,1
DA:138,1
DA:139,1
DA:140,1
DA:141,1
DA:142,1
DA:143,1
DA:144,1
DA:145,1
DA:146,1
DA:147,1
DA:148,1
DA:149,1
DA:150,1
DA:151,1
DA:152,1
DA:153,1
DA:154,1
DA:155,1
DA:156,1
DA:157,1
DA:158,1
DA:159,1
DA:160,1
DA:161,1
DA:162,1
DA:163,1
DA:164,1
DA:165,1
DA:166,1
DA:167,1
DA:168,1
DA:169,1
DA:170,1
DA:171,1
DA:172,1
DA:173,1
DA:174,1
DA:175,1
DA:176,1
DA:177,1
DA:178,1
DA:179,1
DA:180,1
DA:181,1
DA:182,1
DA:183,1
DA:184,1
DA:185,1
DA:186,1
DA:187,1
DA:188,1
DA:189,1
DA:190,1
DA:191,1
DA:192,1
DA:193,1
DA:194,1
DA:195,1
DA:196,1
DA:197,1
DA:198,1
DA:199,1
DA:200,1
DA:201,1
DA:202,1
DA:203,1
DA:204,1
DA:205,209
DA:206,209
DA:207,209
DA:208,0
DA:209,0
DA:210,209
DA:211,1
DA:212,1
DA:213,1
DA:214,0
DA:215,0
DA:216,0
DA:217,0
DA:218,0
DA:219,0
DA:220,0
DA:221,0
DA:222,0
DA:223,0
DA:224,0
DA:225,0
DA:226,0
DA:227,0
DA:228,0
DA:229,0
DA:230,0
DA:231,0
DA:232,0
DA:233,0
DA:234,0
DA:235,0
DA:236,0
DA:237,0
DA:238,0
DA:239,0
DA:240,0
DA:241,0
DA:242,0
DA:243,0
DA:244,1
DA:245,1
DA:246,1
DA:247,0
DA:248,0
DA:249,0
DA:250,0
DA:251,0
DA:252,0
DA:253,0
DA:254,0
DA:255,0
DA:256,1
DA:257,1
DA:258,1
DA:259,1
DA:260,0
DA:261,0
DA:262,0
DA:263,0
DA:264,0
DA:265,0
DA:266,0
DA:267,0
DA:268,0
DA:269,0
DA:270,0
DA:271,0
DA:272,0
DA:273,1
DA:274,1
DA:275,1
DA:276,1
DA:277,1
DA:278,1
DA:279,0
DA:280,0
DA:281,0
DA:282,0
DA:283,0
DA:284,0
DA:285,0
DA:286,0
DA:287,0
DA:288,0
DA:289,0
DA:290,0
DA:291,0
DA:292,0
DA:293,0
DA:294,0
DA:295,0
DA:296,0
DA:297,0
DA:298,0
DA:299,0
DA:300,0
DA:301,0
DA:302,0
DA:303,1
DA:304,1
DA:305,1
DA:306,1
DA:307,0
DA:308,0
DA:309,0
DA:310,0
DA:311,0
DA:312,0
DA:313,0
DA:314,0
DA:315,0
DA:316,0
DA:317,0
DA:318,0
DA:319,0
DA:320,0
DA:321,0
DA:322,0
DA:323,0
DA:324,0
DA:325,0
DA:326,0
DA:327,0
DA:328,0
DA:329,0
DA:330,0
DA:331,0
DA:332,0
DA:333,0
DA:334,0
DA:335,0
DA:336,0
DA:337,0
DA:338,0
DA:339,0
DA:340,1
DA:341,1
DA:342,1
DA:343,0
DA:344,0
DA:345,1
DA:346,1
DA:347,1
DA:348,0
DA:349,0
DA:350,0
DA:351,0
DA:352,0
DA:353,0
DA:354,0
DA:355,1
DA:356,1
DA:357,0
DA:358,0
DA:359,1
DA:360,1
DA:361,499
DA:362,499
DA:363,1
DA:364,1
DA:365,0
DA:366,0
DA:367,1
DA:368,1
DA:369,0
DA:370,0
DA:371,1
DA:372,1
DA:373,0
DA:374,0
DA:375,1
DA:376,1
DA:377,0
DA:378,0
DA:379,1
DA:380,1
DA:381,0
DA:382,0
DA:383,1
DA:384,1
DA:385,1
DA:386,1
DA:387,1
DA:388,1
DA:389,1
DA:390,0
DA:391,0
DA:392,0
DA:393,0
DA:394,0
DA:395,0
DA:396,0
DA:397,0
DA:398,0
DA:399,0
DA:400,0
DA:401,1
DA:402,0
DA:403,0
DA:404,0
DA:405,0
DA:406,0
DA:407,0
DA:408,0
DA:409,0
DA:410,0
DA:411,1
DA:412,1
DA:413,1
DA:414,1
DA:415,1
DA:416,1
DA:417,1
DA:418,1
DA:419,1
DA:420,1
DA:421,1
DA:422,1
DA:423,1
DA:424,1
DA:425,1
DA:426,1
DA:427,1
DA:428,1
DA:429,1
DA:430,1
DA:431,1
DA:432,1
DA:433,1
DA:434,1
DA:435,1
DA:436,1
DA:437,1
DA:438,1
DA:439,1
DA:440,1
DA:441,1
DA:442,1
DA:443,0
DA:444,0
DA:445,0
DA:446,0
DA:447,0
DA:448,0
DA:449,0
DA:450,0
DA:451,0
DA:452,0
DA:453,0
DA:454,0
DA:455,0
DA:456,0
DA:457,0
DA:458,0
DA:459,1
DA:460,0
DA:461,0
DA:462,0
DA:463,0
DA:464,0
DA:465,0
DA:466,0
DA:467,0
DA:468,0
DA:469,0
DA:470,0
DA:471,0
DA:472,0
DA:473,0
DA:474,0
DA:475,0
DA:476,0
DA:477,0
LF:477
LH:291
BRDA:204,0,0,209
BRDA:207,1,0,0
BRDA:207,2,0,0
BRDA:360,3,0,499
BRF:4
BRH:2
end_of_record
TN:
SF:src/classes/objectDistiller.ts
FN:26,ObjectDistiller
FN:33,get recordCount
FN:40,get records
FN:49,distillObjects
FN:71,buildObjectTree
FN:123,scrubObjectOffsets
FN:139,eliminateRedundantObjects
FN:187,areRecordsEquivalent
FN:222,rebuildOptimizedImage
FN:256,reconnectReferences
FN:284,logMessage
FN:290,logMessageOutline
FNF:12
FNH:11
FNDA:209,ObjectDistiller
FNDA:0,get recordCount
FNDA:202,get records
FNDA:242,distillObjects
FNDA:463,buildObjectTree
FNDA:242,scrubObjectOffsets
FNDA:389,eliminateRedundantObjects
FNDA:1203,areRecordsEquivalent
FNDA:242,rebuildOptimizedImage
FNDA:463,reconnectReferences
FNDA:1725,logMessage
FNDA:463,logMessageOutline
DA:1,1
DA:2,1
DA:3,1
DA:4,1
DA:5,1
DA:6,1
DA:7,1
DA:8,1
DA:9,1
DA:10,1
DA:11,1
DA:12,1
DA:13,1
DA:14,1
DA:15,1
DA:16,1
DA:17,1
DA:18,1
DA:19,1
DA:20,1
DA:21,1
DA:22,1
DA:23,1
DA:24,1
DA:25,1
DA:26,1
DA:27,209
DA:28,209
DA:29,209
DA:30,209
DA:31,209
DA:32,1
DA:33,1
DA:34,0
DA:35,0
DA:36,1
DA:37,1
DA:38,1
DA:39,1
DA:40,1
DA:41,202
DA:42,202
DA:43,1
DA:44,1
DA:45,1
DA:46,1
DA:47,1
DA:48,1
DA:49,1
DA:50,242
DA:51,242
DA:52,242
DA:53,242
DA:54,242
DA:55,242
DA:56,242
DA:57,242
DA:58,389
DA:59,242
DA:60,242
DA:61,242
DA:62,242
DA:63,242
DA:64,242
DA:65,242
DA:66,1
DA:67,1
DA:68,1
DA:69,1
DA:70,1
DA:71,1
DA:72,463
DA:73,463
DA:74,463
DA:75,463
DA:76,463
DA:77,463
DA:78,463
DA:79,684
DA:80,684
DA:81,221
DA:82,684
DA:83,463
DA:84,463
DA:85,684
DA:86,463
DA:87,463
DA:88,463
DA:89,463
DA:90,463
DA:91,1384
DA:92,1384
DA:93,921
DA:94,1384
DA:95,463
DA:96,463
DA:97,1384
DA:98,463
DA:99,463
DA:100,463
DA:101,463
DA:102,221
DA:103,221
DA:104,463
DA:105,463
DA:106,463
DA:107,463
DA:108,463
DA:109,463
DA:110,463
DA:111,463
DA:112,221
DA:113,221
DA:114,221
DA:115,463
DA:116,463
DA:117,463
DA:118,1
DA:119,1
DA:120,1
DA:121,1
DA:122,1
DA:123,1
DA:124,242
DA:125,242
DA:126,242
DA:127,463
DA:128,221
DA:129,221
DA:130,221
DA:131,463
DA:132,242
DA:133,1
DA:134,1
DA:135,1
DA:136,1
DA:137,1
DA:138,1
DA:139,1
DA:140,389
DA:141,389
DA:142,389
DA:143,389
DA:144,807
DA:145,807
DA:146,807
DA:147,807
DA:148,807
DA:149,1193
DA:150,287
DA:151,287
DA:152,287
DA:153,1193
DA:154,807
DA:155,807
DA:156,287
DA:157,287
DA:158,520
DA:159,520
DA:160,807
DA:161,1203
DA:162,1203
DA:163,1203
DA:164,147
DA:165,147
DA:166,147
DA:167,147
DA:168,147
DA:169,147
DA:170,147
DA:171,147
DA:172,147
DA:173,147
DA:174,147
DA:175,147
DA:176,147
DA:177,147
DA:178,1203
DA:179,373
DA:180,242
DA:181,242
DA:182,242
DA:183,1
DA:184,1
DA:185,1
DA:186,1
DA:187,1
DA:188,1203
DA:189,1203
DA:190,928
DA:191,928
DA:192,275
DA:193,275
DA:194,1203
DA:195,0
DA:196,0
DA:197,275
DA:198,275
DA:199,1203
DA:200,286
DA:201,125
DA:202,125
DA:203,286
DA:204,150
DA:205,150
DA:206,150
DA:207,1203
DA:208,942
DA:209,942
DA:210,942
DA:211,3
DA:212,3
DA:213,942
DA:214,147
DA:215,147
DA:216,147
DA:217,1
DA:218,1
DA:219,1
DA:220,1
DA:221,1
DA:222,1
DA:223,242
DA:224,242
DA:225,242
DA:226,242
DA:227,242
DA:228,242
DA:229,242
DA:230,242
DA:231,242
DA:232,316
DA:233,316
DA:234,316
DA:235,316
DA:236,316
DA:237,316
DA:238,316
DA:239,316
DA:240,94721
DA:241,94721
DA:242,94721
DA:243,316
DA:244,242
DA:245,242
DA:246,242
DA:247,242
DA:248,242
DA:249,242
DA:250,242
DA:251,1
DA:252,1
DA:253,1
DA:254,1
DA:255,1
DA:256,1
DA:257,463
DA:258,463
DA:259,0
DA:260,0
DA:261,463
DA:262,463
DA:263,463
DA:264,463
DA:265,221
DA:266,221
DA:267,221
DA:268,221
DA:269,221
DA:270,0
DA:271,0
DA:272,221
DA:273,221
DA:274,221
DA:275,221
DA:276,221
DA:277,221
DA:278,221
DA:279,221
DA:280,221
DA:281,221
DA:282,463
DA:283,1
DA:284,1
DA:285,1725
DA:286,0
DA:287,0
DA:288,1725
DA:289,1
DA:290,1
DA:291,463
DA:292,0
DA:293,0
DA:294,463
DA:295,1
LF:295
LH:283
BRDA:26,0,0,209
BRDA:40,1,0,202
BRDA:49,2,0,242
BRDA:57,3,0,389
BRDA:71,4,0,463
BRDA:78,5,0,684
BRDA:80,6,0,221
BRDA:82,7,0,463
BRDA:90,8,0,1384
BRDA:92,9,0,921
BRDA:94,10,0,463
BRDA:101,11,0,221
BRDA:111,12,0,221
BRDA:123,13,0,242
BRDA:126,14,0,463
BRDA:127,15,0,221
BRDA:139,16,0,389
BRDA:143,17,0,807
BRDA:148,18,0,1193
BRDA:149,19,0,287
BRDA:155,20,0,287
BRDA:158,21,0,520
BRDA:160,22,0,1203
BRDA:163,23,0,147
BRDA:179,24,0,373
BRDA:180,25,0,242
BRDA:187,26,0,1203
BRDA:189,27,0,928
BRDA:192,28,0,275
BRDA:194,29,0,0
BRDA:197,30,0,275
BRDA:199,31,0,286
BRDA:200,32,0,125
BRDA:204,33,0,150
BRDA:207,34,0,942
BRDA:210,35,0,3
BRDA:214,36,0,147
BRDA:222,37,0,242
BRDA:231,38,0,316
BRDA:239,39,0,94721
BRDA:256,40,0,463
BRDA:258,41,0,0
BRDA:264,42,0,221
BRDA:269,43,0,0
BRDA:284,44,0,1725
BRDA:285,45,0,0
BRDA:290,46,0,463
BRDA:291,47,0,0
BRF:48
BRH:43
end_of_record
TN:
SF:src/classes/objectImage.ts
FN:48,ObjectImage
FN:57,copyFrom
FN:73,ensureFits
FN:85,ensureCapacity
FN:101,refreshLogging
FN:107,setLogging
FN:111,get isLoggingEnabled
FN:115,get rawUint8Array
FN:119,get offset
FN:124,get offsetHex
FN:129,get length
FN:133,calculateChecksum
FN:145,setOffsetTo
FN:179,appendLong
FN:185,appendWord
FN:194,appendByte
FN:202,append
FN:212,read
FN:222,updateMax
FN:228,readWord
FN:239,readLong
FN:249,readLongNext
FN:261,replaceByte
FN:273,replaceWord
FN:287,replaceLong
FN:299,reset
FN:311,addBrkSite
FN:317,get brkSites
FN:322,get brkSiteCount
FN:330,shiftBrkSites
FN:336,dumpBytes
FN:360,logMessage
FN:366,logMessageOutline
FNF:33
FNH:26
FNDA:657,ObjectImage
FNDA:202,copyFrom
FNDA:12,ensureFits
FNDA:5394191,ensureCapacity
FNDA:627,refreshLogging
FNDA:0,setLogging
FNDA:0,get isLoggingEnabled
FNDA:1461,get rawUint8Array
FNDA:140099,get offset
FNDA:0,get offsetHex
FNDA:448,get length
FNDA:242,calculateChecksum
FNDA:42180,setOffsetTo
FNDA:97755,appendLong
FNDA:197533,appendWord
FNDA:1938928,appendByte
FNDA:1938928,append
FNDA:1793361,read
FNDA:1938928,updateMax
FNDA:212956,readWord
FNDA:106343,readLong
FNDA:278,readLongNext
FNDA:1394837,replaceByte
FNDA:7868,replaceWord
FNDA:3771,replaceLong
FNDA:590,reset
FNDA:346,addBrkSite
FNDA:0,get brkSites
FNDA:0,get brkSiteCount
FNDA:242,shiftBrkSites
FNDA:0,dumpBytes
FNDA:3086014,logMessage
FNDA:0,logMessageOutline
DA:1,1
DA:2,1
DA:3,1
DA:4,1
DA:5,1
DA:6,1
DA:7,1
DA:8,1
DA:9,1
DA:10,1
DA:11,1
DA:12,1
DA:13,1
DA:14,1
DA:15,1
DA:16,1
DA:17,1
DA:18,1
DA:19,1
DA:20,1
DA:21,1
DA:22,1
DA:23,1
DA:24,1
DA:25,1
DA:26,1
DA:27,1
DA:28,1
DA:29,1
DA:30,1
DA:31,1
DA:32,1
DA:33,1
DA:34,1
DA:35,1
DA:36,1
DA:37,1
DA:38,1
DA:39,1
DA:40,1
DA:41,1
DA:42,1
DA:43,1
DA:44,1
DA:45,1
DA:46,1
DA:47,1
DA:48,1
DA:49,657
DA:50,657
DA:51,657
DA:52,657
DA:53,657
DA:54,657
DA:55,1
DA:56,1
DA:57,1
DA:58,202
DA:59,202
DA:60,202
DA:61,202
DA:62,202
DA:63,202
DA:64,202
DA:65,202
DA:66,202
DA:67,202
DA:68,202
DA:69,202
DA:70,202
DA:71,202
DA:72,1
DA:73,1
DA:74,12
DA:75,12
DA:76,12
DA:77,0
DA:78,0
DA:79,0
DA:80,0
DA:81,0
DA:82,0
DA:83,12
DA:84,1
DA:85,1
DA:86,5394191
DA:87,0
DA:88,0
DA:89,0
DA:90,0
DA:91,0
DA:92,0
DA:93,0
DA:94,0
DA:95,5394191
DA:96,0
DA:97,0
DA:98,0
DA:99,5394191
DA:100,1
DA:101,1
DA:102,627
DA:103,627
DA:104,627
DA:105,627
DA:106,1
DA:107,1
DA:108,0
DA:109,0
DA:110,1
DA:111,1
DA:112,0
DA:113,0
DA:114,1
DA:115,1
DA:116,1461
DA:117,1461
DA:118,1
DA:119,1
DA:120,140099
DA:121,140099
DA:122,140099
DA:123,1
DA:124,1
DA:125,0
DA:126,0
DA:127,0
DA:128,1
DA:129,1
DA:130,448
DA:131,448
DA:132,1
DA:133,1
DA:134,242
DA:135,242
DA:136,423155
DA:137,423155
DA:138,242
DA:139,242
DA:140,242
DA:141,242
DA:142,242
DA:143,242
DA:144,1
DA:145,1
DA:146,42180
DA:147,42180
DA:148,42180
DA:149,42180
DA:150,42180
DA:151,42180
DA:152,42180
DA:153,42180
DA:154,42180
DA:155,42180
DA:156,42180
DA:157,42180
DA:158,42180
DA:159,42180
DA:160,42180
DA:161,1660
DA:162,1660
DA:163,1660
DA:164,150
DA:165,150
DA:166,1660
DA:167,42180
DA:168,42180
DA:169,1
DA:170,1
DA:171,1
DA:172,1
DA:173,1
DA:174,1
DA:175,1
DA:176,1
DA:177,1
DA:178,1
DA:179,1
DA:180,97755
DA:181,97755
DA:182,97755
DA:183,97755
DA:184,1
DA:185,1
DA:186,197533
DA:187,2023
DA:188,2023
DA:189,2023
DA:190,197533
DA:191,197533
DA:192,197533
DA:193,1
DA:194,1
DA:195,1938928
DA:196,1543862
DA:197,1543862
DA:198,1543862
DA:199,1938928
DA:200,1938928
DA:201,1
DA:202,1
DA:203,1938928
DA:204,1938928
DA:205,0
DA:206,0
DA:207,1938928
DA:208,1938928
DA:209,1938928
DA:210,1938928
DA:211,1
DA:212,1
DA:213,1793361
DA:214,1793361
DA:215,1793361
DA:216,1793361
DA:217,1793361
DA:218,1793361
DA:219,1793361
DA:220,1793361
DA:221,1
DA:222,1
DA:223,1938928
DA:224,1547965
DA:225,1547965
DA:226,1938928
DA:227,1
DA:228,1
DA:229,212956
DA:230,212956
DA:231,212956
DA:232,212956
DA:233,212956
DA:234,212956
DA:235,212956
DA:236,212956
DA:237,212956
DA:238,1
DA:239,1
DA:240,106343
DA:241,106343
DA:242,106343
DA:243,106343
DA:244,106343
DA:245,106343
DA:246,106343
DA:247,106343
DA:248,1
DA:249,1
DA:250,278
DA:251,278
DA:252,278
DA:253,278
DA:254,278
DA:255,278
DA:256,278
DA:257,278
DA:258,278
DA:259,278
DA:260,1
DA:261,1
DA:262,1394837
DA:263,1394837
DA:264,1394837
DA:265,1394837
DA:266,1394837
DA:267,1394837
DA:268,1394837
DA:269,0
DA:270,0
DA:271,1394837
DA:272,1
DA:273,1
DA:274,7868
DA:275,7868
DA:276,326
DA:277,326
DA:278,7868
DA:279,7868
DA:280,7868
DA:281,7868
DA:282,7868
DA:283,7868
DA:284,7868
DA:285,7868
DA:286,1
DA:287,1
DA:288,3771
DA:289,3771
DA:290,3771
DA:291,3771
DA:292,3771
DA:293,3771
DA:294,3771
DA:295,3771
DA:296,3771
DA:297,3771
DA:298,1
DA:299,1
DA:300,590
DA:301,590
DA:302,590
DA:303,590
DA:304,590
DA:305,590
DA:306,590
DA:307,1
DA:308,1
DA:309,1
DA:310,1
DA:311,1
DA:312,346
DA:313,346
DA:314,1
DA:315,1
DA:316,1
DA:317,1
DA:318,0
DA:319,0
DA:320,1
DA:321,1
DA:322,1
DA:323,0
DA:324,0
DA:325,1
DA:326,1
DA:327,1
DA:328,1
DA:329,1
DA:330,1
DA:331,242
DA:332,201
DA:333,201
DA:334,242
DA:335,1
DA:336,1
DA:337,0
DA:338,0
DA:339,0
DA:340,0
DA:341,0
DA:342,0
DA:343,0
DA:344,0
DA:345,0
DA:346,0
DA:347,0
DA:348,0
DA:349,0
DA:350,0
DA:351,0
DA:352,0
DA:353,0
DA:354,0
DA:355,0
DA:356,0
DA:357,0
DA:358,0
DA:359,1
DA:360,1
DA:361,3086014
DA:362,0
DA:363,0
DA:364,3086014
DA:365,1
DA:366,1
DA:367,0
DA:368,0
DA:369,0
DA:370,0
DA:371,1
LF:371
LH:311
BRDA:48,0,0,657
BRDA:57,1,0,202
BRDA:73,2,0,12
BRDA:76,3,0,0
BRDA:85,4,0,5394191
BRDA:86,5,0,0
BRDA:86,6,0,0
BRDA:95,7,0,0
BRDA:101,8,0,627
BRDA:115,9,0,1461
BRDA:119,10,0,140099
BRDA:129,11,0,448
BRDA:133,12,0,242
BRDA:135,13,0,423155
BRDA:145,14,0,42180
BRDA:160,15,0,33628
BRDA:160,16,0,1660
BRDA:163,17,0,150
BRDA:162,18,0,14203
BRDA:179,19,0,97755
BRDA:185,20,0,197533
BRDA:186,21,0,2023
BRDA:194,22,0,1938928
BRDA:195,23,0,1543862
BRDA:202,24,0,1938928
BRDA:204,25,0,0
BRDA:212,26,0,1793361
BRDA:222,27,0,1938928
BRDA:223,28,0,1547965
BRDA:228,29,0,212956
BRDA:239,30,0,106343
BRDA:249,31,0,278
BRDA:261,32,0,1394837
BRDA:268,33,0,0
BRDA:273,34,0,7868
BRDA:275,35,0,326
BRDA:287,36,0,3771
BRDA:299,37,0,590
BRDA:311,38,0,346
BRDA:330,39,0,242
BRDA:331,40,0,201
BRDA:360,41,0,3086014
BRDA:361,42,0,0
BRF:43
BRH:36
end_of_record
TN:
SF:src/classes/objectStructureRecord.ts
FN:37,ObjectStructureRecord
FN:44,get length
FN:48,get memoryLength
FN:52,nextLong
FN:59,nextWord
FN:66,nextByte
FN:77,peekByte
FN:89,get offset
FN:93,set offset
FN:97,nextContinuation
FN:105,readBitfieldEntry
FN:114,skipBitfieldEntry
FN:120,isFirstMemberNameless
FN:137,peekWord
FN:144,skipToName
FN:158,recordWithinStructureRecord
FN:175,readString
FN:187,readLong
FN:194,readWord
FN:201,readByte
FN:212,logMessage
FN:218,dumpBytes
FNF:22
FNH:19
FNDA:9384,ObjectStructureRecord
FNDA:6575,get length
FNDA:4997,get memoryLength
FNDA:10890,nextLong
FNDA:29248,nextWord
FNDA:74491,nextByte
FNDA:2353,peekByte
FNDA:2353,get offset
FNDA:0,set offset
FNDA:0,nextContinuation
FNDA:895,readBitfieldEntry
FNDA:21,skipBitfieldEntry
FNDA:4222,isFirstMemberNameless
FNDA:874,peekWord
FNDA:5637,skipToName
FNDA:874,recordWithinStructureRecord
FNDA:6532,readString
FNDA:4997,readLong
FNDA:9994,readWord
FNDA:24089,readByte
FNDA:7427,logMessage
FNDA:0,dumpBytes
DA:1,1
DA:2,1
DA:3,1
DA:4,1
DA:5,1
DA:6,1
DA:7,1
DA:8,1
DA:9,1
DA:10,1
DA:11,1
DA:12,1
DA:13,1
DA:14,1
DA:15,1
DA:16,1
DA:17,1
DA:18,1
DA:19,1
DA:20,1
DA:21,1
DA:22,1
DA:23,1
DA:24,1
DA:25,1
DA:26,1
DA:27,1
DA:28,1
DA:29,1
DA:30,1
DA:31,1
DA:32,1
DA:33,1
DA:34,1
DA:35,1
DA:36,1
DA:37,1
DA:38,9384
DA:39,9384
DA:40,9384
DA:41,9384
DA:42,9384
DA:43,1
DA:44,1
DA:45,6575
DA:46,6575
DA:47,1
DA:48,1
DA:49,4997
DA:50,4997
DA:51,1
DA:52,1
DA:53,10890
DA:54,10890
DA:55,10890
DA:56,10890
DA:57,10890
DA:58,1
DA:59,1
DA:60,29248
DA:61,29248
DA:62,29248
DA:63,29248
DA:64,29248
DA:65,1
DA:66,1
DA:67,74491
DA:68,74491
DA:69,74491
DA:70,74491
DA:71,0
DA:72,0
DA:73,0
DA:74,74491
DA:75,74491
DA:76,1
DA:77,1
DA:78,2353
DA:79,2353
DA:80,2353
DA:81,2353
DA:82,2353
DA:83,0
DA:84,0
DA:85,0
DA:86,2353
DA:87,2353
DA:88,1
DA:89,1
DA:90,2353
DA:91,2353
DA:92,1
DA:93,1
DA:94,0
DA:95,0
DA:96,1
DA:97,1
DA:98,0
DA:99,0
DA:100,0
DA:101,0
DA:102,0
DA:103,0
DA:104,1
DA:105,1
DA:106,895
DA:107,895
DA:108,895
DA:109,895
DA:110,895
DA:111,895
DA:112,895
DA:113,1
DA:114,1
DA:115,21
DA:116,21
DA:117,21
DA:118,21
DA:119,1
DA:120,1
DA:121,4222
DA:122,4222
DA:123,4222
DA:124,4222
DA:125,4222
DA:126,4222
DA:127,4222
DA:128,4222
DA:129,4222
DA:130,0
DA:131,0
DA:132,4222
DA:133,4222
DA:134,4222
DA:135,4222
DA:136,1
DA:137,1
DA:138,874
DA:139,874
DA:140,874
DA:141,874
DA:142,874
DA:143,1
DA:144,1
DA:145,5637
DA:146,5637
DA:147,5637
DA:148,5637
DA:149,5637
DA:150,1411
DA:151,1411
DA:152,1411
DA:153,1411
DA:154,1411
DA:155,5637
DA:156,5637
DA:157,1
DA:158,1
DA:159,874
DA:160,874
DA:161,874
DA:162,874
DA:163,874
DA:164,0
DA:165,0
DA:166,0
DA:167,874
DA:168,874
DA:169,874
DA:170,874
DA:171,874
DA:172,874
DA:173,874
DA:174,1
DA:175,1
DA:176,6532
DA:177,6532
DA:178,6532
DA:179,6532
DA:180,6532
DA:181,6532
DA:182,6532
DA:183,6532
DA:184,6532
DA:185,6532
DA:186,1
DA:187,1
DA:188,4997
DA:189,4997
DA:190,4997
DA:191,4997
DA:192,4997
DA:193,1
DA:194,1
DA:195,9994
DA:196,9994
DA:197,9994
DA:198,9994
DA:199,9994
DA:200,1
DA:201,1
DA:202,24089
DA:203,24089
DA:204,24089
DA:205,24089
DA:206,0
DA:207,0
DA:208,0
DA:209,24089
DA:210,24089
DA:211,1
DA:212,1
DA:213,7427
DA:214,0
DA:215,0
DA:216,7427
DA:217,1
DA:218,1
DA:219,0
DA:220,0
DA:221,0
DA:222,0
DA:223,0
DA:224,0
DA:225,0
DA:226,0
DA:227,0
DA:228,0
DA:229,0
DA:230,0
DA:231,0
DA:232,0
DA:233,0
DA:234,0
DA:235,0
DA:236,0
DA:237,0
DA:238,0
DA:239,0
DA:240,0
DA:241,1
LF:241
LH:195
BRDA:37,0,0,9384
BRDA:44,1,0,6575
BRDA:48,2,0,4997
BRDA:52,3,0,10890
BRDA:59,4,0,29248
BRDA:66,5,0,74491
BRDA:70,6,0,0
BRDA:77,7,0,2353
BRDA:82,8,0,0
BRDA:89,9,0,2353
BRDA:105,10,0,895
BRDA:114,11,0,21
BRDA:120,12,0,4222
BRDA:129,13,0,0
BRDA:134,14,0,91
BRDA:137,15,0,874
BRDA:144,16,0,5637
BRDA:149,17,0,1411
BRDA:158,18,0,874
BRDA:163,19,0,0
BRDA:175,20,0,6532
BRDA:187,21,0,4997
BRDA:194,22,0,9994
BRDA:201,23,0,24089
BRDA:205,24,0,0
BRDA:212,25,0,7427
BRDA:213,26,0,0
BRF:27
BRH:21
end_of_record
TN:
SF:src/classes/objectStructures.ts
FN:75,ObjectStructures
FN:83,ensureCapacity
FN:96,Object.<anonymous>
FN:100,get length
FN:104,get haveMaxStructures
FN:108,setOffset
FN:112,readNext
FN:119,getStructureSizeForID
FN:129,getStructureRecord
FN:135,readRecord
FN:155,beginRecord
FN:168,endRecord
FN:181,beginMemberRecord
FN:187,endMemberRecord
FN:194,enterSymbolName
FN:207,readLongAt
FN:216,enterAssignedStructure
FN:230,enterStructureAsNew
FN:244,recordStructElementName
FN:254,recordBitfieldEntry
FN:270,recordStructWithinStruct
FN:283,recordStructElement
FN:292,finalizeStructElement
FN:313,enterLong
FN:321,enterWord
FN:326,enterByte
FN:334,read
FN:346,reset
FN:354,replaceLong
FN:361,replaceWord
FN:366,replaceByte
FN:376,logMessage
FN:382,logMessageOutline
FNF:33
FNH:26
FNDA:209,ObjectStructures
FNDA:3909,ensureCapacity
FNDA:0,Object.<anonymous>
FNDA:0,get length
FNDA:81,get haveMaxStructures
FNDA:0,setOffset
FNDA:0,readNext
FNDA:549,getStructureSizeForID
FNDA:4288,getStructureRecord
FNDA:4955,readRecord
FNDA:73,beginRecord
FNDA:73,endRecord
FNDA:162,beginMemberRecord
FNDA:162,endMemberRecord
FNDA:0,enterSymbolName
FNDA:590,readLongAt
FNDA:2,enterAssignedStructure
FNDA:6,enterStructureAsNew
FNDA:162,recordStructElementName
FNDA:25,recordBitfieldEntry
FNDA:41,recordStructWithinStruct
FNDA:121,recordStructElement
FNDA:162,finalizeStructElement
FNDA:235,enterLong
FNDA:98,enterWord
FNDA:3909,enterByte
FNDA:0,read
FNDA:590,reset
FNDA:73,replaceLong
FNDA:73,replaceWord
FNDA:438,replaceByte
FNDA:20584,logMessage
FNDA:0,logMessageOutline
DA:1,1
DA:2,1
DA:3,1
DA:4,1
DA:5,1
DA:6,1
DA:7,1
DA:8,1
DA:9,1
DA:10,1
DA:11,1
DA:12,1
DA:13,1
DA:14,1
DA:15,1
DA:16,1
DA:17,1
DA:18,1
DA:19,1
DA:20,1
DA:21,1
DA:22,1
DA:23,1
DA:24,1
DA:25,1
DA:26,1
DA:27,1
DA:28,1
DA:29,1
DA:30,1
DA:31,1
DA:32,1
DA:33,1
DA:34,1
DA:35,1
DA:36,1
DA:37,1
DA:38,1
DA:39,1
DA:40,1
DA:41,1
DA:42,1
DA:43,1
DA:44,1
DA:45,3
DA:46,3
DA:47,3
DA:48,3
DA:49,3
DA:50,3
DA:51,3
DA:52,1
DA:53,1
DA:54,1
DA:55,1
DA:56,1
DA:57,1
DA:58,1
DA:59,1
DA:60,1
DA:61,1
DA:62,1
DA:63,1
DA:64,1
DA:65,1
DA:66,1
DA:67,1
DA:68,1
DA:69,1
DA:70,1
DA:71,1
DA:72,1
DA:73,1
DA:74,1
DA:75,1
DA:76,209
DA:77,209
DA:78,209
DA:79,209
DA:80,209
DA:81,209
DA:82,1
DA:83,1
DA:84,3909
DA:85,0
DA:86,0
DA:87,0
DA:88,0
DA:89,0
DA:90,0
DA:91,0
DA:92,0
DA:93,0
DA:94,3909
DA:95,1
DA:96,1
DA:97,0
DA:98,0
DA:99,1
DA:100,1
DA:101,0
DA:102,0
DA:103,1
DA:104,1
DA:105,81
DA:106,81
DA:107,1
DA:108,1
DA:109,0
DA:110,0
DA:111,1
DA:112,1
DA:113,0
DA:114,0
DA:115,0
DA:116,0
DA:117,0
DA:118,1
DA:119,1
DA:120,549
DA:121,549
DA:122,549
DA:123,549
DA:124,549
DA:125,549
DA:126,549
DA:127,549
DA:128,1
DA:129,1
DA:130,4288
DA:131,4288
DA:132,4288
DA:133,4288
DA:134,1
DA:135,1
DA:136,4955
DA:137,4955
DA:138,4955
DA:139,4955
DA:140,4955
DA:141,4955
DA:142,4955
DA:143,4955
DA:144,4955
DA:145,4955
DA:146,4955
DA:147,4955
DA:148,0
DA:149,0
DA:150,0
DA:151,4955
DA:152,4955
DA:153,4955
DA:154,1
DA:155,1
DA:156,73
DA:157,73
DA:158,73
DA:159,73
DA:160,73
DA:161,73
DA:162,73
DA:163,73
DA:164,73
DA:165,73
DA:166,73
DA:167,1
DA:168,1
DA:169,73
DA:170,73
DA:171,73
DA:172,73
DA:173,73
DA:174,73
DA:175,73
DA:176,73
DA:177,73
DA:178,73
DA:179,73
DA:180,1
DA:181,1
DA:182,162
DA:183,162
DA:184,162
DA:185,162
DA:186,1
DA:187,1
DA:188,162
DA:189,162
DA:190,162
DA:191,162
DA:192,162
DA:193,1
DA:194,1
DA:195,0
DA:196,0
DA:197,0
DA:198,0
DA:199,0
DA:200,0
DA:201,0
DA:202,0
DA:203,0
DA:204,0
DA:205,0
DA:206,1
DA:207,1
DA:208,590
DA:209,590
DA:210,590
DA:211,590
DA:212,590
DA:213,590
DA:214,590
DA:215,1
DA:216,1
DA:217,2
DA:218,2
DA:219,2
DA:220,2
DA:221,2
DA:222,44
DA:223,44
DA:224,2
DA:225,2
DA:226,2
DA:227,2
DA:228,2
DA:229,1
DA:230,1
DA:231,6
DA:232,6
DA:233,6
DA:234,6
DA:235,6
DA:236,257
DA:237,257
DA:238,6
DA:239,6
DA:240,6
DA:241,6
DA:242,6
DA:243,1
DA:244,1
DA:245,162
DA:246,162
DA:247,162
DA:248,162
DA:249,162
DA:250,509
DA:251,509
DA:252,162
DA:253,1
DA:254,1
DA:255,25
DA:256,25
DA:257,25
DA:258,25
DA:259,25
DA:260,25
DA:261,25
DA:262,25
DA:263,25
DA:264,25
DA:265,107
DA:266,107
DA:267,25
DA:268,25
DA:269,1
DA:270,1
DA:271,41
DA:272,41
DA:273,41
DA:274,41
DA:275,41
DA:276,41
DA:277,41
DA:278,41
DA:279,1320
DA:280,1320
DA:281,41
DA:282,1
DA:283,1
DA:284,121
DA:285,121
DA:286,121
DA:287,121
DA:288,121
DA:289,121
DA:290,121
DA:291,1
DA:292,1
DA:293,162
DA:294,162
DA:295,162
DA:296,0
DA:297,0
DA:298,0
DA:299,162
DA:300,162
DA:301,162
DA:302,0
DA:303,0
DA:304,0
DA:305,162
DA:306,162
DA:307,0
DA:308,0
DA:309,0
DA:310,162
DA:311,162
DA:312,1
DA:313,1
DA:314,235
DA:315,235
DA:316,235
DA:317,235
DA:318,235
DA:319,235
DA:320,1
DA:321,1
DA:322,98
DA:323,98
DA:324,98
DA:325,1
DA:326,1
DA:327,3909
DA:328,3909
DA:329,3909
DA:330,3909
DA:331,3909
DA:332,3909
DA:333,1
DA:334,1
DA:335,0
DA:336,0
DA:337,0
DA:338,0
DA:339,0
DA:340,0
DA:341,0
DA:342,0
DA:343,0
DA:344,0
DA:345,1
DA:346,1
DA:347,590
DA:348,590
DA:349,590
DA:350,590
DA:351,590
DA:352,590
DA:353,1
DA:354,1
DA:355,73
DA:356,73
DA:357,73
DA:358,73
DA:359,73
DA:360,1
DA:361,1
DA:362,73
DA:363,73
DA:364,73
DA:365,1
DA:366,1
DA:367,438
DA:368,438
DA:369,438
DA:370,438
DA:371,0
DA:372,0
DA:373,0
DA:374,438
DA:375,1
DA:376,1
DA:377,20584
DA:378,0
DA:379,0
DA:380,20584
DA:381,1
DA:382,1
DA:383,0
DA:384,0
DA:385,0
DA:386,0
DA:387,1
LF:387
LH:325
BRDA:45,0,0,3
BRDA:75,1,0,209
BRDA:83,2,0,3909
BRDA:84,3,0,0
BRDA:84,4,0,0
BRDA:104,5,0,81
BRDA:105,6,0,0
BRDA:119,7,0,549
BRDA:129,8,0,4288
BRDA:135,9,0,4955
BRDA:147,10,0,0
BRDA:155,11,0,73
BRDA:168,12,0,73
BRDA:181,13,0,162
BRDA:187,14,0,162
BRDA:207,15,0,590
BRDA:216,16,0,2
BRDA:221,17,0,44
BRDA:230,18,0,6
BRDA:235,19,0,257
BRDA:244,20,0,162
BRDA:249,21,0,509
BRDA:254,22,0,25
BRDA:264,23,0,107
BRDA:270,24,0,41
BRDA:278,25,0,1320
BRDA:283,26,0,121
BRDA:292,27,0,162
BRDA:295,28,0,18
BRDA:295,29,0,0
BRDA:301,30,0,0
BRDA:306,31,0,0
BRDA:313,32,0,235
BRDA:321,33,0,98
BRDA:326,34,0,3909
BRDA:346,35,0,590
BRDA:354,36,0,73
BRDA:361,37,0,73
BRDA:366,38,0,438
BRDA:370,39,0,0
BRDA:376,40,0,20584
BRDA:377,41,0,0
BRF:42
BRH:33
end_of_record
TN:
SF:src/classes/objectSymbolStore.ts
FN:16,ObjectSymbolStore
FN:24,storeSymbols
FN:34,getSymbols
FN:42,getAllSymbols
FN:50,hasSymbols
FN:57,get objectCount
FN:64,clear
FNF:7
FNH:3
FNDA:213,ObjectSymbolStore
FNDA:290,storeSymbols
FNDA:0,getSymbols
FNDA:202,getAllSymbols
FNDA:0,hasSymbols
FNDA:0,get objectCount
FNDA:0,clear
DA:1,1
DA:2,1
DA:3,1
DA:4,1
DA:5,1
DA:6,1
DA:7,1
DA:8,1
DA:9,1
DA:10,1
DA:11,1
DA:12,1
DA:13,1
DA:14,1
DA:15,1
DA:16,213
DA:17,213
DA:18,213
DA:19,213
DA:20,213
DA:21,213
DA:22,213
DA:23,213
DA:24,213
DA:25,290
DA:26,290
DA:27,290
DA:28,213
DA:29,213
DA:30,213
DA:31,213
DA:32,213
DA:33,213
DA:34,213
DA:35,0
DA:36,0
DA:37,213
DA:38,213
DA:39,213
DA:40,213
DA:41,213
DA:42,213
DA:43,202
DA:44,202
DA:45,213
DA:46,213
DA:47,213
DA:48,213
DA:49,213
DA:50,213
DA:51,0
DA:52,0
DA:53,213
DA:54,213
DA:55,213
DA:56,213
DA:57,213
DA:58,0
DA:59,0
DA:60,213
DA:61,213
DA:62,213
DA:63,213
DA:64,213
DA:65,0
DA:66,0
DA:67,213
LF:67
LH:59
BRDA:16,0,0,213
BRDA:24,1,0,290
BRDA:42,2,0,202
BRF:3
BRH:3
end_of_record
TN:
SF:src/classes/objectSymbols.ts
FN:70,ObjectSymbols
FN:77,ensureCapacity
FN:93,Object.<anonymous>
FN:97,get length
FN:101,setReadOffset
FN:105,readNext
FN:112,writeSymbolName
FN:121,writePubMethod
FN:131,writePubConstant
FN:140,writePubStructure
FN:151,writeLong
FN:159,writeByte
FN:177,reset
FN:184,logMessage
FN:190,logMessageOutline
FNF:15
FNH:14
FNDA:209,ObjectSymbols
FNDA:110882,ensureCapacity
FNDA:0,Object.<anonymous>
FNDA:42335,get length
FNDA:242,setReadOffset
FNDA:42093,readNext
FNDA:7468,writeSymbolName
FNDA:388,writePubMethod
FNDA:7005,writePubConstant
FNDA:75,writePubStructure
FNDA:7005,writeLong
FNDA:110882,writeByte
FNDA:590,reset
FNDA:161033,logMessage
FNDA:9,logMessageOutline
DA:1,1
DA:2,1
DA:3,1
DA:4,1
DA:5,1
DA:6,1
DA:7,1
DA:8,1
DA:9,1
DA:10,1
DA:11,1
DA:12,1
DA:13,1
DA:14,1
DA:15,1
DA:16,1
DA:17,1
DA:18,1
DA:19,1
DA:20,1
DA:21,1
DA:22,1
DA:23,1
DA:24,1
DA:25,1
DA:26,1
DA:27,1
DA:28,1
DA:29,1
DA:30,1
DA:31,1
DA:32,1
DA:33,1
DA:34,1
DA:35,1
DA:36,1
DA:37,1
DA:38,1
DA:39,1
DA:40,1
DA:41,1
DA:42,1
DA:43,1
DA:44,1
DA:45,1
DA:46,1
DA:47,1
DA:48,1
DA:49,1
DA:50,1
DA:51,1
DA:52,1
DA:53,1
DA:54,1
DA:55,1
DA:56,1
DA:57,1
DA:58,1
DA:59,1
DA:60,1
DA:61,1
DA:62,1
DA:63,1
DA:64,1
DA:65,1
DA:66,1
DA:67,1
DA:68,1
DA:69,1
DA:70,1
DA:71,209
DA:72,209
DA:73,209
DA:74,209
DA:75,209
DA:76,1
DA:77,1
DA:78,110882
DA:79,9
DA:80,9
DA:81,9
DA:82,9
DA:83,9
DA:84,9
DA:85,9
DA:86,9
DA:87,110882
DA:88,0
DA:89,0
DA:90,0
DA:91,110882
DA:92,1
DA:93,1
DA:94,0
DA:95,0
DA:96,1
DA:97,1
DA:98,42335
DA:99,42335
DA:100,1
DA:101,1
DA:102,242
DA:103,242
DA:104,1
DA:105,1
DA:106,42093
DA:107,42093
DA:108,42093
DA:109,42093
DA:110,42093
DA:111,1
DA:112,1
DA:113,7468
DA:114,7468
DA:115,70966
DA:116,70966
DA:117,70966
DA:118,7468
DA:119,7468
DA:120,1
DA:121,1
DA:122,388
DA:123,388
DA:124,388
DA:125,388
DA:126,388
DA:127,388
DA:128,388
DA:129,388
DA:130,1
DA:131,1
DA:132,7005
DA:133,7005
DA:134,7005
DA:135,7005
DA:136,7005
DA:137,7005
DA:138,7005
DA:139,1
DA:140,1
DA:141,75
DA:142,75
DA:143,75
DA:144,75
DA:145,75
DA:146,75
DA:147,3652
DA:148,3652
DA:149,75
DA:150,1
DA:151,1
DA:152,7005
DA:153,7005
DA:154,7005
DA:155,7005
DA:156,7005
DA:157,7005
DA:158,1
DA:159,1
DA:160,110882
DA:161,110882
DA:162,110882
DA:163,110882
DA:164,110882
DA:165,1
DA:166,1
DA:167,1
DA:168,1
DA:169,1
DA:170,1
DA:171,1
DA:172,1
DA:173,1
DA:174,1
DA:175,1
DA:176,1
DA:177,1
DA:178,590
DA:179,590
DA:180,590
DA:181,590
DA:182,590
DA:183,1
DA:184,1
DA:185,161033
DA:186,0
DA:187,0
DA:188,161033
DA:189,1
DA:190,1
DA:191,9
DA:192,0
DA:193,0
DA:194,9
DA:195,1
LF:195
LH:186
BRDA:70,0,0,209
BRDA:77,1,0,110882
BRDA:78,2,0,9
BRDA:78,3,0,9
BRDA:81,4,0,0
BRDA:87,5,0,110873
BRDA:87,6,0,0
BRDA:97,7,0,42335
BRDA:101,8,0,242
BRDA:105,9,0,42093
BRDA:112,10,0,7468
[...]
DA:47,1
DA:48,1
DA:49,1
DA:50,1
DA:51,1
DA:52,1
DA:53,1
DA:54,0
DA:55,0
DA:56,0
DA:57,1
DA:58,1
DA:59,1
DA:60,1
DA:61,1
DA:62,1
DA:63,1
DA:64,1
DA:65,1
DA:66,1
DA:67,1
DA:68,1
DA:69,1
DA:70,1
DA:71,1
DA:72,1
DA:73,1
DA:74,1
DA:75,1
DA:76,1
DA:77,1
DA:78,1
DA:79,1
DA:80,1
DA:81,1
DA:82,1
DA:83,1
DA:84,1
DA:85,1
DA:86,1
DA:87,1
DA:88,1
DA:89,253581
DA:90,253581
DA:91,253581
DA:92,253581
DA:93,253581
DA:94,1
DA:95,1
DA:96,1
DA:97,1
DA:98,1
DA:99,1
DA:100,361188
DA:101,361188
DA:102,1
DA:103,1
DA:104,1
DA:105,1
DA:106,1
DA:107,1
DA:108,278235515
DA:109,278235515
DA:110,1
DA:111,1
DA:112,0
DA:113,0
DA:114,0
DA:115,0
DA:116,0
DA:117,1
DA:118,1
DA:119,1
DA:120,1
DA:121,1
DA:122,1
DA:123,0
DA:124,0
DA:125,1
DA:126,1
DA:127,1
DA:128,1
DA:129,1
DA:130,1
DA:131,0
DA:132,0
DA:133,1
DA:134,1
DA:135,1
DA:136,1
DA:137,1
DA:138,1
DA:139,1
DA:140,1
DA:141,253581
DA:142,253581
DA:143,56084
DA:144,21677
DA:145,21677
DA:146,21677
DA:147,56084
DA:148,253581
DA:149,253581
DA:150,1
LF:150
LH:135
BRDA:88,0,0,253581
BRDA:99,1,0,361188
BRDA:107,2,0,278235515
BRDA:140,3,0,253581
BRDA:142,4,0,56084
BRDA:143,5,0,25602
BRDA:143,6,0,21677
BRF:7
BRH:7
end_of_record
TN:
SF:src/classes/types.ts
FNF:0
FNH:0
DA:1,1
DA:2,1
DA:3,1
DA:4,1
DA:5,1
DA:6,1
DA:7,1
DA:8,3
DA:9,3
DA:10,3
DA:11,3
DA:12,3
DA:13,3
DA:14,3
DA:15,3
DA:16,3
DA:17,3
DA:18,3
DA:19,3
DA:20,3
DA:21,3
DA:22,3
DA:23,3
DA:24,3
DA:25,3
DA:26,3
DA:27,3
DA:28,3
DA:29,3
DA:30,3
DA:31,3
DA:32,3
DA:33,3
DA:34,3
DA:35,3
DA:36,3
DA:37,3
DA:38,3
DA:39,3
DA:40,3
DA:41,3
DA:42,3
DA:43,3
DA:44,3
DA:45,3
DA:46,3
DA:47,3
DA:48,3
DA:49,3
DA:50,3
DA:51,3
DA:52,3
DA:53,3
DA:54,3
DA:55,3
DA:56,3
DA:57,3
DA:58,3
DA:59,3
DA:60,3
DA:61,3
DA:62,3
DA:63,3
DA:64,3
DA:65,3
DA:66,3
DA:67,3
DA:68,3
DA:69,3
DA:70,3
DA:71,3
DA:72,3
DA:73,3
DA:74,3
DA:75,3
DA:76,3
DA:77,3
DA:78,3
DA:79,3
DA:80,3
DA:81,3
DA:82,3
DA:83,3
DA:84,3
DA:85,3
DA:86,3
DA:87,3
DA:88,3
DA:89,3
DA:90,3
DA:91,3
DA:92,3
DA:93,3
DA:94,3
DA:95,3
DA:96,3
DA:97,3
DA:98,3
DA:99,3
DA:100,3
DA:101,3
DA:102,3
DA:103,3
DA:104,3
DA:105,3
DA:106,3
DA:107,3
DA:108,3
DA:109,3
DA:110,3
DA:111,3
DA:112,3
DA:113,3
DA:114,3
DA:115,3
DA:116,3
DA:117,3
DA:118,3
DA:119,3
DA:120,3
DA:121,3
DA:122,3
DA:123,3
DA:124,3
DA:125,3
DA:126,3
DA:127,3
DA:128,3
DA:129,3
DA:130,3
DA:131,3
DA:132,3
DA:133,3
DA:134,1
DA:135,3
DA:136,3
DA:137,3
DA:138,3
DA:139,3
DA:140,3
DA:141,3
DA:142,3
DA:143,3
DA:144,3
DA:145,3
DA:146,3
DA:147,3
DA:148,3
DA:149,3
DA:150,3
DA:151,3
DA:152,3
DA:153,3
DA:154,3
DA:155,3
DA:156,3
DA:157,3
DA:158,3
DA:159,3
DA:160,3
DA:161,3
DA:162,3
DA:163,3
DA:164,3
DA:165,3
DA:166,3
DA:167,3
DA:168,3
DA:169,3
DA:170,3
DA:171,3
DA:172,3
DA:173,3
DA:174,3
DA:175,3
DA:176,3
DA:177,3
DA:178,3
DA:179,3
DA:180,3
DA:181,3
DA:182,3
DA:183,3
DA:184,3
DA:185,3
DA:186,3
DA:187,3
DA:188,3
DA:189,3
DA:190,3
DA:191,3
DA:192,3
DA:193,3
DA:194,3
DA:195,3
DA:196,3
DA:197,3
DA:198,3
DA:199,3
DA:200,3
DA:201,3
DA:202,3
DA:203,3
DA:204,3
DA:205,3
DA:206,3
DA:207,3
DA:208,3
DA:209,3
DA:210,3
DA:211,3
DA:212,3
DA:213,3
DA:214,3
DA:215,3
DA:216,3
DA:217,3
DA:218,3
DA:219,3
DA:220,3
DA:221,3
DA:222,3
DA:223,3
DA:224,3
DA:225,3
DA:226,3
DA:227,3
DA:228,3
DA:229,3
DA:230,3
DA:231,3
DA:232,3
DA:233,1
DA:234,3
DA:235,3
DA:236,3
DA:237,3
DA:238,3
DA:239,3
DA:240,3
DA:241,3
DA:242,3
DA:243,3
DA:244,3
DA:245,1
DA:246,3
DA:247,3
DA:248,3
DA:249,3
DA:250,3
DA:251,3
DA:252,3
DA:253,3
DA:254,3
DA:255,3
DA:256,3
DA:257,3
DA:258,3
DA:259,3
DA:260,3
DA:261,3
DA:262,3
DA:263,3
DA:264,3
DA:265,3
DA:266,3
DA:267,3
DA:268,3
DA:269,3
DA:270,3
DA:271,3
DA:272,3
DA:273,3
DA:274,3
DA:275,3
DA:276,3
DA:277,3
DA:278,3
DA:279,3
DA:280,3
DA:281,3
DA:282,3
DA:283,3
DA:284,3
DA:285,3
DA:286,3
DA:287,3
DA:288,3
DA:289,3
DA:290,3
DA:291,3
DA:292,3
DA:293,3
DA:294,3
DA:295,3
DA:296,3
DA:297,3
DA:298,3
DA:299,3
DA:300,3
DA:301,3
DA:302,3
DA:303,3
DA:304,3
DA:305,3
DA:306,3
DA:307,3
DA:308,3
DA:309,3
DA:310,3
DA:311,3
DA:312,3
DA:313,3
DA:314,3
DA:315,3
DA:316,3
DA:317,3
DA:318,3
DA:319,3
DA:320,3
DA:321,3
DA:322,3
DA:323,3
DA:324,3
DA:325,3
DA:326,3
DA:327,3
DA:328,3
DA:329,3
DA:330,3
DA:331,3
DA:332,3
DA:333,3
DA:334,3
DA:335,3
DA:336,3
DA:337,3
DA:338,3
DA:339,3
DA:340,3
DA:341,3
DA:342,3
DA:343,3
DA:344,3
DA:345,3
DA:346,3
DA:347,3
DA:348,3
DA:349,3
DA:350,3
DA:351,3
DA:352,3
DA:353,3
DA:354,3
DA:355,3
DA:356,3
DA:357,3
DA:358,3
DA:359,3
DA:360,3
DA:361,3
DA:362,3
DA:363,3
DA:364,3
DA:365,3
DA:366,3
DA:367,3
DA:368,3
DA:369,3
DA:370,3
DA:371,3
DA:372,3
DA:373,3
DA:374,3
DA:375,3
DA:376,3
DA:377,3
DA:378,3
DA:379,3
DA:380,3
DA:381,3
DA:382,3
DA:383,3
DA:384,3
DA:385,3
DA:386,3
DA:387,3
DA:388,3
DA:389,3
DA:390,3
DA:391,3
DA:392,3
DA:393,3
DA:394,3
DA:395,3
DA:396,3
DA:397,3
DA:398,3
DA:399,3
DA:400,3
DA:401,3
DA:402,3
DA:403,3
DA:404,3
DA:405,3
DA:406,3
DA:407,3
DA:408,3
DA:409,3
DA:410,3
DA:411,3
DA:412,3
DA:413,3
DA:414,3
DA:415,3
DA:416,3
DA:417,3
DA:418,3
DA:419,3
DA:420,3
DA:421,3
DA:422,3
DA:423,3
DA:424,3
DA:425,3
DA:426,3
DA:427,3
DA:428,3
DA:429,3
DA:430,3
DA:431,3
DA:432,3
DA:433,3
DA:434,3
DA:435,3
DA:436,3
DA:437,3
DA:438,3
DA:439,3
DA:440,3
DA:441,3
DA:442,3
DA:443,3
DA:444,3
DA:445,3
DA:446,3
DA:447,3
DA:448,3
DA:449,3
DA:450,3
DA:451,3
DA:452,3
DA:453,3
DA:454,3
DA:455,3
DA:456,3
DA:457,3
DA:458,3
DA:459,3
DA:460,3
DA:461,3
DA:462,3
DA:463,3
DA:464,3
DA:465,3
DA:466,3
DA:467,3
DA:468,3
DA:469,3
DA:470,3
DA:471,3
DA:472,3
DA:473,3
DA:474,3
DA:475,3
DA:476,3
DA:477,3
DA:478,3
DA:479,3
DA:480,3
DA:481,3
DA:482,3
DA:483,3
DA:484,3
DA:485,3
DA:486,3
DA:487,3
DA:488,3
DA:489,3
DA:490,3
DA:491,3
DA:492,3
DA:493,3
DA:494,3
DA:495,3
DA:496,3
DA:497,3
DA:498,3
DA:499,3
DA:500,3
DA:501,3
DA:502,3
DA:503,3
DA:504,3
DA:505,3
DA:506,3
DA:507,3
DA:508,3
DA:509,3
DA:510,3
DA:511,3
DA:512,3
DA:513,3
DA:514,3
DA:515,3
DA:516,3
DA:517,3
DA:518,3
DA:519,1
DA:520,3
DA:521,3
DA:522,3
DA:523,3
DA:524,3
DA:525,3
DA:526,3
DA:527,3
DA:528,3
DA:529,3
DA:530,3
DA:531,3
DA:532,3
DA:533,3
DA:534,3
DA:535,3
DA:536,3
DA:537,3
DA:538,3
DA:539,3
DA:540,3
DA:541,3
DA:542,3
DA:543,3
DA:544,3
DA:545,3
DA:546,3
DA:547,3
DA:548,3
DA:549,3
DA:550,3
DA:551,3
DA:552,3
DA:553,3
DA:554,3
DA:555,3
DA:556,3
DA:557,3
DA:558,3
DA:559,3
DA:560,3
DA:561,3
DA:562,3
DA:563,3
DA:564,3
DA:565,3
DA:566,3
DA:567,3
DA:568,3
DA:569,3
DA:570,3
DA:571,3
DA:572,3
DA:573,3
DA:574,3
DA:575,3
DA:576,3
DA:577,3
DA:578,3
DA:579,3
DA:580,3
DA:581,3
DA:582,3
DA:583,3
DA:584,3
DA:585,3
DA:586,3
DA:587,3
DA:588,3
DA:589,3
DA:590,3
DA:591,3
DA:592,3
DA:593,3
DA:594,3
DA:595,3
DA:596,3
DA:597,3
DA:598,3
DA:599,3
DA:600,3
DA:601,3
DA:602,3
DA:603,3
DA:604,3
DA:605,3
DA:606,3
DA:607,3
DA:608,3
DA:609,3
DA:610,3
DA:611,3
DA:612,3
DA:613,3
DA:614,3
DA:615,3
DA:616,3
DA:617,3
DA:618,3
DA:619,3
DA:620,3
DA:621,3
DA:622,3
DA:623,3
DA:624,3
DA:625,3
DA:626,3
DA:627,3
DA:628,3
DA:629,3
DA:630,3
DA:631,3
DA:632,3
DA:633,3
DA:634,3
DA:635,3
DA:636,3
DA:637,3
DA:638,3
DA:639,3
DA:640,3
DA:641,3
DA:642,3
DA:643,3
DA:644,3
DA:645,3
DA:646,3
DA:647,3
DA:648,3
DA:649,3
DA:650,3
DA:651,3
DA:652,3
DA:653,3
DA:654,3
DA:655,3
DA:656,3
DA:657,3
DA:658,3
DA:659,3
DA:660,3
DA:661,3
DA:662,3
DA:663,3
DA:664,3
DA:665,3
DA:666,3
DA:667,3
DA:668,3
DA:669,3
DA:670,3
DA:671,3
DA:672,3
DA:673,3
DA:674,3
DA:675,3
DA:676,3
DA:677,3
DA:678,3
DA:679,3
DA:680,3
DA:681,3
DA:682,3
DA:683,3
DA:684,3
DA:685,3
DA:686,3
DA:687,3
DA:688,3
DA:689,3
DA:690,3
DA:691,3
DA:692,3
DA:693,3
DA:694,3
DA:695,3
DA:696,3
DA:697,3
DA:698,3
DA:699,3
DA:700,3
DA:701,3
DA:702,3
DA:703,3
DA:704,3
DA:705,3
DA:706,3
DA:707,3
DA:708,3
DA:709,3
DA:710,3
DA:711,3
DA:712,3
DA:713,3
DA:714,3
DA:715,3
DA:716,3
DA:717,3
DA:718,3
DA:719,3
DA:720,3
DA:721,3
DA:722,3
DA:723,3
DA:724,3
DA:725,3
DA:726,3
DA:727,3
DA:728,3
DA:729,3
DA:730,3
DA:731,3
DA:732,3
DA:733,3
DA:734,3
DA:735,3
DA:736,3
DA:737,3
DA:738,3
DA:739,3
DA:740,3
DA:741,3
DA:742,3
DA:743,3
DA:744,3
DA:745,3
DA:746,3
DA:747,3
DA:748,3
DA:749,3
DA:750,3
DA:751,3
DA:752,3
DA:753,3
DA:754,3
DA:755,3
DA:756,3
DA:757,3
DA:758,3
DA:759,3
DA:760,3
DA:761,3
DA:762,3
DA:763,3
DA:764,3
DA:765,3
DA:766,3
DA:767,3
DA:768,3
DA:769,3
DA:770,3
DA:771,3
DA:772,3
DA:773,3
DA:774,3
DA:775,3
DA:776,3
DA:777,3
DA:778,3
DA:779,3
DA:780,3
DA:781,3
DA:782,3
DA:783,3
DA:784,3
DA:785,3
DA:786,3
DA:787,3
DA:788,3
DA:789,3
DA:790,3
DA:791,3
DA:792,3
DA:793,3
DA:794,3
DA:795,3
DA:796,3
DA:797,3
DA:798,3
DA:799,3
DA:800,3
DA:801,3
DA:802,3
DA:803,3
DA:804,3
DA:805,3
DA:806,3
DA:807,3
DA:808,3
DA:809,3
DA:810,3
DA:811,3
DA:812,3
DA:813,3
DA:814,3
DA:815,3
DA:816,3
DA:817,3
DA:818,3
DA:819,3
DA:820,3
DA:821,3
DA:822,3
DA:823,3
DA:824,3
DA:825,3
DA:826,3
DA:827,3
DA:828,3
DA:829,3
DA:830,3
DA:831,3
DA:832,3
DA:833,3
DA:834,3
DA:835,3
DA:836,3
DA:837,3
DA:838,3
DA:839,3
DA:840,3
DA:841,3
DA:842,3
DA:843,3
DA:844,3
DA:845,3
DA:846,3
DA:847,3
DA:848,3
DA:849,3
DA:850,3
DA:851,3
DA:852,3
DA:853,3
DA:854,3
DA:855,3
DA:856,3
DA:857,3
DA:858,3
DA:859,3
DA:860,3
DA:861,3
DA:862,3
DA:863,3
DA:864,3
DA:865,3
DA:866,3
DA:867,3
DA:868,3
DA:869,3
DA:870,3
DA:871,3
DA:872,3
DA:873,3
DA:874,3
DA:875,3
DA:876,3
DA:877,3
DA:878,3
DA:879,3
DA:880,3
DA:881,1
DA:882,3
DA:883,3
DA:884,3
DA:885,3
DA:886,3
DA:887,3
DA:888,3
DA:889,3
DA:890,3
DA:891,3
DA:892,3
DA:893,3
DA:894,3
DA:895,3
DA:896,3
DA:897,3
DA:898,3
DA:899,3
DA:900,3
DA:901,3
DA:902,3
DA:903,3
DA:904,3
DA:905,3
DA:906,3
DA:907,3
DA:908,3
DA:909,3
DA:910,3
DA:911,3
DA:912,3
DA:913,3
DA:914,3
DA:915,3
DA:916,3
DA:917,3
DA:918,3
DA:919,3
DA:920,3
DA:921,3
DA:922,3
DA:923,3
DA:924,3
DA:925,3
DA:926,3
DA:927,3
DA:928,3
DA:929,3
DA:930,3
DA:931,3
DA:932,3
DA:933,3
DA:934,3
DA:935,3
DA:936,3
DA:937,3
DA:938,3
DA:939,3
DA:940,3
DA:941,3
DA:942,3
DA:943,3
DA:944,3
DA:945,3
DA:946,3
DA:947,3
DA:948,3
DA:949,3
DA:950,3
DA:951,3
DA:952,3
DA:953,3
DA:954,3
DA:955,3
DA:956,3
DA:957,3
DA:958,3
DA:959,3
DA:960,3
DA:961,3
LF:961
LH:961
BRDA:8,0,0,3
BRDA:135,1,0,3
BRDA:234,2,0,3
BRDA:246,3,0,3
BRDA:520,4,0,3
BRDA:882,5,0,3
BRF:6
BRH:6
end_of_record
TN:
SF:src/utils/context.ts
FN:82,SourceFiles
FN:85,addFile
FN:91,getFile
FN:103,getTopFile
FN:110,getFileHavingID
FN:114,getFileAtIndex
FN:121,getFileIndex
FN:125,get fileCount
FN:129,hasFile
FN:134,logContextState
FN:168,Context
FNF:11
FNH:9
FNDA:213,SourceFiles
FNDA:258,addFile
FNDA:89,getFile
FNDA:411,getTopFile
FNDA:304884,getFileHavingID
FNDA:104,getFileAtIndex
FNDA:290,getFileIndex
FNDA:0,get fileCount
FNDA:258,hasFile
FNDA:0,logContextState
FNDA:213,Context
DA:1,1
DA:2,1
DA:3,1
DA:4,1
DA:5,1
DA:6,1
DA:7,1
DA:8,1
DA:9,1
DA:10,1
DA:11,1
DA:12,1
DA:13,1
DA:14,1
DA:15,1
DA:16,1
DA:17,1
DA:18,1
DA:19,1
DA:20,1
DA:21,1
DA:22,1
DA:23,1
DA:24,1
DA:25,1
DA:26,1
DA:27,1
DA:28,1
DA:29,1
DA:30,1
DA:31,1
DA:32,1
DA:33,1
DA:34,1
DA:35,1
DA:36,1
DA:37,1
DA:38,1
DA:39,1
DA:40,1
DA:41,1
DA:42,1
DA:43,1
DA:44,1
DA:45,1
DA:46,1
DA:47,1
DA:48,1
DA:49,1
DA:50,1
DA:51,1
DA:52,1
DA:53,1
DA:54,1
DA:55,1
DA:56,1
DA:57,1
DA:58,1
DA:59,1
DA:60,1
DA:61,1
DA:62,1
DA:63,1
DA:64,1
DA:65,1
DA:66,1
DA:67,1
DA:68,1
DA:69,1
DA:70,1
DA:71,1
DA:72,1
DA:73,1
DA:74,1
DA:75,1
DA:76,1
DA:77,1
DA:78,1
DA:79,1
DA:80,1
DA:81,1
DA:82,213
DA:83,213
DA:84,213
DA:85,213
DA:86,258
DA:87,258
DA:88,258
DA:89,258
DA:90,213
DA:91,213
DA:92,89
DA:93,89
DA:94,89
DA:95,210
DA:96,210
DA:97,41
DA:98,41
DA:99,210
DA:100,89
DA:101,89
DA:102,213
DA:103,213
DA:104,411
DA:105,0
DA:106,0
DA:107,411
DA:108,411
DA:109,213
DA:110,213
DA:111,304884
DA:112,304884
DA:113,213
DA:114,213
DA:115,104
DA:116,72
DA:117,72
DA:118,32
DA:119,32
DA:120,213
DA:121,213
DA:122,290
DA:123,290
DA:124,213
DA:125,213
DA:126,0
DA:127,0
DA:128,213
DA:129,213
DA:130,258
DA:131,258
DA:132,213
DA:133,1
DA:134,0
DA:135,0
DA:136,0
DA:137,0
DA:138,0
DA:139,0
DA:140,0
DA:141,0
DA:142,0
DA:143,0
DA:144,0
DA:145,0
DA:146,0
DA:147,0
DA:148,1
DA:149,1
DA:150,1
DA:151,1
DA:152,1
DA:153,1
DA:154,1
DA:155,1
DA:156,1
DA:157,1
DA:158,1
DA:159,1
DA:160,1
DA:161,1
DA:162,1
DA:163,1
DA:164,1
DA:165,1
DA:166,1
DA:167,1
DA:168,1
DA:169,213
DA:170,213
DA:171,213
DA:172,213
DA:173,213
DA:174,213
DA:175,213
DA:176,213
DA:177,213
DA:178,213
DA:179,213
DA:180,213
DA:181,213
DA:182,213
DA:183,213
DA:184,213
DA:185,213
DA:186,213
DA:187,213
DA:188,213
DA:189,213
DA:190,213
DA:191,213
DA:192,213
DA:193,213
DA:194,213
DA:195,213
DA:196,213
DA:197,213
DA:198,213
DA:199,213
DA:200,213
DA:201,213
DA:202,213
DA:203,213
DA:204,213
DA:205,213
DA:206,213
DA:207,213
DA:208,213
DA:209,213
DA:210,213
DA:211,213
DA:212,213
DA:213,213
DA:214,213
DA:215,213
DA:216,213
DA:217,213
DA:218,213
DA:219,213
DA:220,0
DA:221,0
DA:222,213
DA:223,213
DA:224,213
DA:225,213
DA:226,213
DA:227,213
DA:228,213
DA:229,1
LF:229
LH:209
BRDA:82,0,0,213
BRDA:85,1,0,258
BRDA:91,2,0,89
BRDA:94,3,0,210
BRDA:96,4,0,41
BRDA:103,5,0,411
BRDA:104,6,0,0
BRDA:110,7,0,304884
BRDA:111,8,0,323530
BRDA:114,9,0,104
BRDA:115,10,0,72
BRDA:118,11,0,32
BRDA:121,12,0,290
BRDA:129,13,0,258
BRDA:130,14,0,72
BRDA:168,15,0,213
BRDA:219,16,0,0
BRF:17
BRH:15
end_of_record
TN:
SF:src/utils/dumpUtils.ts
FN:10,dumpBytes
FN:52,debugMessage
FNF:2
FNH:0
FNDA:0,dumpBytes
FNDA:0,debugMessage
DA:1,1
DA:2,1
DA:3,1
DA:4,1
DA:5,1
DA:6,1
DA:7,1
DA:8,1
DA:9,1
DA:10,0
DA:11,0
DA:12,0
DA:13,0
DA:14,0
DA:15,0
DA:16,0
DA:17,0
DA:18,0
DA:19,0
DA:20,0
DA:21,0
DA:22,0
DA:23,0
DA:24,0
DA:25,0
DA:26,0
DA:27,0
DA:28,0
DA:29,0
DA:30,0
DA:31,0
DA:32,0
DA:33,0
DA:34,0
DA:35,0
DA:36,0
DA:37,0
DA:38,0
DA:39,0
DA:40,0
DA:41,0
DA:42,0
DA:43,0
DA:44,0
DA:45,0
DA:46,0
DA:47,0
DA:48,0
DA:49,0
DA:50,0
DA:51,1
DA:52,0
DA:53,0
DA:54,0
LF:54
LH:10
BRF:0
BRH:0
end_of_record
TN:
SF:src/utils/fileUtils.ts
FN:12,getSourceSymbol
FNF:1
FNH:1
FNDA:304877,getSourceSymbol
DA:1,1
DA:2,1
DA:3,1
DA:4,1
DA:5,1
DA:6,1
DA:7,1
DA:8,1
DA:9,1
DA:10,1
DA:11,1
DA:12,304877
DA:13,304877
DA:14,304877
DA:15,304877
DA:16,197793
DA:17,197793
DA:18,197793
DA:19,197793
DA:20,197793
DA:21,197793
DA:22,304877
DA:23,304877
LF:23
LH:23
BRDA:12,0,0,304877
BRDA:15,1,0,197793
BRF:2
BRH:2
end_of_record
TN:
SF:src/utils/files.ts
FN:14,libraryDir
FN:24,fileSpecFromURI
FN:35,isSpin1File
FN:45,isSpin2File
FN:55,isSpinExt
FN:64,fileExists
FN:73,fileSize
FN:92,locateIncludeFile
FN:122,locateSpin2File
FN:168,locateDataFile
FN:205,dirExists
FN:219,loadFileAsString
FN:248,loadFileAsUint8Array
FN:275,loadUint8ArrayFailed
FN:285,dumpUniqueChildObjectFile
FN:306,dumpUniqueObjectFile
FNF:16
FNH:12
FNDA:0,libraryDir
FNDA:516,fileSpecFromURI
FNDA:258,isSpin1File
FNDA:395,isSpin2File
FNDA:0,isSpinExt
FNDA:2150,fileExists
FNDA:770,fileSize
FNDA:1,locateIncludeFile
FNDA:136,locateSpin2File
FNDA:12,locateDataFile
FNDA:2,dirExists
FNDA:258,loadFileAsString
FNDA:770,loadFileAsUint8Array
FNDA:770,loadUint8ArrayFailed
FNDA:0,dumpUniqueChildObjectFile
FNDA:0,dumpUniqueObjectFile
DA:1,1
DA:2,1
DA:3,1
DA:4,1
DA:5,1
DA:6,1
DA:7,1
DA:8,1
DA:9,1
DA:10,1
DA:11,1
DA:12,1
DA:13,1
DA:14,0
DA:15,0
DA:16,0
DA:17,1
DA:18,1
DA:19,1
DA:20,1
DA:21,1
DA:22,1
DA:23,1
DA:24,516
DA:25,516
DA:26,516
DA:27,516
DA:28,516
DA:29,1
DA:30,1
DA:31,1
DA:32,1
DA:33,1
DA:34,1
DA:35,258
DA:36,258
DA:37,258
DA:38,258
DA:39,1
DA:40,1
DA:41,1
DA:42,1
DA:43,1
DA:44,1
DA:45,395
DA:46,395
DA:47,395
DA:48,395
DA:49,1
DA:50,1
DA:51,1
DA:52,1
DA:53,1
DA:54,1
DA:55,0
DA:56,0
DA:57,0
DA:58,1
DA:59,1
DA:60,1
DA:61,1
DA:62,1
DA:63,1
DA:64,2150
DA:65,2150
DA:66,2150
DA:67,1941
DA:68,1941
DA:69,1941
DA:70,2150
DA:71,2150
DA:72,1
DA:73,770
DA:74,770
DA:75,770
DA:76,770
DA:77,770
DA:78,770
DA:79,770
DA:80,770
DA:81,1
DA:82,1
DA:83,1
DA:84,1
DA:85,1
DA:86,1
DA:87,1
DA:88,1
DA:89,1
DA:90,1
DA:91,1
DA:92,1
DA:93,1
DA:94,1
DA:95,1
DA:96,1
DA:97,1
DA:98,1
DA:99,1
DA:100,1
DA:101,1
DA:102,1
DA:103,1
DA:104,1
DA:105,0
DA:106,0
DA:107,0
DA:108,0
DA:109,0
DA:110,1
DA:111,1
DA:112,1
DA:113,1
DA:114,1
DA:115,1
DA:116,1
DA:117,1
DA:118,1
DA:119,1
DA:120,1
DA:121,1
DA:122,136
DA:123,136
DA:124,136
DA:125,136
DA:126,136
DA:127,136
DA:128,136
DA:129,136
DA:130,136
DA:131,0
DA:132,0
DA:133,0
DA:134,0
DA:135,0
DA:136,0
DA:137,0
DA:138,136
DA:139,136
DA:140,0
DA:141,0
DA:142,0
DA:143,0
DA:144,0
DA:145,0
DA:146,0
DA:147,0
DA:148,0
DA:149,0
DA:150,0
DA:151,0
DA:152,0
DA:153,136
DA:154,136
DA:155,136
DA:156,136
DA:157,136
DA:158,136
DA:159,1
DA:160,1
DA:161,1
DA:162,1
DA:163,1
DA:164,1
DA:165,1
DA:166,1
DA:167,1
DA:168,12
DA:169,12
DA:170,12
DA:171,12
DA:172,12
DA:173,12
DA:174,12
DA:175,12
DA:176,12
DA:177,12
DA:178,12
DA:179,0
DA:180,0
DA:181,0
DA:182,0
DA:183,0
DA:184,0
DA:185,0
DA:186,12
DA:187,12
DA:188,0
DA:189,0
DA:190,0
DA:191,0
DA:192,0
DA:193,0
DA:194,0
DA:195,0
DA:196,0
DA:197,0
DA:198,0
DA:199,0
DA:200,0
DA:201,12
DA:202,12
DA:203,12
DA:204,1
DA:205,2
DA:206,2
DA:207,2
DA:208,2
DA:209,2
DA:210,2
DA:211,2
DA:212,2
DA:213,1
DA:214,1
DA:215,1
DA:216,1
DA:217,1
DA:218,1
DA:219,258
DA:220,258
DA:221,258
DA:222,258
DA:223,258
DA:224,258
DA:225,258
DA:226,258
DA:227,258
DA:228,258
DA:229,258
DA:230,258
DA:231,0
DA:232,0
DA:233,258
DA:234,258
DA:235,0
DA:236,0
DA:237,258
DA:238,0
DA:239,0
DA:240,258
DA:241,0
DA:242,0
DA:243,258
DA:244,258
DA:245,1
DA:246,1
DA:247,1
DA:248,770
DA:249,770
DA:250,770
DA:251,770
DA:252,770
DA:253,770
DA:254,770
DA:255,770
DA:256,0
DA:257,0
DA:258,770
DA:259,0
DA:260,0
DA:261,770
DA:262,770
DA:263,0
DA:264,0
DA:265,770
DA:266,770
DA:267,770
DA:268,0
DA:269,0
DA:270,0
DA:271,770
DA:272,770
DA:273,770
DA:274,1
DA:275,770
DA:276,770
DA:277,770
DA:278,770
DA:279,770
DA:280,770
DA:281,770
DA:282,770
DA:283,770
DA:284,1
DA:285,0
DA:286,0
DA:287,0
DA:288,0
DA:289,0
DA:290,0
DA:291,0
DA:292,0
DA:293,0
DA:294,0
DA:295,0
DA:296,0
DA:297,0
DA:298,0
DA:299,0
DA:300,0
DA:301,0
DA:302,0
DA:303,0
DA:304,0
DA:305,1
DA:306,0
DA:307,0
DA:308,0
DA:309,0
DA:310,0
DA:311,0
DA:312,0
DA:313,0
DA:314,0
DA:315,0
DA:316,0
DA:317,0
DA:318,0
DA:319,0
DA:320,0
LF:320
LH:217
BRDA:24,0,0,516
BRDA:35,1,0,258
BRDA:45,2,0,395
BRDA:64,3,0,2150
BRDA:66,4,0,1941
BRDA:73,5,0,770
BRDA:92,6,0,1
BRDA:104,7,0,0
BRDA:104,8,0,0
BRDA:104,9,0,0
BRDA:122,10,0,136
BRDA:130,11,0,0
BRDA:139,12,0,0
BRDA:139,13,0,0
BRDA:168,14,0,12
BRDA:178,15,0,0
BRDA:187,16,0,0
BRDA:187,17,0,0
BRDA:187,18,0,0
BRDA:205,19,0,2
BRDA:219,20,0,258
BRDA:230,21,0,0
BRDA:234,22,0,0
BRDA:237,23,0,0
BRDA:240,24,0,0
BRDA:248,25,0,770
BRDA:255,26,0,0
BRDA:258,27,0,0
BRDA:262,28,0,0
BRDA:267,29,0,0
BRDA:275,30,0,770
BRDA:278,31,0,0
BRF:32
BRH:13
end_of_record
TN:
SF:src/utils/float32.ts
FN:7,hexString
FN:16,stringToFloat32
FN:38,float32ToHexString
FN:45,float32ToString
FN:52,hexStringToFloat64
FN:63,bigIntFloat32ToNumber
FN:77,numberToBigIntFloat32
FNF:7
FNH:5
FNDA:0,hexString
FNDA:341,stringToFloat32
FNDA:1690285,float32ToHexString
FNDA:342,float32ToString
FNDA:0,hexStringToFloat64
FNDA:368,bigIntFloat32ToNumber
FNDA:148,numberToBigIntFloat32
DA:1,1
DA:2,1
DA:3,1
DA:4,1
DA:5,1
DA:6,1
DA:7,0
DA:8,0
DA:9,0
DA:10,0
DA:11,0
DA:12,0
DA:13,0
DA:14,0
DA:15,1
DA:16,341
DA:17,341
DA:18,341
DA:19,341
DA:20,341
DA:21,341
DA:22,341
DA:23,341
DA:24,341
DA:25,341
DA:26,341
DA:27,341
DA:28,341
DA:29,341
DA:30,341
DA:31,341
DA:32,341
DA:33,341
DA:34,341
DA:35,341
DA:36,341
DA:37,1
DA:38,1690285
DA:39,1690285
DA:40,1690285
DA:41,1690285
DA:42,1690285
DA:43,1
DA:44,1
DA:45,342
DA:46,342
DA:47,342
DA:48,342
DA:49,342
DA:50,342
DA:51,1
DA:52,0
DA:53,0
DA:54,0
DA:55,0
DA:56,0
DA:57,0
DA:58,0
DA:59,1
DA:60,1
DA:61,1
DA:62,1
DA:63,368
DA:64,368
DA:65,368
DA:66,368
DA:67,368
DA:68,368
DA:69,368
DA:70,368
DA:71,368
DA:72,368
DA:73,368
DA:74,368
DA:75,368
DA:76,1
DA:77,148
DA:78,148
DA:79,148
DA:80,148
DA:81,148
DA:82,148
DA:83,148
DA:84,148
DA:85,148
DA:86,148
DA:87,148
DA:88,148
DA:89,148
LF:89
LH:74
BRDA:16,0,0,341
BRDA:38,1,0,1690285
BRDA:45,2,0,342
BRDA:63,3,0,368
BRDA:77,4,0,148
BRF:5
BRH:5
end_of_record
TN:
SF:src/utils/formatUtils.ts
FN:7,hexByte
FN:11,hexWord
FN:15,hexLong
FN:20,hexAddress
FNF:4
FNH:4
FNDA:6146452,hexByte
FNDA:7922,hexWord
FNDA:113265,hexLong
FNDA:3292864,hexAddress
DA:1,1
DA:2,1
DA:3,1
DA:4,1
DA:5,1
DA:6,1
DA:7,6146452
DA:8,6146452
DA:9,6146452
DA:10,1
DA:11,7922
DA:12,7922
DA:13,7922
DA:14,1
DA:15,113265
DA:16,113265
DA:17,113265
DA:18,113265
DA:19,1
DA:20,3292864
DA:21,3292864
DA:22,3292864
DA:23,3292864
LF:23
LH:23
BRDA:7,0,0,6146452
BRDA:11,1,0,7922
BRDA:15,2,0,113265
BRDA:20,3,0,3292864
BRF:4
BRH:4
end_of_record
